Using TensorFlow backend.
/users/PAS1383/osu10171/.conda/envs/local/lib/python2.7/site-packages/h5py/__init__.py:34: FutureWarning: Conversion of the second argument of issubdtype from `float` to `np.floating` is deprecated. In future, it will be treated as `np.float64 == np.dtype(float).type`.
  from ._conv import register_converters as _register_converters
 
Found data with correct size
 
/users/PAS1383/osu10171/.conda/envs/local/lib/python2.7/site-packages/sklearn/cross_validation.py:41: DeprecationWarning: This module was deprecated in version 0.18 in favor of the model_selection module into which all the refactored classes and functions are moved. Also note that the interface of the new CV iterators are different from that of this module. This module will be removed in 0.20.
  "This module will be removed in 0.20.", DeprecationWarning)
 
Found model
 
2018-08-02 14:00:13.418518: W tensorflow/core/platform/cpu_feature_guard.cc:45] The TensorFlow library wasn't compiled to use SSE4.1 instructions, but these are available on your machine and could speed up CPU computations.
2018-08-02 14:00:13.418553: W tensorflow/core/platform/cpu_feature_guard.cc:45] The TensorFlow library wasn't compiled to use SSE4.2 instructions, but these are available on your machine and could speed up CPU computations.
 
Pulling kfold 0 from previous runs
 
Bad saved trial. Testing acc <0.9%. Rerunning ...
 
Train on 3800 samples, validate on 950 samples
Epoch 1/500
67s - loss: 0.2920 - acc: 0.8929 - val_loss: 0.4542 - val_acc: 0.8505
Epoch 2/500
65s - loss: 0.2865 - acc: 0.8984 - val_loss: 0.4373 - val_acc: 0.8589
Epoch 3/500
65s - loss: 0.2850 - acc: 0.8913 - val_loss: 0.4493 - val_acc: 0.8547
Epoch 4/500
65s - loss: 0.2951 - acc: 0.8882 - val_loss: 0.4480 - val_acc: 0.8568
Epoch 5/500
65s - loss: 0.2918 - acc: 0.8937 - val_loss: 0.4792 - val_acc: 0.8432
Epoch 6/500
65s - loss: 0.2990 - acc: 0.8887 - val_loss: 0.5045 - val_acc: 0.8368
Epoch 7/500
65s - loss: 0.3182 - acc: 0.8826 - val_loss: 0.5001 - val_acc: 0.8411
Epoch 8/500
65s - loss: 0.2975 - acc: 0.8929 - val_loss: 0.4813 - val_acc: 0.8421
Epoch 9/500
65s - loss: 0.2807 - acc: 0.8903 - val_loss: 0.4757 - val_acc: 0.8421
Epoch 10/500
65s - loss: 0.2979 - acc: 0.8887 - val_loss: 0.4625 - val_acc: 0.8463
Epoch 11/500
65s - loss: 0.2912 - acc: 0.8961 - val_loss: 0.4514 - val_acc: 0.8495
Epoch 12/500
65s - loss: 0.3047 - acc: 0.8874 - val_loss: 0.4535 - val_acc: 0.8495
Epoch 13/500
65s - loss: 0.3049 - acc: 0.8879 - val_loss: 0.4542 - val_acc: 0.8474
Epoch 14/500
65s - loss: 0.3013 - acc: 0.8889 - val_loss: 0.4571 - val_acc: 0.8505
Epoch 15/500
65s - loss: 0.2956 - acc: 0.8879 - val_loss: 0.4595 - val_acc: 0.8484
Epoch 16/500
66s - loss: 0.2818 - acc: 0.9003 - val_loss: 0.4603 - val_acc: 0.8453
Epoch 17/500
66s - loss: 0.2723 - acc: 0.8997 - val_loss: 0.4545 - val_acc: 0.8516
Epoch 18/500
65s - loss: 0.2911 - acc: 0.8918 - val_loss: 0.4519 - val_acc: 0.8516
Epoch 19/500
66s - loss: 0.2844 - acc: 0.8979 - val_loss: 0.4523 - val_acc: 0.8516
Epoch 20/500
66s - loss: 0.2932 - acc: 0.8929 - val_loss: 0.4537 - val_acc: 0.8505
Epoch 21/500
66s - loss: 0.2879 - acc: 0.8961 - val_loss: 0.4519 - val_acc: 0.8516
Epoch 22/500
66s - loss: 0.3097 - acc: 0.8874 - val_loss: 0.4538 - val_acc: 0.8505
Epoch 23/500
66s - loss: 0.2904 - acc: 0.8858 - val_loss: 0.4505 - val_acc: 0.8526
Epoch 24/500
66s - loss: 0.2753 - acc: 0.8947 - val_loss: 0.4489 - val_acc: 0.8495
Epoch 25/500
66s - loss: 0.2942 - acc: 0.8924 - val_loss: 0.4480 - val_acc: 0.8495
Epoch 26/500
65s - loss: 0.2905 - acc: 0.8913 - val_loss: 0.4511 - val_acc: 0.8505
Epoch 27/500
65s - loss: 0.2973 - acc: 0.8918 - val_loss: 0.4518 - val_acc: 0.8516
Epoch 28/500
66s - loss: 0.2910 - acc: 0.8945 - val_loss: 0.4560 - val_acc: 0.8505
Epoch 29/500
66s - loss: 0.2706 - acc: 0.9029 - val_loss: 0.4538 - val_acc: 0.8505
Epoch 30/500
66s - loss: 0.2837 - acc: 0.8997 - val_loss: 0.4499 - val_acc: 0.8505
Epoch 31/500
66s - loss: 0.2804 - acc: 0.8958 - val_loss: 0.4523 - val_acc: 0.8505
Epoch 32/500
66s - loss: 0.2936 - acc: 0.8884 - val_loss: 0.4526 - val_acc: 0.8505
Epoch 33/500
66s - loss: 0.2889 - acc: 0.8911 - val_loss: 0.4501 - val_acc: 0.8495
Epoch 34/500
66s - loss: 0.2917 - acc: 0.8921 - val_loss: 0.4566 - val_acc: 0.8505
Epoch 35/500
66s - loss: 0.2816 - acc: 0.8942 - val_loss: 0.4533 - val_acc: 0.8505
Epoch 36/500
66s - loss: 0.2968 - acc: 0.8958 - val_loss: 0.4494 - val_acc: 0.8516
Epoch 37/500
66s - loss: 0.2944 - acc: 0.8889 - val_loss: 0.4510 - val_acc: 0.8505
Epoch 38/500
66s - loss: 0.3114 - acc: 0.8863 - val_loss: 0.4483 - val_acc: 0.8505
Epoch 39/500
66s - loss: 0.2918 - acc: 0.8913 - val_loss: 0.4497 - val_acc: 0.8505
Epoch 40/500
66s - loss: 0.3149 - acc: 0.8845 - val_loss: 0.4513 - val_acc: 0.8505
Epoch 41/500
66s - loss: 0.3038 - acc: 0.8911 - val_loss: 0.4485 - val_acc: 0.8505
Epoch 42/500
66s - loss: 0.2677 - acc: 0.9005 - val_loss: 0.4554 - val_acc: 0.8516
Epoch 43/500
66s - loss: 0.3000 - acc: 0.8861 - val_loss: 0.4522 - val_acc: 0.8505
Epoch 44/500
66s - loss: 0.2822 - acc: 0.8953 - val_loss: 0.4582 - val_acc: 0.8505
Epoch 45/500
66s - loss: 0.2832 - acc: 0.8913 - val_loss: 0.4545 - val_acc: 0.8505
Epoch 46/500
66s - loss: 0.2928 - acc: 0.8926 - val_loss: 0.4552 - val_acc: 0.8516
Epoch 47/500
66s - loss: 0.2984 - acc: 0.8916 - val_loss: 0.4520 - val_acc: 0.8516
Epoch 48/500
66s - loss: 0.3013 - acc: 0.8853 - val_loss: 0.4537 - val_acc: 0.8505
Epoch 49/500
66s - loss: 0.3067 - acc: 0.8882 - val_loss: 0.4506 - val_acc: 0.8505
Epoch 50/500
66s - loss: 0.2944 - acc: 0.8921 - val_loss: 0.4514 - val_acc: 0.8505
Epoch 51/500
66s - loss: 0.2954 - acc: 0.8874 - val_loss: 0.4553 - val_acc: 0.8505
Epoch 52/500
66s - loss: 0.2820 - acc: 0.8892 - val_loss: 0.4525 - val_acc: 0.8505
Epoch 53/500
66s - loss: 0.2892 - acc: 0.8879 - val_loss: 0.4501 - val_acc: 0.8505
Epoch 54/500
66s - loss: 0.2869 - acc: 0.8953 - val_loss: 0.4473 - val_acc: 0.8505
Epoch 55/500
66s - loss: 0.2874 - acc: 0.8929 - val_loss: 0.4529 - val_acc: 0.8505
Epoch 56/500
66s - loss: 0.2863 - acc: 0.8937 - val_loss: 0.4534 - val_acc: 0.8505
Epoch 57/500
66s - loss: 0.2816 - acc: 0.8961 - val_loss: 0.4518 - val_acc: 0.8505
Epoch 58/500
66s - loss: 0.2791 - acc: 0.8995 - val_loss: 0.4507 - val_acc: 0.8495
Epoch 59/500
66s - loss: 0.2994 - acc: 0.8855 - val_loss: 0.4546 - val_acc: 0.8505
Epoch 60/500
66s - loss: 0.2862 - acc: 0.8958 - val_loss: 0.4569 - val_acc: 0.8516
Epoch 61/500
66s - loss: 0.2746 - acc: 0.8958 - val_loss: 0.4555 - val_acc: 0.8495
Epoch 62/500
66s - loss: 0.2981 - acc: 0.8884 - val_loss: 0.4512 - val_acc: 0.8495
Epoch 63/500
66s - loss: 0.2892 - acc: 0.8879 - val_loss: 0.4539 - val_acc: 0.8505
Epoch 64/500
66s - loss: 0.2776 - acc: 0.8989 - val_loss: 0.4486 - val_acc: 0.8495
Epoch 65/500
66s - loss: 0.2953 - acc: 0.8968 - val_loss: 0.4541 - val_acc: 0.8505
Epoch 66/500
66s - loss: 0.2900 - acc: 0.8926 - val_loss: 0.4514 - val_acc: 0.8505
Epoch 67/500
66s - loss: 0.2983 - acc: 0.8911 - val_loss: 0.4518 - val_acc: 0.8495
Epoch 68/500
66s - loss: 0.2887 - acc: 0.8968 - val_loss: 0.4541 - val_acc: 0.8495
Epoch 69/500
66s - loss: 0.2934 - acc: 0.8934 - val_loss: 0.4494 - val_acc: 0.8495
Epoch 70/500
66s - loss: 0.2758 - acc: 0.8947 - val_loss: 0.4467 - val_acc: 0.8495
Epoch 71/500
66s - loss: 0.2912 - acc: 0.8876 - val_loss: 0.4500 - val_acc: 0.8505
Epoch 72/500
66s - loss: 0.2983 - acc: 0.8882 - val_loss: 0.4497 - val_acc: 0.8495
Epoch 73/500
66s - loss: 0.2886 - acc: 0.8918 - val_loss: 0.4516 - val_acc: 0.8495
Epoch 74/500
66s - loss: 0.2934 - acc: 0.8921 - val_loss: 0.4483 - val_acc: 0.8495
Epoch 75/500
66s - loss: 0.2879 - acc: 0.8945 - val_loss: 0.4484 - val_acc: 0.8505
Epoch 76/500
66s - loss: 0.2823 - acc: 0.8945 - val_loss: 0.4506 - val_acc: 0.8495
Epoch 77/500
66s - loss: 0.2873 - acc: 0.8937 - val_loss: 0.4518 - val_acc: 0.8505
Epoch 78/500
66s - loss: 0.2886 - acc: 0.8992 - val_loss: 0.4528 - val_acc: 0.8505
Epoch 79/500
66s - loss: 0.2933 - acc: 0.8882 - val_loss: 0.4512 - val_acc: 0.8505
Epoch 80/500
66s - loss: 0.3069 - acc: 0.8847 - val_loss: 0.4490 - val_acc: 0.8495
Epoch 81/500
66s - loss: 0.2755 - acc: 0.8966 - val_loss: 0.4517 - val_acc: 0.8505
Epoch 82/500
66s - loss: 0.2900 - acc: 0.8982 - val_loss: 0.4496 - val_acc: 0.8505
Epoch 83/500
66s - loss: 0.2806 - acc: 0.8971 - val_loss: 0.4516 - val_acc: 0.8495
Epoch 84/500
66s - loss: 0.2854 - acc: 0.8995 - val_loss: 0.4535 - val_acc: 0.8495
Epoch 85/500
66s - loss: 0.2879 - acc: 0.8929 - val_loss: 0.4513 - val_acc: 0.8505
Epoch 86/500
66s - loss: 0.2914 - acc: 0.8876 - val_loss: 0.4526 - val_acc: 0.8505
Epoch 87/500
66s - loss: 0.2907 - acc: 0.8924 - val_loss: 0.4523 - val_acc: 0.8505
Epoch 88/500
66s - loss: 0.2928 - acc: 0.8892 - val_loss: 0.4540 - val_acc: 0.8505
Epoch 89/500
66s - loss: 0.3016 - acc: 0.8876 - val_loss: 0.4513 - val_acc: 0.8495
Epoch 90/500
66s - loss: 0.2930 - acc: 0.8900 - val_loss: 0.4517 - val_acc: 0.8495
Epoch 91/500
66s - loss: 0.2943 - acc: 0.8932 - val_loss: 0.4522 - val_acc: 0.8495
Epoch 92/500
66s - loss: 0.2768 - acc: 0.8937 - val_loss: 0.4515 - val_acc: 0.8495
Epoch 93/500
66s - loss: 0.2933 - acc: 0.8913 - val_loss: 0.4546 - val_acc: 0.8505
Epoch 94/500
66s - loss: 0.2938 - acc: 0.8905 - val_loss: 0.4491 - val_acc: 0.8505
Epoch 95/500
66s - loss: 0.2803 - acc: 0.8945 - val_loss: 0.4503 - val_acc: 0.8505
Epoch 96/500
66s - loss: 0.2885 - acc: 0.8939 - val_loss: 0.4513 - val_acc: 0.8505
Epoch 97/500
66s - loss: 0.2959 - acc: 0.8908 - val_loss: 0.4541 - val_acc: 0.8516
Epoch 98/500
66s - loss: 0.2971 - acc: 0.8958 - val_loss: 0.4525 - val_acc: 0.8495
Epoch 99/500
66s - loss: 0.2833 - acc: 0.8958 - val_loss: 0.4545 - val_acc: 0.8505
Epoch 100/500
66s - loss: 0.3003 - acc: 0.8911 - val_loss: 0.4474 - val_acc: 0.8505
Epoch 101/500
66s - loss: 0.2776 - acc: 0.8926 - val_loss: 0.4522 - val_acc: 0.8505
Epoch 102/500
66s - loss: 0.2844 - acc: 0.8929 - val_loss: 0.4528 - val_acc: 0.8505
Epoch 103/500
66s - loss: 0.2763 - acc: 0.8979 - val_loss: 0.4563 - val_acc: 0.8495
Training loss for fold 0 is 0.20128079775132632 with percent 92.3947368295569
Testing loss for fold 0 is 0.4373139125422428 with percent 85.89473686720196
 
 
Pulling kfold 1 from previous runs
Training loss for fold 1 is 0.23763996820700797 with percent 91.28947367166218
Testing loss for fold 1 is 0.25096697612812646 with percent 90.84210525060955
 
 
Pulling kfold 2 from previous runs
Training loss for fold 2 is 0.24788855100932874 with percent 91.05263159149571
Testing loss for fold 2 is 0.25355070537642427 with percent 90.52631575182865
 
 
Pulling kfold 3 from previous runs
Training loss for fold 3 is 0.25046692239610774 with percent 90.89473685465362
Testing loss for fold 3 is 0.23177723580285123 with percent 91.57894743116279
 
No saved trial for kfold.
Train on 3800 samples, validate on 950 samples
Epoch 1/500
66s - loss: 0.3259 - acc: 0.8818 - val_loss: 0.2465 - val_acc: 0.9158
Epoch 2/500
66s - loss: 0.3280 - acc: 0.8816 - val_loss: 0.2494 - val_acc: 0.9158
Epoch 3/500
66s - loss: 0.3182 - acc: 0.8845 - val_loss: 0.2484 - val_acc: 0.9168
Epoch 4/500
66s - loss: 0.3470 - acc: 0.8766 - val_loss: 0.2506 - val_acc: 0.9137
Epoch 5/500
66s - loss: 0.3619 - acc: 0.8718 - val_loss: 0.2488 - val_acc: 0.9158
Epoch 6/500
66s - loss: 0.3472 - acc: 0.8774 - val_loss: 0.2470 - val_acc: 0.9126
Epoch 7/500
66s - loss: 0.3319 - acc: 0.8855 - val_loss: 0.2479 - val_acc: 0.9137
Epoch 8/500
66s - loss: 0.3548 - acc: 0.8705 - val_loss: 0.2529 - val_acc: 0.9126
Epoch 9/500
66s - loss: 0.3590 - acc: 0.8721 - val_loss: 0.2493 - val_acc: 0.9137
Epoch 10/500
66s - loss: 0.3501 - acc: 0.8739 - val_loss: 0.2524 - val_acc: 0.9158
Epoch 11/500
66s - loss: 0.3517 - acc: 0.8747 - val_loss: 0.2476 - val_acc: 0.9168
Epoch 12/500
66s - loss: 0.3593 - acc: 0.8774 - val_loss: 0.2513 - val_acc: 0.9105
Epoch 13/500
66s - loss: 0.3374 - acc: 0.8866 - val_loss: 0.2508 - val_acc: 0.9158
Epoch 14/500
66s - loss: 0.3638 - acc: 0.8782 - val_loss: 0.2475 - val_acc: 0.9179
Epoch 15/500
66s - loss: 0.3484 - acc: 0.8734 - val_loss: 0.2466 - val_acc: 0.9189
Epoch 16/500
66s - loss: 0.3446 - acc: 0.8776 - val_loss: 0.2515 - val_acc: 0.9158
Epoch 17/500
66s - loss: 0.3255 - acc: 0.8866 - val_loss: 0.2510 - val_acc: 0.9147
Epoch 18/500
66s - loss: 0.3435 - acc: 0.8755 - val_loss: 0.2489 - val_acc: 0.9158
Epoch 19/500
66s - loss: 0.3492 - acc: 0.8813 - val_loss: 0.2487 - val_acc: 0.9168
Epoch 20/500
66s - loss: 0.3407 - acc: 0.8800 - val_loss: 0.2531 - val_acc: 0.9105
Epoch 21/500
66s - loss: 0.3282 - acc: 0.8792 - val_loss: 0.2478 - val_acc: 0.9168
Epoch 22/500
66s - loss: 0.3543 - acc: 0.8732 - val_loss: 0.2465 - val_acc: 0.9168
Epoch 23/500
66s - loss: 0.3395 - acc: 0.8818 - val_loss: 0.2478 - val_acc: 0.9137
Epoch 24/500
66s - loss: 0.3448 - acc: 0.8826 - val_loss: 0.2501 - val_acc: 0.9147
Epoch 25/500
66s - loss: 0.3697 - acc: 0.8766 - val_loss: 0.2469 - val_acc: 0.9200
Epoch 26/500
66s - loss: 0.3362 - acc: 0.8845 - val_loss: 0.2483 - val_acc: 0.9158
Epoch 27/500
66s - loss: 0.3572 - acc: 0.8774 - val_loss: 0.2494 - val_acc: 0.9105
Epoch 28/500
66s - loss: 0.3504 - acc: 0.8755 - val_loss: 0.2479 - val_acc: 0.9168
Epoch 29/500
66s - loss: 0.3637 - acc: 0.8750 - val_loss: 0.2497 - val_acc: 0.9137
Epoch 30/500
66s - loss: 0.3455 - acc: 0.8797 - val_loss: 0.2490 - val_acc: 0.9168
Epoch 31/500
66s - loss: 0.3517 - acc: 0.8776 - val_loss: 0.2503 - val_acc: 0.9126
Epoch 32/500
66s - loss: 0.3542 - acc: 0.8774 - val_loss: 0.2517 - val_acc: 0.9126
Epoch 33/500
66s - loss: 0.3376 - acc: 0.8787 - val_loss: 0.2510 - val_acc: 0.9116
Epoch 34/500
66s - loss: 0.3353 - acc: 0.8868 - val_loss: 0.2481 - val_acc: 0.9168
Epoch 35/500
66s - loss: 0.3390 - acc: 0.8776 - val_loss: 0.2512 - val_acc: 0.9137
Epoch 36/500
66s - loss: 0.3317 - acc: 0.8803 - val_loss: 0.2486 - val_acc: 0.9158
Epoch 37/500
66s - loss: 0.3480 - acc: 0.8771 - val_loss: 0.2475 - val_acc: 0.9147
Epoch 38/500
66s - loss: 0.3408 - acc: 0.8816 - val_loss: 0.2518 - val_acc: 0.9116
Epoch 39/500
66s - loss: 0.3331 - acc: 0.8842 - val_loss: 0.2528 - val_acc: 0.9116
Epoch 40/500
66s - loss: 0.3392 - acc: 0.8789 - val_loss: 0.2503 - val_acc: 0.9158
Epoch 41/500
66s - loss: 0.3355 - acc: 0.8800 - val_loss: 0.2547 - val_acc: 0.9105
Epoch 42/500
66s - loss: 0.3570 - acc: 0.8763 - val_loss: 0.2536 - val_acc: 0.9116
Epoch 43/500
66s - loss: 0.3406 - acc: 0.8742 - val_loss: 0.2495 - val_acc: 0.9158
Epoch 44/500
66s - loss: 0.3500 - acc: 0.8763 - val_loss: 0.2509 - val_acc: 0.9116
Epoch 45/500
66s - loss: 0.3428 - acc: 0.8766 - val_loss: 0.2520 - val_acc: 0.9126
Epoch 46/500
66s - loss: 0.3410 - acc: 0.8803 - val_loss: 0.2512 - val_acc: 0.9147
Epoch 47/500
66s - loss: 0.3240 - acc: 0.8858 - val_loss: 0.2529 - val_acc: 0.9116
Epoch 48/500
66s - loss: 0.3508 - acc: 0.8734 - val_loss: 0.2517 - val_acc: 0.9137
Epoch 49/500
66s - loss: 0.3409 - acc: 0.8771 - val_loss: 0.2526 - val_acc: 0.9105
Epoch 50/500
66s - loss: 0.3246 - acc: 0.8789 - val_loss: 0.2558 - val_acc: 0.9116
Epoch 51/500
66s - loss: 0.3336 - acc: 0.8834 - val_loss: 0.2521 - val_acc: 0.9084
Epoch 52/500
66s - loss: 0.3347 - acc: 0.8797 - val_loss: 0.2539 - val_acc: 0.9116
Epoch 53/500
66s - loss: 0.3370 - acc: 0.8787 - val_loss: 0.2515 - val_acc: 0.9137
Epoch 54/500
66s - loss: 0.3260 - acc: 0.8803 - val_loss: 0.2497 - val_acc: 0.9126
Epoch 55/500
66s - loss: 0.3487 - acc: 0.8821 - val_loss: 0.2535 - val_acc: 0.9126
Epoch 56/500
66s - loss: 0.3595 - acc: 0.8789 - val_loss: 0.2547 - val_acc: 0.9105
Epoch 57/500
65s - loss: 0.3814 - acc: 0.8721 - val_loss: 0.2563 - val_acc: 0.9095
Epoch 58/500
65s - loss: 0.3481 - acc: 0.8739 - val_loss: 0.2539 - val_acc: 0.9095
Epoch 59/500
65s - loss: 0.3360 - acc: 0.8808 - val_loss: 0.2542 - val_acc: 0.9126
Epoch 60/500
65s - loss: 0.3433 - acc: 0.8795 - val_loss: 0.2540 - val_acc: 0.9116
Epoch 61/500
65s - loss: 0.3530 - acc: 0.8745 - val_loss: 0.2552 - val_acc: 0.9095
Epoch 62/500
65s - loss: 0.3368 - acc: 0.8834 - val_loss: 0.2547 - val_acc: 0.9105
Epoch 63/500
65s - loss: 0.3149 - acc: 0.8892 - val_loss: 0.2540 - val_acc: 0.9105
Epoch 64/500
65s - loss: 0.3430 - acc: 0.8874 - val_loss: 0.2525 - val_acc: 0.9095
Epoch 65/500
65s - loss: 0.3184 - acc: 0.8879 - val_loss: 0.2533 - val_acc: 0.9105
Epoch 66/500
65s - loss: 0.3273 - acc: 0.8839 - val_loss: 0.2521 - val_acc: 0.9137
Epoch 67/500
65s - loss: 0.3205 - acc: 0.8829 - val_loss: 0.2533 - val_acc: 0.9095
Epoch 68/500
65s - loss: 0.3376 - acc: 0.8847 - val_loss: 0.2573 - val_acc: 0.9095
Epoch 69/500
65s - loss: 0.3428 - acc: 0.8771 - val_loss: 0.2565 - val_acc: 0.9105
Epoch 70/500
65s - loss: 0.3320 - acc: 0.8826 - val_loss: 0.2553 - val_acc: 0.9095
Epoch 71/500
65s - loss: 0.3302 - acc: 0.8839 - val_loss: 0.2544 - val_acc: 0.9095
Epoch 72/500
65s - loss: 0.3421 - acc: 0.8779 - val_loss: 0.2517 - val_acc: 0.9095
Epoch 73/500
65s - loss: 0.3435 - acc: 0.8808 - val_loss: 0.2549 - val_acc: 0.9105
Epoch 74/500
65s - loss: 0.3361 - acc: 0.8766 - val_loss: 0.2567 - val_acc: 0.9095
Epoch 75/500
65s - loss: 0.3379 - acc: 0.8800 - val_loss: 0.2542 - val_acc: 0.9084
Epoch 76/500
65s - loss: 0.3397 - acc: 0.8763 - val_loss: 0.2571 - val_acc: 0.9074
Epoch 77/500
65s - loss: 0.3352 - acc: 0.8821 - val_loss: 0.2575 - val_acc: 0.9074
Epoch 78/500
65s - loss: 0.3504 - acc: 0.8832 - val_loss: 0.2533 - val_acc: 0.9116
Epoch 79/500
65s - loss: 0.3565 - acc: 0.8861 - val_loss: 0.2516 - val_acc: 0.9116
Epoch 80/500
66s - loss: 0.3356 - acc: 0.8803 - val_loss: 0.2519 - val_acc: 0.9105
Epoch 81/500
66s - loss: 0.3271 - acc: 0.8839 - val_loss: 0.2529 - val_acc: 0.9095
Epoch 82/500
66s - loss: 0.3400 - acc: 0.8834 - val_loss: 0.2526 - val_acc: 0.9105
Epoch 83/500
66s - loss: 0.3350 - acc: 0.8784 - val_loss: 0.2536 - val_acc: 0.9074
Epoch 84/500
66s - loss: 0.3366 - acc: 0.8826 - val_loss: 0.2553 - val_acc: 0.9095
Epoch 85/500
65s - loss: 0.3572 - acc: 0.8784 - val_loss: 0.2600 - val_acc: 0.9095
Epoch 86/500
66s - loss: 0.3495 - acc: 0.8792 - val_loss: 0.2560 - val_acc: 0.9095
Epoch 87/500
66s - loss: 0.3393 - acc: 0.8800 - val_loss: 0.2559 - val_acc: 0.9105
Epoch 88/500
65s - loss: 0.3379 - acc: 0.8824 - val_loss: 0.2569 - val_acc: 0.9095
Epoch 89/500
65s - loss: 0.3487 - acc: 0.8779 - val_loss: 0.2563 - val_acc: 0.9105
Epoch 90/500
65s - loss: 0.3453 - acc: 0.8763 - val_loss: 0.2534 - val_acc: 0.9116
Epoch 91/500
65s - loss: 0.3409 - acc: 0.8811 - val_loss: 0.2582 - val_acc: 0.9105
Epoch 92/500
66s - loss: 0.3444 - acc: 0.8803 - val_loss: 0.2526 - val_acc: 0.9105
Epoch 93/500
66s - loss: 0.3589 - acc: 0.8776 - val_loss: 0.2559 - val_acc: 0.9105
Epoch 94/500
66s - loss: 0.3429 - acc: 0.8784 - val_loss: 0.2577 - val_acc: 0.9095
Epoch 95/500
66s - loss: 0.3501 - acc: 0.8682 - val_loss: 0.2572 - val_acc: 0.9095
Epoch 96/500
66s - loss: 0.3310 - acc: 0.8837 - val_loss: 0.2546 - val_acc: 0.9105
Epoch 97/500
66s - loss: 0.3507 - acc: 0.8753 - val_loss: 0.2551 - val_acc: 0.9116
Epoch 98/500
66s - loss: 0.3582 - acc: 0.8800 - val_loss: 0.2522 - val_acc: 0.9095
Epoch 99/500
65s - loss: 0.3274 - acc: 0.8855 - val_loss: 0.2530 - val_acc: 0.9126
Epoch 100/500
65s - loss: 0.3193 - acc: 0.8845 - val_loss: 0.2569 - val_acc: 0.9095
Epoch 101/500
65s - loss: 0.3389 - acc: 0.8847 - val_loss: 0.2626 - val_acc: 0.9074
Epoch 102/500
65s - loss: 0.3405 - acc: 0.8816 - val_loss: 0.2589 - val_acc: 0.9084
Epoch 103/500
66s - loss: 0.3327 - acc: 0.8797 - val_loss: 0.2508 - val_acc: 0.9126
Epoch 104/500
65s - loss: 0.3441 - acc: 0.8845 - val_loss: 0.2496 - val_acc: 0.9126
Epoch 105/500
66s - loss: 0.3398 - acc: 0.8776 - val_loss: 0.2532 - val_acc: 0.9126
Epoch 106/500
66s - loss: 0.3619 - acc: 0.8713 - val_loss: 0.2525 - val_acc: 0.9105
Epoch 107/500
66s - loss: 0.3529 - acc: 0.8763 - val_loss: 0.2541 - val_acc: 0.9105
Epoch 108/500
66s - loss: 0.3342 - acc: 0.8808 - val_loss: 0.2575 - val_acc: 0.9074
Epoch 109/500
65s - loss: 0.3549 - acc: 0.8800 - val_loss: 0.2553 - val_acc: 0.9105
Epoch 110/500
66s - loss: 0.3280 - acc: 0.8816 - val_loss: 0.2564 - val_acc: 0.9084
Epoch 111/500
66s - loss: 0.3533 - acc: 0.8745 - val_loss: 0.2551 - val_acc: 0.9105
Epoch 112/500
66s - loss: 0.3370 - acc: 0.8784 - val_loss: 0.2543 - val_acc: 0.9105
Epoch 113/500
66s - loss: 0.3394 - acc: 0.8795 - val_loss: 0.2532 - val_acc: 0.9116
Epoch 114/500
66s - loss: 0.3578 - acc: 0.8761 - val_loss: 0.2536 - val_acc: 0.9095
Epoch 115/500
66s - loss: 0.3204 - acc: 0.8842 - val_loss: 0.2542 - val_acc: 0.9105
Epoch 116/500
66s - loss: 0.3457 - acc: 0.8708 - val_loss: 0.2555 - val_acc: 0.9105
Epoch 117/500
66s - loss: 0.3349 - acc: 0.8808 - val_loss: 0.2530 - val_acc: 0.9126
Epoch 118/500
65s - loss: 0.3408 - acc: 0.8745 - val_loss: 0.2522 - val_acc: 0.9105
Epoch 119/500
65s - loss: 0.3338 - acc: 0.8900 - val_loss: 0.2565 - val_acc: 0.9095
Epoch 120/500
65s - loss: 0.3483 - acc: 0.8771 - val_loss: 0.2554 - val_acc: 0.9105
Epoch 121/500
66s - loss: 0.3445 - acc: 0.8813 - val_loss: 0.2563 - val_acc: 0.9095
Epoch 122/500
66s - loss: 0.3347 - acc: 0.8776 - val_loss: 0.2604 - val_acc: 0.9084
Epoch 123/500
66s - loss: 0.3315 - acc: 0.8853 - val_loss: 0.2552 - val_acc: 0.9116
Epoch 124/500
66s - loss: 0.3318 - acc: 0.8811 - val_loss: 0.2536 - val_acc: 0.9084
Training loss for fold 4 is 0.24813654124736786 with percent 90.81578946113586
Testing loss for fold 4 is 0.24650683440660176 with percent 91.57894733077602
 
No saved trial for kfold.
Train on 3800 samples, validate on 950 samples
Epoch 1/500
65s - loss: 0.3422 - acc: 0.8795 - val_loss: 0.2541 - val_acc: 0.9126
Epoch 2/500
65s - loss: 0.3429 - acc: 0.8755 - val_loss: 0.2593 - val_acc: 0.9095
Epoch 3/500
65s - loss: 0.3416 - acc: 0.8816 - val_loss: 0.2549 - val_acc: 0.9116
Epoch 4/500
65s - loss: 0.3302 - acc: 0.8837 - val_loss: 0.2566 - val_acc: 0.9116
Epoch 5/500
65s - loss: 0.3452 - acc: 0.8724 - val_loss: 0.2587 - val_acc: 0.9116
Epoch 6/500
65s - loss: 0.3400 - acc: 0.8747 - val_loss: 0.2569 - val_acc: 0.9116
Epoch 7/500
65s - loss: 0.3172 - acc: 0.8816 - val_loss: 0.2560 - val_acc: 0.9137
Epoch 8/500
65s - loss: 0.3331 - acc: 0.8813 - val_loss: 0.2562 - val_acc: 0.9137
Epoch 9/500
65s - loss: 0.3408 - acc: 0.8795 - val_loss: 0.2593 - val_acc: 0.9116
Epoch 10/500
65s - loss: 0.3234 - acc: 0.8776 - val_loss: 0.2567 - val_acc: 0.9116
Epoch 11/500
65s - loss: 0.3224 - acc: 0.8887 - val_loss: 0.2573 - val_acc: 0.9116
Epoch 12/500
65s - loss: 0.3330 - acc: 0.8818 - val_loss: 0.2575 - val_acc: 0.9105
Epoch 13/500
65s - loss: 0.3445 - acc: 0.8739 - val_loss: 0.2591 - val_acc: 0.9126
Epoch 14/500
65s - loss: 0.3377 - acc: 0.8803 - val_loss: 0.2605 - val_acc: 0.9095
Epoch 15/500
65s - loss: 0.3051 - acc: 0.8892 - val_loss: 0.2580 - val_acc: 0.9105
Epoch 16/500
65s - loss: 0.3307 - acc: 0.8826 - val_loss: 0.2553 - val_acc: 0.9126
Epoch 17/500
65s - loss: 0.3375 - acc: 0.8821 - val_loss: 0.2590 - val_acc: 0.9126
Epoch 18/500
65s - loss: 0.3408 - acc: 0.8792 - val_loss: 0.2573 - val_acc: 0.9105
Epoch 19/500
65s - loss: 0.3507 - acc: 0.8800 - val_loss: 0.2584 - val_acc: 0.9116
Epoch 20/500
65s - loss: 0.3271 - acc: 0.8853 - val_loss: 0.2559 - val_acc: 0.9137
Epoch 21/500
65s - loss: 0.3250 - acc: 0.8797 - val_loss: 0.2588 - val_acc: 0.9105
Epoch 22/500
65s - loss: 0.3426 - acc: 0.8747 - val_loss: 0.2593 - val_acc: 0.9084
Epoch 23/500
66s - loss: 0.3441 - acc: 0.8753 - val_loss: 0.2583 - val_acc: 0.9095
Epoch 24/500
64s - loss: 0.3471 - acc: 0.8774 - val_loss: 0.2572 - val_acc: 0.9105
Epoch 25/500
63s - loss: 0.3505 - acc: 0.8774 - val_loss: 0.2600 - val_acc: 0.9095
Epoch 26/500
63s - loss: 0.3413 - acc: 0.8795 - val_loss: 0.2579 - val_acc: 0.9116
Epoch 27/500
66s - loss: 0.3413 - acc: 0.8818 - val_loss: 0.2600 - val_acc: 0.9116
Epoch 28/500
66s - loss: 0.3398 - acc: 0.8800 - val_loss: 0.2612 - val_acc: 0.9095
Epoch 29/500
66s - loss: 0.3329 - acc: 0.8797 - val_loss: 0.2572 - val_acc: 0.9105
Epoch 30/500
65s - loss: 0.3309 - acc: 0.8832 - val_loss: 0.2606 - val_acc: 0.9095
Epoch 31/500
65s - loss: 0.3484 - acc: 0.8763 - val_loss: 0.2606 - val_acc: 0.9116
Epoch 32/500
66s - loss: 0.3475 - acc: 0.8742 - val_loss: 0.2597 - val_acc: 0.9105
Epoch 33/500
65s - loss: 0.3218 - acc: 0.8784 - val_loss: 0.2584 - val_acc: 0.9126
Epoch 34/500
66s - loss: 0.3274 - acc: 0.8850 - val_loss: 0.2594 - val_acc: 0.9105
Epoch 35/500
66s - loss: 0.3133 - acc: 0.8847 - val_loss: 0.2604 - val_acc: 0.9116
Epoch 36/500
66s - loss: 0.3473 - acc: 0.8779 - val_loss: 0.2610 - val_acc: 0.9095
Epoch 37/500
66s - loss: 0.3420 - acc: 0.8787 - val_loss: 0.2599 - val_acc: 0.9116
Epoch 38/500
66s - loss: 0.3364 - acc: 0.8816 - val_loss: 0.2641 - val_acc: 0.9095
Epoch 39/500
66s - loss: 0.3411 - acc: 0.8842 - val_loss: 0.2631 - val_acc: 0.9074
Epoch 40/500
66s - loss: 0.3065 - acc: 0.8847 - val_loss: 0.2612 - val_acc: 0.9105
Epoch 41/500
66s - loss: 0.3470 - acc: 0.8761 - val_loss: 0.2618 - val_acc: 0.9084
Epoch 42/500
66s - loss: 0.3372 - acc: 0.8761 - val_loss: 0.2598 - val_acc: 0.9105
Epoch 43/500
66s - loss: 0.3358 - acc: 0.8763 - val_loss: 0.2614 - val_acc: 0.9084
Epoch 44/500
66s - loss: 0.3302 - acc: 0.8813 - val_loss: 0.2592 - val_acc: 0.9126
Epoch 45/500
65s - loss: 0.3466 - acc: 0.8763 - val_loss: 0.2613 - val_acc: 0.9105
Epoch 46/500
66s - loss: 0.3105 - acc: 0.8861 - val_loss: 0.2563 - val_acc: 0.9126
Epoch 47/500
66s - loss: 0.3266 - acc: 0.8868 - val_loss: 0.2629 - val_acc: 0.9116
Epoch 48/500
66s - loss: 0.3310 - acc: 0.8853 - val_loss: 0.2583 - val_acc: 0.9105
Epoch 49/500
66s - loss: 0.3407 - acc: 0.8782 - val_loss: 0.2598 - val_acc: 0.9084
Epoch 50/500
66s - loss: 0.3297 - acc: 0.8818 - val_loss: 0.2594 - val_acc: 0.9116
Epoch 51/500
66s - loss: 0.3339 - acc: 0.8782 - val_loss: 0.2601 - val_acc: 0.9116
Epoch 52/500
66s - loss: 0.3275 - acc: 0.8782 - val_loss: 0.2645 - val_acc: 0.9095
Epoch 53/500
65s - loss: 0.3222 - acc: 0.8861 - val_loss: 0.2620 - val_acc: 0.9084
Epoch 54/500
65s - loss: 0.3307 - acc: 0.8858 - val_loss: 0.2564 - val_acc: 0.9126
Epoch 55/500
66s - loss: 0.3423 - acc: 0.8747 - val_loss: 0.2583 - val_acc: 0.9126
Epoch 56/500
66s - loss: 0.3357 - acc: 0.8768 - val_loss: 0.2625 - val_acc: 0.9105
Epoch 57/500
65s - loss: 0.3345 - acc: 0.8845 - val_loss: 0.2620 - val_acc: 0.9095
Epoch 58/500
66s - loss: 0.3355 - acc: 0.8866 - val_loss: 0.2617 - val_acc: 0.9084
Epoch 59/500
66s - loss: 0.3361 - acc: 0.8803 - val_loss: 0.2608 - val_acc: 0.9084
Epoch 60/500
66s - loss: 0.3343 - acc: 0.8824 - val_loss: 0.2601 - val_acc: 0.9095
Epoch 61/500
66s - loss: 0.3142 - acc: 0.8876 - val_loss: 0.2571 - val_acc: 0.9126
Epoch 62/500
66s - loss: 0.3174 - acc: 0.8800 - val_loss: 0.2605 - val_acc: 0.9105
Epoch 63/500
66s - loss: 0.3297 - acc: 0.8782 - val_loss: 0.2617 - val_acc: 0.9074
Epoch 64/500
66s - loss: 0.3443 - acc: 0.8784 - val_loss: 0.2631 - val_acc: 0.9074
Epoch 65/500
65s - loss: 0.3423 - acc: 0.8755 - val_loss: 0.2609 - val_acc: 0.9074
Epoch 66/500
65s - loss: 0.3277 - acc: 0.8832 - val_loss: 0.2647 - val_acc: 0.9095
Epoch 67/500
65s - loss: 0.3329 - acc: 0.8826 - val_loss: 0.2604 - val_acc: 0.9116
Epoch 68/500
66s - loss: 0.3395 - acc: 0.8803 - val_loss: 0.2593 - val_acc: 0.9126
Epoch 69/500
66s - loss: 0.3215 - acc: 0.8821 - val_loss: 0.2587 - val_acc: 0.9116
Epoch 70/500
65s - loss: 0.3437 - acc: 0.8818 - val_loss: 0.2616 - val_acc: 0.9095
Epoch 71/500
65s - loss: 0.3374 - acc: 0.8818 - val_loss: 0.2625 - val_acc: 0.9095
Epoch 72/500
65s - loss: 0.3509 - acc: 0.8747 - val_loss: 0.2618 - val_acc: 0.9095
Epoch 73/500
66s - loss: 0.3319 - acc: 0.8839 - val_loss: 0.2629 - val_acc: 0.9116
Epoch 74/500
66s - loss: 0.3378 - acc: 0.8816 - val_loss: 0.2605 - val_acc: 0.9116
Epoch 75/500
66s - loss: 0.3369 - acc: 0.8795 - val_loss: 0.2591 - val_acc: 0.9105
Epoch 76/500
65s - loss: 0.3151 - acc: 0.8903 - val_loss: 0.2629 - val_acc: 0.9084
Training loss for fold 5 is 0.24666104572383982 with percent 90.89473684210526
Testing loss for fold 5 is 0.25412937772901434 with percent 91.26315795747857
 
No saved trial for kfold.
Train on 3800 samples, validate on 950 samples
Epoch 1/500
65s - loss: 0.3363 - acc: 0.8800 - val_loss: 0.2478 - val_acc: 0.9168
Epoch 2/500
65s - loss: 0.3304 - acc: 0.8768 - val_loss: 0.2507 - val_acc: 0.9158
Epoch 3/500
65s - loss: 0.3429 - acc: 0.8779 - val_loss: 0.2495 - val_acc: 0.9168
Epoch 4/500
65s - loss: 0.3332 - acc: 0.8847 - val_loss: 0.2487 - val_acc: 0.9168
Epoch 5/500
65s - loss: 0.3432 - acc: 0.8774 - val_loss: 0.2468 - val_acc: 0.9179
Epoch 6/500
65s - loss: 0.3404 - acc: 0.8782 - val_loss: 0.2495 - val_acc: 0.9168
Epoch 7/500
65s - loss: 0.3385 - acc: 0.8776 - val_loss: 0.2486 - val_acc: 0.9158
Epoch 8/500
65s - loss: 0.3351 - acc: 0.8803 - val_loss: 0.2462 - val_acc: 0.9179
Epoch 9/500
65s - loss: 0.3359 - acc: 0.8805 - val_loss: 0.2484 - val_acc: 0.9179
Epoch 10/500
65s - loss: 0.3359 - acc: 0.8800 - val_loss: 0.2508 - val_acc: 0.9158
Epoch 11/500
65s - loss: 0.3287 - acc: 0.8813 - val_loss: 0.2489 - val_acc: 0.9158
Epoch 12/500
65s - loss: 0.3424 - acc: 0.8766 - val_loss: 0.2484 - val_acc: 0.9168
Epoch 13/500
65s - loss: 0.3312 - acc: 0.8821 - val_loss: 0.2524 - val_acc: 0.9137
Epoch 14/500
65s - loss: 0.3497 - acc: 0.8774 - val_loss: 0.2461 - val_acc: 0.9158
Epoch 15/500
65s - loss: 0.3392 - acc: 0.8803 - val_loss: 0.2510 - val_acc: 0.9137
Epoch 16/500
65s - loss: 0.3412 - acc: 0.8871 - val_loss: 0.2523 - val_acc: 0.9137
Epoch 17/500
65s - loss: 0.3435 - acc: 0.8755 - val_loss: 0.2502 - val_acc: 0.9137
Epoch 18/500
65s - loss: 0.3355 - acc: 0.8884 - val_loss: 0.2502 - val_acc: 0.9158
Epoch 19/500
65s - loss: 0.3472 - acc: 0.8800 - val_loss: 0.2534 - val_acc: 0.9137
Epoch 20/500
65s - loss: 0.3373 - acc: 0.8792 - val_loss: 0.2530 - val_acc: 0.9147
Epoch 21/500
65s - loss: 0.3480 - acc: 0.8742 - val_loss: 0.2483 - val_acc: 0.9137
Epoch 22/500
65s - loss: 0.3356 - acc: 0.8766 - val_loss: 0.2487 - val_acc: 0.9147
Epoch 23/500
65s - loss: 0.3279 - acc: 0.8895 - val_loss: 0.2509 - val_acc: 0.9137
Epoch 24/500
65s - loss: 0.3334 - acc: 0.8837 - val_loss: 0.2511 - val_acc: 0.9147
Epoch 25/500
65s - loss: 0.3264 - acc: 0.8808 - val_loss: 0.2475 - val_acc: 0.9158
Epoch 26/500
65s - loss: 0.3407 - acc: 0.8868 - val_loss: 0.2507 - val_acc: 0.9137
Epoch 27/500
65s - loss: 0.3281 - acc: 0.8876 - val_loss: 0.2512 - val_acc: 0.9158
Epoch 28/500
65s - loss: 0.3211 - acc: 0.8808 - val_loss: 0.2534 - val_acc: 0.9137
Epoch 29/500
65s - loss: 0.3444 - acc: 0.8784 - val_loss: 0.2511 - val_acc: 0.9137
Epoch 30/500
65s - loss: 0.3371 - acc: 0.8755 - val_loss: 0.2496 - val_acc: 0.9158
Epoch 31/500
65s - loss: 0.3321 - acc: 0.8824 - val_loss: 0.2519 - val_acc: 0.9158
Epoch 32/500
65s - loss: 0.3350 - acc: 0.8800 - val_loss: 0.2485 - val_acc: 0.9168
Epoch 33/500
65s - loss: 0.3273 - acc: 0.8826 - val_loss: 0.2527 - val_acc: 0.9147
Epoch 34/500
65s - loss: 0.3427 - acc: 0.8818 - val_loss: 0.2496 - val_acc: 0.9168
Epoch 35/500
65s - loss: 0.3420 - acc: 0.8792 - val_loss: 0.2512 - val_acc: 0.9158
Epoch 36/500
65s - loss: 0.3311 - acc: 0.8832 - val_loss: 0.2509 - val_acc: 0.9168
Epoch 37/500
65s - loss: 0.3210 - acc: 0.8897 - val_loss: 0.2541 - val_acc: 0.9137
Epoch 38/500
65s - loss: 0.3286 - acc: 0.8826 - val_loss: 0.2509 - val_acc: 0.9158
Epoch 39/500
65s - loss: 0.3552 - acc: 0.8808 - val_loss: 0.2488 - val_acc: 0.9147
Epoch 40/500
65s - loss: 0.3231 - acc: 0.8826 - val_loss: 0.2515 - val_acc: 0.9158
Epoch 41/500
65s - loss: 0.3371 - acc: 0.8837 - val_loss: 0.2506 - val_acc: 0.9147
Epoch 42/500
65s - loss: 0.3365 - acc: 0.8782 - val_loss: 0.2506 - val_acc: 0.9137
Epoch 43/500
65s - loss: 0.3294 - acc: 0.8908 - val_loss: 0.2524 - val_acc: 0.9137
Epoch 44/500
65s - loss: 0.3438 - acc: 0.8805 - val_loss: 0.2527 - val_acc: 0.9147
Epoch 45/500
65s - loss: 0.3434 - acc: 0.8824 - val_loss: 0.2562 - val_acc: 0.9137
Epoch 46/500
65s - loss: 0.3542 - acc: 0.8818 - val_loss: 0.2507 - val_acc: 0.9158
Epoch 47/500
65s - loss: 0.3295 - acc: 0.8797 - val_loss: 0.2527 - val_acc: 0.9158
Epoch 48/500
65s - loss: 0.3558 - acc: 0.8732 - val_loss: 0.2510 - val_acc: 0.9168
Epoch 49/500
65s - loss: 0.3321 - acc: 0.8747 - val_loss: 0.2498 - val_acc: 0.9158
Epoch 50/500
65s - loss: 0.3400 - acc: 0.8842 - val_loss: 0.2521 - val_acc: 0.9147
Epoch 51/500
65s - loss: 0.3284 - acc: 0.8837 - val_loss: 0.2526 - val_acc: 0.9137
Epoch 52/500
65s - loss: 0.3472 - acc: 0.8792 - val_loss: 0.2496 - val_acc: 0.9158
Epoch 53/500
65s - loss: 0.3483 - acc: 0.8813 - val_loss: 0.2505 - val_acc: 0.9168
Epoch 54/500
65s - loss: 0.3496 - acc: 0.8734 - val_loss: 0.2507 - val_acc: 0.9147
Epoch 55/500
65s - loss: 0.3385 - acc: 0.8813 - val_loss: 0.2516 - val_acc: 0.9158
Epoch 56/500
65s - loss: 0.3384 - acc: 0.8779 - val_loss: 0.2520 - val_acc: 0.9126
Epoch 57/500
65s - loss: 0.3332 - acc: 0.8818 - val_loss: 0.2531 - val_acc: 0.9137
Epoch 58/500
65s - loss: 0.3291 - acc: 0.8829 - val_loss: 0.2526 - val_acc: 0.9147
Epoch 59/500
65s - loss: 0.3435 - acc: 0.8763 - val_loss: 0.2522 - val_acc: 0.9137
Epoch 60/500
65s - loss: 0.3235 - acc: 0.8834 - val_loss: 0.2485 - val_acc: 0.9158
Epoch 61/500
65s - loss: 0.3376 - acc: 0.8784 - val_loss: 0.2532 - val_acc: 0.9137
Epoch 62/500
65s - loss: 0.3246 - acc: 0.8889 - val_loss: 0.2510 - val_acc: 0.9158
Epoch 63/500
65s - loss: 0.3418 - acc: 0.8824 - val_loss: 0.2517 - val_acc: 0.9137
Epoch 64/500
65s - loss: 0.3327 - acc: 0.8839 - val_loss: 0.2540 - val_acc: 0.9147
Epoch 65/500
65s - loss: 0.3503 - acc: 0.8739 - val_loss: 0.2559 - val_acc: 0.9137
Epoch 66/500
65s - loss: 0.3391 - acc: 0.8774 - val_loss: 0.2543 - val_acc: 0.9158
Epoch 67/500
65s - loss: 0.3341 - acc: 0.8837 - val_loss: 0.2524 - val_acc: 0.9158
Epoch 68/500
65s - loss: 0.3321 - acc: 0.8834 - val_loss: 0.2544 - val_acc: 0.9126
Epoch 69/500
65s - loss: 0.3455 - acc: 0.8782 - val_loss: 0.2530 - val_acc: 0.9137
Epoch 70/500
65s - loss: 0.3471 - acc: 0.8813 - val_loss: 0.2535 - val_acc: 0.9147
Epoch 71/500
65s - loss: 0.3344 - acc: 0.8903 - val_loss: 0.2555 - val_acc: 0.9116
Epoch 72/500
65s - loss: 0.3114 - acc: 0.8889 - val_loss: 0.2538 - val_acc: 0.9147
Epoch 73/500
65s - loss: 0.3451 - acc: 0.8824 - val_loss: 0.2554 - val_acc: 0.9137
Epoch 74/500
65s - loss: 0.3477 - acc: 0.8742 - val_loss: 0.2536 - val_acc: 0.9147
Epoch 75/500
65s - loss: 0.3410 - acc: 0.8789 - val_loss: 0.2548 - val_acc: 0.9137
Epoch 76/500
65s - loss: 0.3348 - acc: 0.8779 - val_loss: 0.2525 - val_acc: 0.9158
Epoch 77/500
65s - loss: 0.3373 - acc: 0.8842 - val_loss: 0.2531 - val_acc: 0.9158
Epoch 78/500
65s - loss: 0.3278 - acc: 0.8805 - val_loss: 0.2546 - val_acc: 0.9147
Epoch 79/500
65s - loss: 0.3391 - acc: 0.8855 - val_loss: 0.2526 - val_acc: 0.9137
Epoch 80/500
65s - loss: 0.3297 - acc: 0.8832 - val_loss: 0.2527 - val_acc: 0.9137
Epoch 81/500
65s - loss: 0.3436 - acc: 0.8737 - val_loss: 0.2495 - val_acc: 0.9158
Epoch 82/500
65s - loss: 0.3403 - acc: 0.8771 - val_loss: 0.2584 - val_acc: 0.9126
Epoch 83/500
65s - loss: 0.3308 - acc: 0.8847 - val_loss: 0.2554 - val_acc: 0.9147
Epoch 84/500
65s - loss: 0.3273 - acc: 0.8911 - val_loss: 0.2552 - val_acc: 0.9126
Epoch 85/500
65s - loss: 0.3434 - acc: 0.8753 - val_loss: 0.2522 - val_acc: 0.9137
Epoch 86/500
65s - loss: 0.3393 - acc: 0.8803 - val_loss: 0.2538 - val_acc: 0.9137
Epoch 87/500
65s - loss: 0.3240 - acc: 0.8932 - val_loss: 0.2534 - val_acc: 0.9137
Epoch 88/500
65s - loss: 0.3296 - acc: 0.8818 - val_loss: 0.2513 - val_acc: 0.9126
Epoch 89/500
65s - loss: 0.3466 - acc: 0.8839 - val_loss: 0.2517 - val_acc: 0.9137
Epoch 90/500
65s - loss: 0.3458 - acc: 0.8766 - val_loss: 0.2558 - val_acc: 0.9116
Epoch 91/500
65s - loss: 0.3428 - acc: 0.8821 - val_loss: 0.2545 - val_acc: 0.9126
Epoch 92/500
65s - loss: 0.3359 - acc: 0.8800 - val_loss: 0.2546 - val_acc: 0.9137
Epoch 93/500
65s - loss: 0.3452 - acc: 0.8829 - val_loss: 0.2522 - val_acc: 0.9126
Epoch 94/500
65s - loss: 0.3240 - acc: 0.8811 - val_loss: 0.2536 - val_acc: 0.9126
Epoch 95/500
65s - loss: 0.3290 - acc: 0.8876 - val_loss: 0.2554 - val_acc: 0.9137
Epoch 96/500
65s - loss: 0.3459 - acc: 0.8711 - val_loss: 0.2526 - val_acc: 0.9147
Epoch 97/500
65s - loss: 0.3296 - acc: 0.8803 - val_loss: 0.2575 - val_acc: 0.9116
Epoch 98/500
65s - loss: 0.3439 - acc: 0.8813 - val_loss: 0.2558 - val_acc: 0.9126
Epoch 99/500
65s - loss: 0.3399 - acc: 0.8776 - val_loss: 0.2561 - val_acc: 0.9126
Epoch 100/500
65s - loss: 0.3571 - acc: 0.8758 - val_loss: 0.2534 - val_acc: 0.9147
Epoch 101/500
65s - loss: 0.3350 - acc: 0.8824 - val_loss: 0.2531 - val_acc: 0.9137
Epoch 102/500
65s - loss: 0.3449 - acc: 0.8766 - val_loss: 0.2541 - val_acc: 0.9126
Epoch 103/500
65s - loss: 0.3178 - acc: 0.8887 - val_loss: 0.2570 - val_acc: 0.9116
Epoch 104/500
65s - loss: 0.3311 - acc: 0.8863 - val_loss: 0.2539 - val_acc: 0.9137
Epoch 105/500
65s - loss: 0.3404 - acc: 0.8774 - val_loss: 0.2594 - val_acc: 0.9126
Epoch 106/500
65s - loss: 0.3459 - acc: 0.8750 - val_loss: 0.2556 - val_acc: 0.9147
Epoch 107/500
65s - loss: 0.3365 - acc: 0.8855 - val_loss: 0.2530 - val_acc: 0.9147
Epoch 108/500
65s - loss: 0.3393 - acc: 0.8803 - val_loss: 0.2570 - val_acc: 0.9116
Epoch 109/500
65s - loss: 0.3371 - acc: 0.8768 - val_loss: 0.2552 - val_acc: 0.9137
Epoch 110/500
65s - loss: 0.3285 - acc: 0.8832 - val_loss: 0.2504 - val_acc: 0.9126
Epoch 111/500
65s - loss: 0.3581 - acc: 0.8708 - val_loss: 0.2536 - val_acc: 0.9137
Epoch 112/500
65s - loss: 0.3414 - acc: 0.8761 - val_loss: 0.2519 - val_acc: 0.9137
Epoch 113/500
65s - loss: 0.3354 - acc: 0.8782 - val_loss: 0.2563 - val_acc: 0.9126
Epoch 114/500
65s - loss: 0.3469 - acc: 0.8784 - val_loss: 0.2544 - val_acc: 0.9137
Epoch 115/500
65s - loss: 0.3475 - acc: 0.8776 - val_loss: 0.2533 - val_acc: 0.9126
Epoch 116/500
65s - loss: 0.3465 - acc: 0.8774 - val_loss: 0.2545 - val_acc: 0.9147
Epoch 117/500
65s - loss: 0.3387 - acc: 0.8750 - val_loss: 0.2537 - val_acc: 0.9126
Epoch 118/500
65s - loss: 0.3268 - acc: 0.8818 - val_loss: 0.2553 - val_acc: 0.9126
Epoch 119/500
65s - loss: 0.3263 - acc: 0.8834 - val_loss: 0.2551 - val_acc: 0.9105
Epoch 120/500
65s - loss: 0.3384 - acc: 0.8847 - val_loss: 0.2566 - val_acc: 0.9116
Epoch 121/500
65s - loss: 0.3262 - acc: 0.8808 - val_loss: 0.2518 - val_acc: 0.9147
Epoch 122/500
65s - loss: 0.3244 - acc: 0.8847 - val_loss: 0.2531 - val_acc: 0.9137
Epoch 123/500
65s - loss: 0.3234 - acc: 0.8813 - val_loss: 0.2506 - val_acc: 0.9137
Epoch 124/500
65s - loss: 0.3334 - acc: 0.8829 - val_loss: 0.2554 - val_acc: 0.9126
Epoch 125/500
65s - loss: 0.3374 - acc: 0.8850 - val_loss: 0.2548 - val_acc: 0.9126
Epoch 126/500
65s - loss: 0.3348 - acc: 0.8829 - val_loss: 0.2561 - val_acc: 0.9126
Epoch 127/500
65s - loss: 0.3351 - acc: 0.8800 - val_loss: 0.2572 - val_acc: 0.9095
Epoch 128/500
65s - loss: 0.3212 - acc: 0.8834 - val_loss: 0.2556 - val_acc: 0.9126
Epoch 129/500
65s - loss: 0.3292 - acc: 0.8821 - val_loss: 0.2562 - val_acc: 0.9116
Epoch 130/500
65s - loss: 0.3210 - acc: 0.8826 - val_loss: 0.2539 - val_acc: 0.9137
Epoch 131/500
65s - loss: 0.3407 - acc: 0.8734 - val_loss: 0.2539 - val_acc: 0.9116
Epoch 132/500
65s - loss: 0.3481 - acc: 0.8861 - val_loss: 0.2569 - val_acc: 0.9105
Epoch 133/500
65s - loss: 0.3364 - acc: 0.8784 - val_loss: 0.2539 - val_acc: 0.9105
Training loss for fold 6 is 0.2492370259134393 with percent 90.84210527570625
Testing loss for fold 6 is 0.24609549901987376 with percent 91.57894733077602
 
No saved trial for kfold.
Train on 3800 samples, validate on 950 samples
Epoch 1/500
65s - loss: 0.3332 - acc: 0.8805 - val_loss: 0.2236 - val_acc: 0.9179
Epoch 2/500
65s - loss: 0.3563 - acc: 0.8774 - val_loss: 0.2231 - val_acc: 0.9179
Epoch 3/500
65s - loss: 0.3368 - acc: 0.8853 - val_loss: 0.2216 - val_acc: 0.9179
Epoch 4/500
65s - loss: 0.3399 - acc: 0.8747 - val_loss: 0.2230 - val_acc: 0.9158
Epoch 5/500
65s - loss: 0.3607 - acc: 0.8726 - val_loss: 0.2231 - val_acc: 0.9179
Epoch 6/500
65s - loss: 0.3549 - acc: 0.8711 - val_loss: 0.2278 - val_acc: 0.9137
Epoch 7/500
65s - loss: 0.3310 - acc: 0.8832 - val_loss: 0.2261 - val_acc: 0.9147
Epoch 8/500
65s - loss: 0.3459 - acc: 0.8805 - val_loss: 0.2252 - val_acc: 0.9158
Epoch 9/500
65s - loss: 0.3336 - acc: 0.8787 - val_loss: 0.2230 - val_acc: 0.9189
Epoch 10/500
65s - loss: 0.3455 - acc: 0.8726 - val_loss: 0.2225 - val_acc: 0.9158
Epoch 11/500
65s - loss: 0.3365 - acc: 0.8818 - val_loss: 0.2252 - val_acc: 0.9158
Epoch 12/500
65s - loss: 0.3529 - acc: 0.8755 - val_loss: 0.2229 - val_acc: 0.9189
Epoch 13/500
65s - loss: 0.3434 - acc: 0.8797 - val_loss: 0.2231 - val_acc: 0.9189
Epoch 14/500
65s - loss: 0.3387 - acc: 0.8792 - val_loss: 0.2254 - val_acc: 0.9158
Epoch 15/500
65s - loss: 0.3499 - acc: 0.8758 - val_loss: 0.2245 - val_acc: 0.9179
Epoch 16/500
65s - loss: 0.3586 - acc: 0.8708 - val_loss: 0.2229 - val_acc: 0.9200
Epoch 17/500
65s - loss: 0.3291 - acc: 0.8916 - val_loss: 0.2259 - val_acc: 0.9126
Epoch 18/500
65s - loss: 0.3508 - acc: 0.8703 - val_loss: 0.2228 - val_acc: 0.9179
Epoch 19/500
65s - loss: 0.3512 - acc: 0.8774 - val_loss: 0.2281 - val_acc: 0.9158
Epoch 20/500
65s - loss: 0.3391 - acc: 0.8842 - val_loss: 0.2247 - val_acc: 0.9179
Epoch 21/500
65s - loss: 0.3376 - acc: 0.8784 - val_loss: 0.2254 - val_acc: 0.9168
Epoch 22/500
65s - loss: 0.3465 - acc: 0.8755 - val_loss: 0.2245 - val_acc: 0.9158
Epoch 23/500
65s - loss: 0.3393 - acc: 0.8866 - val_loss: 0.2269 - val_acc: 0.9147
Epoch 24/500
65s - loss: 0.3579 - acc: 0.8800 - val_loss: 0.2223 - val_acc: 0.9147
Epoch 25/500
65s - loss: 0.3198 - acc: 0.8868 - val_loss: 0.2265 - val_acc: 0.9137
Epoch 26/500
65s - loss: 0.3578 - acc: 0.8732 - val_loss: 0.2241 - val_acc: 0.9147
Epoch 27/500
65s - loss: 0.3426 - acc: 0.8726 - val_loss: 0.2232 - val_acc: 0.9147
Epoch 28/500
65s - loss: 0.3243 - acc: 0.8842 - val_loss: 0.2262 - val_acc: 0.9137
Epoch 29/500
65s - loss: 0.3305 - acc: 0.8882 - val_loss: 0.2277 - val_acc: 0.9158
Epoch 30/500
65s - loss: 0.3468 - acc: 0.8755 - val_loss: 0.2249 - val_acc: 0.9147
Epoch 31/500
65s - loss: 0.3577 - acc: 0.8787 - val_loss: 0.2270 - val_acc: 0.9137
Epoch 32/500
65s - loss: 0.3305 - acc: 0.8897 - val_loss: 0.2245 - val_acc: 0.9179
Epoch 33/500
65s - loss: 0.3410 - acc: 0.8761 - val_loss: 0.2265 - val_acc: 0.9179
Epoch 34/500
65s - loss: 0.3329 - acc: 0.8850 - val_loss: 0.2253 - val_acc: 0.9179
Epoch 35/500
65s - loss: 0.3338 - acc: 0.8766 - val_loss: 0.2279 - val_acc: 0.9147
Epoch 36/500
65s - loss: 0.3325 - acc: 0.8811 - val_loss: 0.2274 - val_acc: 0.9147
Epoch 37/500
65s - loss: 0.3447 - acc: 0.8718 - val_loss: 0.2249 - val_acc: 0.9179
Epoch 38/500
65s - loss: 0.3385 - acc: 0.8805 - val_loss: 0.2271 - val_acc: 0.9158
Epoch 39/500
65s - loss: 0.3430 - acc: 0.8805 - val_loss: 0.2238 - val_acc: 0.9189
Epoch 40/500
65s - loss: 0.3385 - acc: 0.8768 - val_loss: 0.2243 - val_acc: 0.9168
Epoch 41/500
65s - loss: 0.3326 - acc: 0.8824 - val_loss: 0.2249 - val_acc: 0.9147
Epoch 42/500
65s - loss: 0.3238 - acc: 0.8850 - val_loss: 0.2270 - val_acc: 0.9147
Epoch 43/500
65s - loss: 0.3541 - acc: 0.8758 - val_loss: 0.2248 - val_acc: 0.9158
Epoch 44/500
65s - loss: 0.3380 - acc: 0.8808 - val_loss: 0.2258 - val_acc: 0.9158
Epoch 45/500
65s - loss: 0.3521 - acc: 0.8782 - val_loss: 0.2288 - val_acc: 0.9147
Epoch 46/500
65s - loss: 0.3571 - acc: 0.8763 - val_loss: 0.2267 - val_acc: 0.9147
Epoch 47/500
65s - loss: 0.3244 - acc: 0.8900 - val_loss: 0.2246 - val_acc: 0.9179
Epoch 48/500
65s - loss: 0.3407 - acc: 0.8805 - val_loss: 0.2266 - val_acc: 0.9168
Epoch 49/500
65s - loss: 0.3386 - acc: 0.8829 - val_loss: 0.2249 - val_acc: 0.9158
Epoch 50/500
65s - loss: 0.3470 - acc: 0.8776 - val_loss: 0.2224 - val_acc: 0.9168
Epoch 51/500
65s - loss: 0.3408 - acc: 0.8813 - val_loss: 0.2255 - val_acc: 0.9147
Epoch 52/500
65s - loss: 0.3423 - acc: 0.8784 - val_loss: 0.2279 - val_acc: 0.9137
Epoch 53/500
65s - loss: 0.3339 - acc: 0.8776 - val_loss: 0.2253 - val_acc: 0.9137
Epoch 54/500
65s - loss: 0.3383 - acc: 0.8792 - val_loss: 0.2287 - val_acc: 0.9126
Epoch 55/500
65s - loss: 0.3390 - acc: 0.8779 - val_loss: 0.2272 - val_acc: 0.9147
Epoch 56/500
65s - loss: 0.3472 - acc: 0.8795 - val_loss: 0.2270 - val_acc: 0.9179
Epoch 57/500
65s - loss: 0.3404 - acc: 0.8718 - val_loss: 0.2279 - val_acc: 0.9147
Epoch 58/500
65s - loss: 0.3493 - acc: 0.8808 - val_loss: 0.2270 - val_acc: 0.9147
Epoch 59/500
65s - loss: 0.3302 - acc: 0.8839 - val_loss: 0.2269 - val_acc: 0.9158
Epoch 60/500
65s - loss: 0.3374 - acc: 0.8797 - val_loss: 0.2234 - val_acc: 0.9158
Epoch 61/500
65s - loss: 0.3589 - acc: 0.8761 - val_loss: 0.2271 - val_acc: 0.9147
Epoch 62/500
65s - loss: 0.3272 - acc: 0.8834 - val_loss: 0.2270 - val_acc: 0.9147
Epoch 63/500
65s - loss: 0.3214 - acc: 0.8855 - val_loss: 0.2238 - val_acc: 0.9147
Epoch 64/500
65s - loss: 0.3439 - acc: 0.8784 - val_loss: 0.2248 - val_acc: 0.9147
Epoch 65/500
65s - loss: 0.3246 - acc: 0.8792 - val_loss: 0.2255 - val_acc: 0.9147
Epoch 66/500
65s - loss: 0.3247 - acc: 0.8837 - val_loss: 0.2276 - val_acc: 0.9147
Epoch 67/500
65s - loss: 0.3286 - acc: 0.8839 - val_loss: 0.2281 - val_acc: 0.9137
Epoch 68/500
65s - loss: 0.3468 - acc: 0.8808 - val_loss: 0.2268 - val_acc: 0.9147
Epoch 69/500
65s - loss: 0.3349 - acc: 0.8824 - val_loss: 0.2282 - val_acc: 0.9168
Epoch 70/500
65s - loss: 0.3376 - acc: 0.8771 - val_loss: 0.2297 - val_acc: 0.9137
Epoch 71/500
65s - loss: 0.3432 - acc: 0.8792 - val_loss: 0.2293 - val_acc: 0.9126
Epoch 72/500
65s - loss: 0.3369 - acc: 0.8763 - val_loss: 0.2248 - val_acc: 0.9137
Epoch 73/500
65s - loss: 0.3465 - acc: 0.8821 - val_loss: 0.2252 - val_acc: 0.9137
Epoch 74/500
65s - loss: 0.3338 - acc: 0.8826 - val_loss: 0.2255 - val_acc: 0.9137
Epoch 75/500
65s - loss: 0.3291 - acc: 0.8839 - val_loss: 0.2295 - val_acc: 0.9137
Epoch 76/500
65s - loss: 0.3292 - acc: 0.8855 - val_loss: 0.2264 - val_acc: 0.9126
Epoch 77/500
65s - loss: 0.3203 - acc: 0.8839 - val_loss: 0.2305 - val_acc: 0.9126
Epoch 78/500
65s - loss: 0.3409 - acc: 0.8792 - val_loss: 0.2279 - val_acc: 0.9137
Epoch 79/500
65s - loss: 0.3495 - acc: 0.8721 - val_loss: 0.2280 - val_acc: 0.9126
Epoch 80/500
65s - loss: 0.3423 - acc: 0.8776 - val_loss: 0.2261 - val_acc: 0.9168
Epoch 81/500
65s - loss: 0.3287 - acc: 0.8895 - val_loss: 0.2270 - val_acc: 0.9137
Epoch 82/500
65s - loss: 0.3200 - acc: 0.8866 - val_loss: 0.2245 - val_acc: 0.9147
Epoch 83/500
65s - loss: 0.3417 - acc: 0.8750 - val_loss: 0.2261 - val_acc: 0.9137
Epoch 84/500
65s - loss: 0.3274 - acc: 0.8837 - val_loss: 0.2271 - val_acc: 0.9137
Epoch 85/500
65s - loss: 0.3202 - acc: 0.8908 - val_loss: 0.2291 - val_acc: 0.9137
Epoch 86/500
65s - loss: 0.3438 - acc: 0.8855 - val_loss: 0.2268 - val_acc: 0.9147
Training loss for fold 7 is 0.25541447187724864 with percent 90.7631578821885
Testing loss for fold 7 is 0.2216314999053353 with percent 91.78947374695225
 
No saved trial for kfold.
Train on 3800 samples, validate on 950 samples
Epoch 1/500
65s - loss: 0.3511 - acc: 0.8753 - val_loss: 0.2652 - val_acc: 0.9137
Epoch 2/500
65s - loss: 0.3329 - acc: 0.8829 - val_loss: 0.2637 - val_acc: 0.9137
Epoch 3/500
65s - loss: 0.3356 - acc: 0.8837 - val_loss: 0.2642 - val_acc: 0.9116
Epoch 4/500
65s - loss: 0.3256 - acc: 0.8863 - val_loss: 0.2636 - val_acc: 0.9116
Epoch 5/500
65s - loss: 0.3465 - acc: 0.8734 - val_loss: 0.2670 - val_acc: 0.9137
Epoch 6/500
65s - loss: 0.3529 - acc: 0.8782 - val_loss: 0.2643 - val_acc: 0.9158
Epoch 7/500
65s - loss: 0.3166 - acc: 0.8850 - val_loss: 0.2660 - val_acc: 0.9137
Epoch 8/500
65s - loss: 0.3271 - acc: 0.8805 - val_loss: 0.2660 - val_acc: 0.9158
Epoch 9/500
65s - loss: 0.3327 - acc: 0.8755 - val_loss: 0.2639 - val_acc: 0.9158
Epoch 10/500
65s - loss: 0.3398 - acc: 0.8826 - val_loss: 0.2652 - val_acc: 0.9147
Epoch 11/500
65s - loss: 0.3307 - acc: 0.8811 - val_loss: 0.2678 - val_acc: 0.9116
Epoch 12/500
65s - loss: 0.3290 - acc: 0.8821 - val_loss: 0.2674 - val_acc: 0.9126
Epoch 13/500
65s - loss: 0.3296 - acc: 0.8829 - val_loss: 0.2654 - val_acc: 0.9147
Epoch 14/500
65s - loss: 0.3273 - acc: 0.8805 - val_loss: 0.2671 - val_acc: 0.9126
Epoch 15/500
65s - loss: 0.3452 - acc: 0.8766 - val_loss: 0.2679 - val_acc: 0.9116
Epoch 16/500
65s - loss: 0.3377 - acc: 0.8868 - val_loss: 0.2652 - val_acc: 0.9158
Epoch 17/500
65s - loss: 0.3453 - acc: 0.8811 - val_loss: 0.2686 - val_acc: 0.9137
Epoch 18/500
65s - loss: 0.3356 - acc: 0.8800 - val_loss: 0.2661 - val_acc: 0.9126
Epoch 19/500
65s - loss: 0.3418 - acc: 0.8768 - val_loss: 0.2677 - val_acc: 0.9126
Epoch 20/500
65s - loss: 0.3274 - acc: 0.8821 - val_loss: 0.2657 - val_acc: 0.9137
Epoch 21/500
65s - loss: 0.3270 - acc: 0.8821 - val_loss: 0.2679 - val_acc: 0.9105
Epoch 22/500
65s - loss: 0.3360 - acc: 0.8832 - val_loss: 0.2660 - val_acc: 0.9158
Epoch 23/500
66s - loss: 0.3389 - acc: 0.8726 - val_loss: 0.2688 - val_acc: 0.9105
Epoch 24/500
66s - loss: 0.3223 - acc: 0.8916 - val_loss: 0.2688 - val_acc: 0.9105
Epoch 25/500
65s - loss: 0.3272 - acc: 0.8826 - val_loss: 0.2678 - val_acc: 0.9116
Epoch 26/500
65s - loss: 0.3381 - acc: 0.8876 - val_loss: 0.2689 - val_acc: 0.9126
Epoch 27/500
66s - loss: 0.3325 - acc: 0.8803 - val_loss: 0.2673 - val_acc: 0.9137
Epoch 28/500
66s - loss: 0.3215 - acc: 0.8929 - val_loss: 0.2690 - val_acc: 0.9116
Epoch 29/500
65s - loss: 0.3365 - acc: 0.8837 - val_loss: 0.2662 - val_acc: 0.9105
Epoch 30/500
66s - loss: 0.3336 - acc: 0.8792 - val_loss: 0.2675 - val_acc: 0.9105
Epoch 31/500
65s - loss: 0.3386 - acc: 0.8766 - val_loss: 0.2661 - val_acc: 0.9126
Epoch 32/500
65s - loss: 0.3276 - acc: 0.8792 - val_loss: 0.2673 - val_acc: 0.9126
Epoch 33/500
65s - loss: 0.3121 - acc: 0.8916 - val_loss: 0.2649 - val_acc: 0.9147
Epoch 34/500
66s - loss: 0.3297 - acc: 0.8826 - val_loss: 0.2699 - val_acc: 0.9116
Epoch 35/500
66s - loss: 0.3365 - acc: 0.8779 - val_loss: 0.2696 - val_acc: 0.9126
Epoch 36/500
65s - loss: 0.3366 - acc: 0.8839 - val_loss: 0.2677 - val_acc: 0.9084
Epoch 37/500
66s - loss: 0.3415 - acc: 0.8763 - val_loss: 0.2690 - val_acc: 0.9105
Epoch 38/500
65s - loss: 0.3476 - acc: 0.8816 - val_loss: 0.2675 - val_acc: 0.9105
Epoch 39/500
65s - loss: 0.3366 - acc: 0.8737 - val_loss: 0.2689 - val_acc: 0.9095
Epoch 40/500
66s - loss: 0.3228 - acc: 0.8813 - val_loss: 0.2670 - val_acc: 0.9105
Epoch 41/500
66s - loss: 0.3399 - acc: 0.8750 - val_loss: 0.2702 - val_acc: 0.9116
Epoch 42/500
66s - loss: 0.3238 - acc: 0.8845 - val_loss: 0.2665 - val_acc: 0.9116
Epoch 43/500
66s - loss: 0.3456 - acc: 0.8782 - val_loss: 0.2690 - val_acc: 0.9105
Epoch 44/500
66s - loss: 0.3375 - acc: 0.8782 - val_loss: 0.2654 - val_acc: 0.9137
Epoch 45/500
66s - loss: 0.3351 - acc: 0.8800 - val_loss: 0.2686 - val_acc: 0.9116
Epoch 46/500
66s - loss: 0.3223 - acc: 0.8803 - val_loss: 0.2695 - val_acc: 0.9116
Epoch 47/500
66s - loss: 0.3439 - acc: 0.8768 - val_loss: 0.2717 - val_acc: 0.9105
Epoch 48/500
66s - loss: 0.3412 - acc: 0.8792 - val_loss: 0.2708 - val_acc: 0.9105
Epoch 49/500
65s - loss: 0.3237 - acc: 0.8842 - val_loss: 0.2669 - val_acc: 0.9116
Epoch 50/500
66s - loss: 0.3225 - acc: 0.8839 - val_loss: 0.2714 - val_acc: 0.9105
Epoch 51/500
65s - loss: 0.3299 - acc: 0.8850 - val_loss: 0.2699 - val_acc: 0.9126
Epoch 52/500
66s - loss: 0.3223 - acc: 0.8826 - val_loss: 0.2690 - val_acc: 0.9105
Epoch 53/500
65s - loss: 0.3163 - acc: 0.8832 - val_loss: 0.2714 - val_acc: 0.9095
Epoch 54/500
65s - loss: 0.3312 - acc: 0.8768 - val_loss: 0.2688 - val_acc: 0.9116
Epoch 55/500
65s - loss: 0.3086 - acc: 0.8842 - val_loss: 0.2679 - val_acc: 0.9105
Epoch 56/500
66s - loss: 0.3477 - acc: 0.8824 - val_loss: 0.2711 - val_acc: 0.9116
Epoch 57/500
66s - loss: 0.3465 - acc: 0.8789 - val_loss: 0.2707 - val_acc: 0.9095
Epoch 58/500
66s - loss: 0.3260 - acc: 0.8808 - val_loss: 0.2692 - val_acc: 0.9095
Epoch 59/500
65s - loss: 0.3347 - acc: 0.8889 - val_loss: 0.2704 - val_acc: 0.9095
Epoch 60/500
66s - loss: 0.3579 - acc: 0.8705 - val_loss: 0.2750 - val_acc: 0.9084
Epoch 61/500
65s - loss: 0.3520 - acc: 0.8755 - val_loss: 0.2706 - val_acc: 0.9095
Epoch 62/500
66s - loss: 0.3078 - acc: 0.8884 - val_loss: 0.2707 - val_acc: 0.9105
Epoch 63/500
65s - loss: 0.3350 - acc: 0.8808 - val_loss: 0.2679 - val_acc: 0.9116
Epoch 64/500
66s - loss: 0.3322 - acc: 0.8797 - val_loss: 0.2688 - val_acc: 0.9116
Epoch 65/500
66s - loss: 0.3155 - acc: 0.8874 - val_loss: 0.2719 - val_acc: 0.9074
Epoch 66/500
66s - loss: 0.3344 - acc: 0.8805 - val_loss: 0.2735 - val_acc: 0.9074
Epoch 67/500
66s - loss: 0.3326 - acc: 0.8826 - val_loss: 0.2728 - val_acc: 0.9084
Epoch 68/500
66s - loss: 0.3194 - acc: 0.8847 - val_loss: 0.2711 - val_acc: 0.9095
Epoch 69/500
66s - loss: 0.3332 - acc: 0.8779 - val_loss: 0.2724 - val_acc: 0.9095
Epoch 70/500
65s - loss: 0.3378 - acc: 0.8771 - val_loss: 0.2727 - val_acc: 0.9095
Epoch 71/500
66s - loss: 0.3474 - acc: 0.8705 - val_loss: 0.2703 - val_acc: 0.9105
Epoch 72/500
66s - loss: 0.3449 - acc: 0.8818 - val_loss: 0.2696 - val_acc: 0.9105
Epoch 73/500
65s - loss: 0.3250 - acc: 0.8832 - val_loss: 0.2706 - val_acc: 0.9095
Epoch 74/500
65s - loss: 0.3342 - acc: 0.8774 - val_loss: 0.2688 - val_acc: 0.9126
Epoch 75/500
65s - loss: 0.3323 - acc: 0.8803 - val_loss: 0.2725 - val_acc: 0.9084
Epoch 76/500
65s - loss: 0.3304 - acc: 0.8821 - val_loss: 0.2719 - val_acc: 0.9084
Epoch 77/500
65s - loss: 0.3348 - acc: 0.8839 - val_loss: 0.2717 - val_acc: 0.9105
Epoch 78/500
65s - loss: 0.3422 - acc: 0.8805 - val_loss: 0.2716 - val_acc: 0.9105
Epoch 79/500
66s - loss: 0.3245 - acc: 0.8855 - val_loss: 0.2712 - val_acc: 0.9105
Epoch 80/500
65s - loss: 0.3132 - acc: 0.8942 - val_loss: 0.2719 - val_acc: 0.9116
Epoch 81/500
65s - loss: 0.3462 - acc: 0.8742 - val_loss: 0.2711 - val_acc: 0.9105
Epoch 82/500
66s - loss: 0.3383 - acc: 0.8805 - val_loss: 0.2731 - val_acc: 0.9084
Epoch 83/500
65s - loss: 0.3287 - acc: 0.8839 - val_loss: 0.2707 - val_acc: 0.9095
Epoch 84/500
65s - loss: 0.3302 - acc: 0.8834 - val_loss: 0.2738 - val_acc: 0.9074
Epoch 85/500
65s - loss: 0.3153 - acc: 0.8821 - val_loss: 0.2712 - val_acc: 0.9095
Epoch 86/500
65s - loss: 0.3289 - acc: 0.8863 - val_loss: 0.2710 - val_acc: 0.9105
Epoch 87/500
65s - loss: 0.3520 - acc: 0.8745 - val_loss: 0.2689 - val_acc: 0.9105
Epoch 88/500
65s - loss: 0.3422 - acc: 0.8792 - val_loss: 0.2712 - val_acc: 0.9105
Epoch 89/500
65s - loss: 0.3344 - acc: 0.8784 - val_loss: 0.2726 - val_acc: 0.9105
Epoch 90/500
65s - loss: 0.3505 - acc: 0.8792 - val_loss: 0.2739 - val_acc: 0.9095
Epoch 91/500
65s - loss: 0.3269 - acc: 0.8789 - val_loss: 0.2719 - val_acc: 0.9116
Epoch 92/500
65s - loss: 0.3230 - acc: 0.8895 - val_loss: 0.2729 - val_acc: 0.9105
Epoch 93/500
65s - loss: 0.3286 - acc: 0.8805 - val_loss: 0.2733 - val_acc: 0.9105
Epoch 94/500
65s - loss: 0.3531 - acc: 0.8771 - val_loss: 0.2703 - val_acc: 0.9095
Epoch 95/500
65s - loss: 0.3251 - acc: 0.8808 - val_loss: 0.2734 - val_acc: 0.9084
Epoch 96/500
65s - loss: 0.3263 - acc: 0.8808 - val_loss: 0.2730 - val_acc: 0.9084
Epoch 97/500
65s - loss: 0.3252 - acc: 0.8792 - val_loss: 0.2726 - val_acc: 0.9105
Epoch 98/500
65s - loss: 0.3258 - acc: 0.8897 - val_loss: 0.2713 - val_acc: 0.9116
Epoch 99/500
65s - loss: 0.3365 - acc: 0.8805 - val_loss: 0.2736 - val_acc: 0.9095
Epoch 100/500
65s - loss: 0.3367 - acc: 0.8753 - val_loss: 0.2720 - val_acc: 0.9105
Epoch 101/500
65s - loss: 0.3112 - acc: 0.8892 - val_loss: 0.2697 - val_acc: 0.9116
Epoch 102/500
65s - loss: 0.3242 - acc: 0.8858 - val_loss: 0.2726 - val_acc: 0.9084
Epoch 103/500
65s - loss: 0.3235 - acc: 0.8847 - val_loss: 0.2714 - val_acc: 0.9116
Epoch 104/500
65s - loss: 0.3200 - acc: 0.8821 - val_loss: 0.2734 - val_acc: 0.9095
Epoch 105/500
65s - loss: 0.3290 - acc: 0.8739 - val_loss: 0.2750 - val_acc: 0.9095
Epoch 106/500
65s - loss: 0.3398 - acc: 0.8847 - val_loss: 0.2743 - val_acc: 0.9095
Epoch 107/500
65s - loss: 0.3396 - acc: 0.8797 - val_loss: 0.2733 - val_acc: 0.9116
Epoch 108/500
65s - loss: 0.3338 - acc: 0.8755 - val_loss: 0.2749 - val_acc: 0.9095
Epoch 109/500
65s - loss: 0.3428 - acc: 0.8850 - val_loss: 0.2721 - val_acc: 0.9116
Epoch 110/500
65s - loss: 0.3256 - acc: 0.8847 - val_loss: 0.2737 - val_acc: 0.9105
Epoch 111/500
65s - loss: 0.3296 - acc: 0.8834 - val_loss: 0.2724 - val_acc: 0.9116
Epoch 112/500
65s - loss: 0.3387 - acc: 0.8832 - val_loss: 0.2740 - val_acc: 0.9095
Epoch 113/500
65s - loss: 0.3214 - acc: 0.8842 - val_loss: 0.2732 - val_acc: 0.9074
Epoch 114/500
65s - loss: 0.3185 - acc: 0.8918 - val_loss: 0.2728 - val_acc: 0.9084
Epoch 115/500
65s - loss: 0.3366 - acc: 0.8813 - val_loss: 0.2746 - val_acc: 0.9105
Epoch 116/500
65s - loss: 0.3343 - acc: 0.8826 - val_loss: 0.2753 - val_acc: 0.9095
Epoch 117/500
65s - loss: 0.3282 - acc: 0.8811 - val_loss: 0.2724 - val_acc: 0.9126
Epoch 118/500
65s - loss: 0.3315 - acc: 0.8829 - val_loss: 0.2704 - val_acc: 0.9105
Epoch 119/500
65s - loss: 0.3328 - acc: 0.8834 - val_loss: 0.2712 - val_acc: 0.9116
Epoch 120/500
66s - loss: 0.3411 - acc: 0.8787 - val_loss: 0.2697 - val_acc: 0.9126
Epoch 121/500
66s - loss: 0.3208 - acc: 0.8813 - val_loss: 0.2743 - val_acc: 0.9105
Epoch 122/500
65s - loss: 0.3140 - acc: 0.8866 - val_loss: 0.2744 - val_acc: 0.9095
Epoch 123/500
65s - loss: 0.3394 - acc: 0.8800 - val_loss: 0.2739 - val_acc: 0.9105
Training loss for fold 8 is 0.24452838847511693 with percent 90.89473684210526
Testing loss for fold 8 is 0.26355318621585244 with percent 91.15789472429377
 
No saved trial for kfold.
Train on 3800 samples, validate on 950 samples
Epoch 1/500
65s - loss: 0.3228 - acc: 0.8803 - val_loss: 0.2524 - val_acc: 0.9137
Epoch 2/500
65s - loss: 0.3324 - acc: 0.8816 - val_loss: 0.2520 - val_acc: 0.9147
Epoch 3/500
65s - loss: 0.3405 - acc: 0.8853 - val_loss: 0.2546 - val_acc: 0.9137
Epoch 4/500
65s - loss: 0.3248 - acc: 0.8811 - val_loss: 0.2506 - val_acc: 0.9147
Epoch 5/500
65s - loss: 0.3400 - acc: 0.8855 - val_loss: 0.2529 - val_acc: 0.9147
Epoch 6/500
65s - loss: 0.3481 - acc: 0.8789 - val_loss: 0.2500 - val_acc: 0.9158
Epoch 7/500
65s - loss: 0.3253 - acc: 0.8858 - val_loss: 0.2506 - val_acc: 0.9168
Epoch 8/500
65s - loss: 0.3396 - acc: 0.8782 - val_loss: 0.2500 - val_acc: 0.9168
Epoch 9/500
65s - loss: 0.3373 - acc: 0.8845 - val_loss: 0.2508 - val_acc: 0.9168
Epoch 10/500
65s - loss: 0.3517 - acc: 0.8718 - val_loss: 0.2518 - val_acc: 0.9147
Epoch 11/500
65s - loss: 0.3399 - acc: 0.8792 - val_loss: 0.2523 - val_acc: 0.9158
Epoch 12/500
65s - loss: 0.3363 - acc: 0.8850 - val_loss: 0.2553 - val_acc: 0.9147
Epoch 13/500
65s - loss: 0.3490 - acc: 0.8816 - val_loss: 0.2572 - val_acc: 0.9137
Epoch 14/500
65s - loss: 0.3382 - acc: 0.8818 - val_loss: 0.2533 - val_acc: 0.9158
Epoch 15/500
65s - loss: 0.3586 - acc: 0.8726 - val_loss: 0.2525 - val_acc: 0.9158
Epoch 16/500
65s - loss: 0.3454 - acc: 0.8821 - val_loss: 0.2537 - val_acc: 0.9147
Epoch 17/500
65s - loss: 0.3351 - acc: 0.8871 - val_loss: 0.2516 - val_acc: 0.9137
Epoch 18/500
65s - loss: 0.3260 - acc: 0.8868 - val_loss: 0.2492 - val_acc: 0.9158
Epoch 19/500
65s - loss: 0.3388 - acc: 0.8797 - val_loss: 0.2543 - val_acc: 0.9126
Epoch 20/500
65s - loss: 0.3376 - acc: 0.8889 - val_loss: 0.2501 - val_acc: 0.9137
Epoch 21/500
65s - loss: 0.3515 - acc: 0.8792 - val_loss: 0.2535 - val_acc: 0.9126
Epoch 22/500
65s - loss: 0.3527 - acc: 0.8776 - val_loss: 0.2554 - val_acc: 0.9137
Epoch 23/500
65s - loss: 0.3448 - acc: 0.8739 - val_loss: 0.2550 - val_acc: 0.9126
Epoch 24/500
65s - loss: 0.3216 - acc: 0.8821 - val_loss: 0.2545 - val_acc: 0.9126
Epoch 25/500
65s - loss: 0.3348 - acc: 0.8805 - val_loss: 0.2531 - val_acc: 0.9126
Epoch 26/500
65s - loss: 0.3452 - acc: 0.8771 - val_loss: 0.2538 - val_acc: 0.9137
Epoch 27/500
65s - loss: 0.3271 - acc: 0.8803 - val_loss: 0.2560 - val_acc: 0.9126
Epoch 28/500
65s - loss: 0.3376 - acc: 0.8808 - val_loss: 0.2538 - val_acc: 0.9137
Epoch 29/500
65s - loss: 0.3422 - acc: 0.8818 - val_loss: 0.2544 - val_acc: 0.9137
Epoch 30/500
65s - loss: 0.3376 - acc: 0.8832 - val_loss: 0.2552 - val_acc: 0.9137
Epoch 31/500
65s - loss: 0.3395 - acc: 0.8789 - val_loss: 0.2569 - val_acc: 0.9137
Epoch 32/500
65s - loss: 0.3307 - acc: 0.8829 - val_loss: 0.2576 - val_acc: 0.9137
Epoch 33/500
65s - loss: 0.3351 - acc: 0.8811 - val_loss: 0.2564 - val_acc: 0.9126
Epoch 34/500
65s - loss: 0.3262 - acc: 0.8866 - val_loss: 0.2517 - val_acc: 0.9137
Epoch 35/500
65s - loss: 0.3474 - acc: 0.8805 - val_loss: 0.2507 - val_acc: 0.9137
Epoch 36/500
65s - loss: 0.3541 - acc: 0.8705 - val_loss: 0.2536 - val_acc: 0.9137
Epoch 37/500
65s - loss: 0.3226 - acc: 0.8882 - val_loss: 0.2492 - val_acc: 0.9158
Epoch 38/500
65s - loss: 0.3373 - acc: 0.8855 - val_loss: 0.2533 - val_acc: 0.9147
Epoch 39/500
65s - loss: 0.3425 - acc: 0.8834 - val_loss: 0.2518 - val_acc: 0.9147
Epoch 40/500
65s - loss: 0.3240 - acc: 0.8839 - val_loss: 0.2530 - val_acc: 0.9137
Epoch 41/500
65s - loss: 0.3403 - acc: 0.8768 - val_loss: 0.2575 - val_acc: 0.9105
Epoch 42/500
65s - loss: 0.3342 - acc: 0.8821 - val_loss: 0.2538 - val_acc: 0.9147
Epoch 43/500
65s - loss: 0.3391 - acc: 0.8763 - val_loss: 0.2536 - val_acc: 0.9158
Epoch 44/500
65s - loss: 0.3226 - acc: 0.8863 - val_loss: 0.2562 - val_acc: 0.9126
Epoch 45/500
65s - loss: 0.3339 - acc: 0.8795 - val_loss: 0.2571 - val_acc: 0.9126
Epoch 46/500
65s - loss: 0.3325 - acc: 0.8787 - val_loss: 0.2543 - val_acc: 0.9137
Epoch 47/500
65s - loss: 0.3514 - acc: 0.8761 - val_loss: 0.2568 - val_acc: 0.9126
Epoch 48/500
65s - loss: 0.3362 - acc: 0.8800 - val_loss: 0.2521 - val_acc: 0.9147
Epoch 49/500
65s - loss: 0.3292 - acc: 0.8800 - val_loss: 0.2534 - val_acc: 0.9147
Epoch 50/500
65s - loss: 0.3260 - acc: 0.8850 - val_loss: 0.2565 - val_acc: 0.9137
Epoch 51/500
65s - loss: 0.3344 - acc: 0.8829 - val_loss: 0.2565 - val_acc: 0.9126
Epoch 52/500
65s - loss: 0.3269 - acc: 0.8853 - val_loss: 0.2579 - val_acc: 0.9137
Epoch 53/500
65s - loss: 0.3472 - acc: 0.8771 - val_loss: 0.2534 - val_acc: 0.9147
Epoch 54/500
65s - loss: 0.3280 - acc: 0.8803 - val_loss: 0.2539 - val_acc: 0.9137
Epoch 55/500
65s - loss: 0.3272 - acc: 0.8745 - val_loss: 0.2514 - val_acc: 0.9168
Epoch 56/500
65s - loss: 0.3311 - acc: 0.8824 - val_loss: 0.2509 - val_acc: 0.9147
Epoch 57/500
65s - loss: 0.3467 - acc: 0.8805 - val_loss: 0.2551 - val_acc: 0.9137
Epoch 58/500
65s - loss: 0.3564 - acc: 0.8689 - val_loss: 0.2561 - val_acc: 0.9116
Epoch 59/500
65s - loss: 0.3471 - acc: 0.8800 - val_loss: 0.2537 - val_acc: 0.9116
Epoch 60/500
65s - loss: 0.3295 - acc: 0.8874 - val_loss: 0.2539 - val_acc: 0.9126
Epoch 61/500
65s - loss: 0.3333 - acc: 0.8782 - val_loss: 0.2533 - val_acc: 0.9137
Epoch 62/500
65s - loss: 0.3507 - acc: 0.8724 - val_loss: 0.2553 - val_acc: 0.9137
Epoch 63/500
65s - loss: 0.3268 - acc: 0.8850 - val_loss: 0.2565 - val_acc: 0.9126
Epoch 64/500
65s - loss: 0.3464 - acc: 0.8784 - val_loss: 0.2564 - val_acc: 0.9126
Epoch 65/500
65s - loss: 0.3369 - acc: 0.8816 - val_loss: 0.2550 - val_acc: 0.9147
Epoch 66/500
65s - loss: 0.3031 - acc: 0.8876 - val_loss: 0.2546 - val_acc: 0.9126
Epoch 67/500
65s - loss: 0.3477 - acc: 0.8763 - val_loss: 0.2558 - val_acc: 0.9126
Epoch 68/500
65s - loss: 0.3498 - acc: 0.8766 - val_loss: 0.2513 - val_acc: 0.9179
Epoch 69/500
65s - loss: 0.3579 - acc: 0.8726 - val_loss: 0.2554 - val_acc: 0.9116
Epoch 70/500
65s - loss: 0.3357 - acc: 0.8758 - val_loss: 0.2553 - val_acc: 0.9116
Epoch 71/500
65s - loss: 0.3244 - acc: 0.8884 - val_loss: 0.2529 - val_acc: 0.9137
Epoch 72/500
65s - loss: 0.3342 - acc: 0.8813 - val_loss: 0.2543 - val_acc: 0.9126
Epoch 73/500
65s - loss: 0.3267 - acc: 0.8863 - val_loss: 0.2552 - val_acc: 0.9126
Epoch 74/500
65s - loss: 0.3316 - acc: 0.8824 - val_loss: 0.2603 - val_acc: 0.9116
Epoch 75/500
65s - loss: 0.3315 - acc: 0.8845 - val_loss: 0.2546 - val_acc: 0.9137
Epoch 76/500
65s - loss: 0.3219 - acc: 0.8911 - val_loss: 0.2568 - val_acc: 0.9116
Epoch 77/500
65s - loss: 0.3547 - acc: 0.8818 - val_loss: 0.2580 - val_acc: 0.9116
Epoch 78/500
65s - loss: 0.3160 - acc: 0.8837 - val_loss: 0.2614 - val_acc: 0.9116
Epoch 79/500
65s - loss: 0.3324 - acc: 0.8850 - val_loss: 0.2561 - val_acc: 0.9126
Epoch 80/500
65s - loss: 0.3419 - acc: 0.8763 - val_loss: 0.2557 - val_acc: 0.9126
Epoch 81/500
65s - loss: 0.3319 - acc: 0.8895 - val_loss: 0.2541 - val_acc: 0.9137
Epoch 82/500
65s - loss: 0.3459 - acc: 0.8787 - val_loss: 0.2524 - val_acc: 0.9147
Epoch 83/500
65s - loss: 0.3359 - acc: 0.8811 - val_loss: 0.2543 - val_acc: 0.9137
Epoch 84/500
65s - loss: 0.3355 - acc: 0.8813 - val_loss: 0.2577 - val_acc: 0.9116
Epoch 85/500
65s - loss: 0.3386 - acc: 0.8784 - val_loss: 0.2580 - val_acc: 0.9126
Epoch 86/500
65s - loss: 0.3268 - acc: 0.8861 - val_loss: 0.2600 - val_acc: 0.9116
Epoch 87/500
65s - loss: 0.3497 - acc: 0.8787 - val_loss: 0.2580 - val_acc: 0.9105
Epoch 88/500
65s - loss: 0.3257 - acc: 0.8792 - val_loss: 0.2571 - val_acc: 0.9116
Epoch 89/500
65s - loss: 0.3215 - acc: 0.8868 - val_loss: 0.2601 - val_acc: 0.9116
Epoch 90/500
65s - loss: 0.3403 - acc: 0.8771 - val_loss: 0.2588 - val_acc: 0.9126
Epoch 91/500
65s - loss: 0.3212 - acc: 0.8884 - val_loss: 0.2577 - val_acc: 0.9116
Epoch 92/500
65s - loss: 0.3488 - acc: 0.8805 - val_loss: 0.2581 - val_acc: 0.9126
Epoch 93/500
65s - loss: 0.3386 - acc: 0.8871 - val_loss: 0.2595 - val_acc: 0.9116
Epoch 94/500
65s - loss: 0.3505 - acc: 0.8813 - val_loss: 0.2581 - val_acc: 0.9116
Epoch 95/500
65s - loss: 0.3352 - acc: 0.8821 - val_loss: 0.2600 - val_acc: 0.9116
Epoch 96/500
65s - loss: 0.3387 - acc: 0.8784 - val_loss: 0.2590 - val_acc: 0.9116
Epoch 97/500
65s - loss: 0.3283 - acc: 0.8818 - val_loss: 0.2573 - val_acc: 0.9126
Epoch 98/500
65s - loss: 0.3441 - acc: 0.8721 - val_loss: 0.2596 - val_acc: 0.9126
Epoch 99/500
65s - loss: 0.3408 - acc: 0.8866 - val_loss: 0.2600 - val_acc: 0.9116
Epoch 100/500
65s - loss: 0.3416 - acc: 0.8821 - val_loss: 0.2600 - val_acc: 0.9116
Epoch 101/500
65s - loss: 0.3569 - acc: 0.8789 - val_loss: 0.2625 - val_acc: 0.9116
Epoch 102/500
65s - loss: 0.3393 - acc: 0.8782 - val_loss: 0.2613 - val_acc: 0.9105
Epoch 103/500
65s - loss: 0.3363 - acc: 0.8839 - val_loss: 0.2589 - val_acc: 0.9116
Epoch 104/500
65s - loss: 0.3287 - acc: 0.8826 - val_loss: 0.2586 - val_acc: 0.9116
Epoch 105/500
65s - loss: 0.3342 - acc: 0.8795 - val_loss: 0.2560 - val_acc: 0.9126
Epoch 106/500
65s - loss: 0.3295 - acc: 0.8847 - val_loss: 0.2564 - val_acc: 0.9116
Epoch 107/500
65s - loss: 0.3361 - acc: 0.8818 - val_loss: 0.2571 - val_acc: 0.9126
Epoch 108/500
65s - loss: 0.3305 - acc: 0.8803 - val_loss: 0.2605 - val_acc: 0.9116
Epoch 109/500
65s - loss: 0.3397 - acc: 0.8882 - val_loss: 0.2578 - val_acc: 0.9116
Epoch 110/500
65s - loss: 0.3322 - acc: 0.8792 - val_loss: 0.2572 - val_acc: 0.9126
Epoch 111/500
65s - loss: 0.3440 - acc: 0.8803 - val_loss: 0.2531 - val_acc: 0.9137
Epoch 112/500
65s - loss: 0.3452 - acc: 0.8726 - val_loss: 0.2588 - val_acc: 0.9105
Epoch 113/500
65s - loss: 0.3343 - acc: 0.8826 - val_loss: 0.2586 - val_acc: 0.9126
Epoch 114/500
65s - loss: 0.3340 - acc: 0.8824 - val_loss: 0.2604 - val_acc: 0.9105
Epoch 115/500
65s - loss: 0.3342 - acc: 0.8816 - val_loss: 0.2544 - val_acc: 0.9137
Epoch 116/500
65s - loss: 0.3250 - acc: 0.8903 - val_loss: 0.2590 - val_acc: 0.9105
Epoch 117/500
65s - loss: 0.3388 - acc: 0.8839 - val_loss: 0.2579 - val_acc: 0.9126
Epoch 118/500
65s - loss: 0.3217 - acc: 0.8839 - val_loss: 0.2564 - val_acc: 0.9137
Epoch 119/500
65s - loss: 0.3356 - acc: 0.8766 - val_loss: 0.2610 - val_acc: 0.9116
Epoch 120/500
65s - loss: 0.3444 - acc: 0.8826 - val_loss: 0.2600 - val_acc: 0.9116
Epoch 121/500
65s - loss: 0.3271 - acc: 0.8871 - val_loss: 0.2574 - val_acc: 0.9126
Epoch 122/500
65s - loss: 0.3443 - acc: 0.8816 - val_loss: 0.2574 - val_acc: 0.9137
Epoch 123/500
65s - loss: 0.3368 - acc: 0.8866 - val_loss: 0.2571 - val_acc: 0.9137
Epoch 124/500
65s - loss: 0.3309 - acc: 0.8784 - val_loss: 0.2564 - val_acc: 0.9116
Epoch 125/500
65s - loss: 0.3579 - acc: 0.8721 - val_loss: 0.2624 - val_acc: 0.9116
Epoch 126/500
65s - loss: 0.3311 - acc: 0.8813 - val_loss: 0.2635 - val_acc: 0.9116
Epoch 127/500
65s - loss: 0.3450 - acc: 0.8737 - val_loss: 0.2623 - val_acc: 0.9105
Training loss for fold 9 is 0.24890345764787575 with percent 90.89473682955692
Testing loss for fold 9 is 0.24918391666914289 with percent 91.57894739351774
 
Done training kfolds. Results:
[[0.2012808  0.92394737 0.43731391 0.85894737]
 [0.23763997 0.91289474 0.25096698 0.90842105]
 [0.24788855 0.91052632 0.25355071 0.90526316]
 [0.25046692 0.90894737 0.23177724 0.91578947]
 [0.24813654 0.90815789 0.24650683 0.91578947]
 [0.24666105 0.90894737 0.25412938 0.91263158]
 [0.24923703 0.90842105 0.2460955  0.91578947]
 [0.25541447 0.90763158 0.2216315  0.91789474]
 [0.24452839 0.90894737 0.26355319 0.91157895]
 [0.24890346 0.90894737 0.24918392 0.91578947]]
