Using TensorFlow backend.
/users/PAS1383/osu10171/.conda/envs/local/lib/python2.7/site-packages/h5py/__init__.py:34: FutureWarning: Conversion of the second argument of issubdtype from `float` to `np.floating` is deprecated. In future, it will be treated as `np.float64 == np.dtype(float).type`.
  from ._conv import register_converters as _register_converters
 
Found train data with correct size
 
 
Found test data with correct size
 
/users/PAS1383/osu10171/.conda/envs/local/lib/python2.7/site-packages/sklearn/cross_validation.py:41: DeprecationWarning: This module was deprecated in version 0.18 in favor of the model_selection module into which all the refactored classes and functions are moved. Also note that the interface of the new CV iterators are different from that of this module. This module will be removed in 0.20.
  "This module will be removed in 0.20.", DeprecationWarning)
 
Found model
 
2018-08-03 16:37:48.355776: W tensorflow/core/platform/cpu_feature_guard.cc:45] The TensorFlow library wasn't compiled to use SSE4.1 instructions, but these are available on your machine and could speed up CPU computations.
2018-08-03 16:37:48.356507: W tensorflow/core/platform/cpu_feature_guard.cc:45] The TensorFlow library wasn't compiled to use SSE4.2 instructions, but these are available on your machine and could speed up CPU computations.
 
Pulling kfold 0 from previous runs
 
Bad saved trial. Testing acc <0.9%. Rerunning ...
 
Train on 3800 samples, validate on 950 samples
Epoch 1/500
64s - loss: 0.2542 - acc: 0.9071 - val_loss: 0.4551 - val_acc: 0.8505
Epoch 2/500
63s - loss: 0.2707 - acc: 0.9021 - val_loss: 0.4463 - val_acc: 0.8568
Epoch 3/500
63s - loss: 0.2845 - acc: 0.8916 - val_loss: 0.4596 - val_acc: 0.8537
Epoch 4/500
63s - loss: 0.2943 - acc: 0.8887 - val_loss: 0.4559 - val_acc: 0.8558
Epoch 5/500
63s - loss: 0.2925 - acc: 0.8924 - val_loss: 0.4924 - val_acc: 0.8432
Epoch 6/500
63s - loss: 0.2984 - acc: 0.8913 - val_loss: 0.5134 - val_acc: 0.8347
Epoch 7/500
63s - loss: 0.3165 - acc: 0.8832 - val_loss: 0.5060 - val_acc: 0.8389
Epoch 8/500
63s - loss: 0.2972 - acc: 0.8905 - val_loss: 0.4856 - val_acc: 0.8389
Epoch 9/500
62s - loss: 0.2804 - acc: 0.8900 - val_loss: 0.4784 - val_acc: 0.8432
Epoch 10/500
62s - loss: 0.2971 - acc: 0.8913 - val_loss: 0.4604 - val_acc: 0.8463
Epoch 11/500
62s - loss: 0.2901 - acc: 0.8968 - val_loss: 0.4545 - val_acc: 0.8463
Epoch 12/500
62s - loss: 0.3038 - acc: 0.8879 - val_loss: 0.4555 - val_acc: 0.8495
Epoch 13/500
62s - loss: 0.3044 - acc: 0.8892 - val_loss: 0.4562 - val_acc: 0.8474
Epoch 14/500
63s - loss: 0.3009 - acc: 0.8889 - val_loss: 0.4578 - val_acc: 0.8495
Epoch 15/500
62s - loss: 0.2951 - acc: 0.8900 - val_loss: 0.4614 - val_acc: 0.8495
Epoch 16/500
62s - loss: 0.2802 - acc: 0.9008 - val_loss: 0.4604 - val_acc: 0.8463
Epoch 17/500
62s - loss: 0.2710 - acc: 0.9008 - val_loss: 0.4561 - val_acc: 0.8505
Epoch 18/500
62s - loss: 0.2900 - acc: 0.8921 - val_loss: 0.4534 - val_acc: 0.8505
Epoch 19/500
62s - loss: 0.2836 - acc: 0.8982 - val_loss: 0.4536 - val_acc: 0.8505
Epoch 20/500
62s - loss: 0.2924 - acc: 0.8921 - val_loss: 0.4550 - val_acc: 0.8505
Epoch 21/500
62s - loss: 0.2860 - acc: 0.8968 - val_loss: 0.4534 - val_acc: 0.8505
Epoch 22/500
62s - loss: 0.3092 - acc: 0.8874 - val_loss: 0.4554 - val_acc: 0.8495
Epoch 23/500
62s - loss: 0.2892 - acc: 0.8863 - val_loss: 0.4521 - val_acc: 0.8516
Epoch 24/500
62s - loss: 0.2739 - acc: 0.8961 - val_loss: 0.4504 - val_acc: 0.8516
Epoch 25/500
62s - loss: 0.2931 - acc: 0.8939 - val_loss: 0.4490 - val_acc: 0.8526
Epoch 26/500
62s - loss: 0.2896 - acc: 0.8913 - val_loss: 0.4522 - val_acc: 0.8516
Epoch 27/500
62s - loss: 0.2952 - acc: 0.8934 - val_loss: 0.4529 - val_acc: 0.8516
Epoch 28/500
62s - loss: 0.2908 - acc: 0.8953 - val_loss: 0.4572 - val_acc: 0.8505
Epoch 29/500
62s - loss: 0.2691 - acc: 0.9037 - val_loss: 0.4549 - val_acc: 0.8526
Epoch 30/500
62s - loss: 0.2830 - acc: 0.8984 - val_loss: 0.4510 - val_acc: 0.8516
Epoch 31/500
62s - loss: 0.2794 - acc: 0.8945 - val_loss: 0.4535 - val_acc: 0.8526
Epoch 32/500
62s - loss: 0.2922 - acc: 0.8868 - val_loss: 0.4538 - val_acc: 0.8516
Epoch 33/500
62s - loss: 0.2876 - acc: 0.8929 - val_loss: 0.4511 - val_acc: 0.8516
Epoch 34/500
62s - loss: 0.2917 - acc: 0.8918 - val_loss: 0.4576 - val_acc: 0.8495
Epoch 35/500
62s - loss: 0.2801 - acc: 0.8950 - val_loss: 0.4544 - val_acc: 0.8505
Epoch 36/500
62s - loss: 0.2962 - acc: 0.8953 - val_loss: 0.4504 - val_acc: 0.8516
Epoch 37/500
62s - loss: 0.2937 - acc: 0.8903 - val_loss: 0.4521 - val_acc: 0.8505
Epoch 38/500
62s - loss: 0.3109 - acc: 0.8874 - val_loss: 0.4493 - val_acc: 0.8505
Epoch 39/500
62s - loss: 0.2904 - acc: 0.8905 - val_loss: 0.4509 - val_acc: 0.8516
Epoch 40/500
62s - loss: 0.3145 - acc: 0.8845 - val_loss: 0.4525 - val_acc: 0.8516
Epoch 41/500
62s - loss: 0.3035 - acc: 0.8918 - val_loss: 0.4496 - val_acc: 0.8516
Epoch 42/500
62s - loss: 0.2674 - acc: 0.9005 - val_loss: 0.4566 - val_acc: 0.8505
Epoch 43/500
62s - loss: 0.2984 - acc: 0.8853 - val_loss: 0.4533 - val_acc: 0.8495
Epoch 44/500
62s - loss: 0.2816 - acc: 0.8945 - val_loss: 0.4595 - val_acc: 0.8505
Epoch 45/500
62s - loss: 0.2819 - acc: 0.8932 - val_loss: 0.4557 - val_acc: 0.8516
Epoch 46/500
62s - loss: 0.2925 - acc: 0.8937 - val_loss: 0.4564 - val_acc: 0.8505
Epoch 47/500
62s - loss: 0.2977 - acc: 0.8903 - val_loss: 0.4530 - val_acc: 0.8505
Epoch 48/500
62s - loss: 0.3002 - acc: 0.8874 - val_loss: 0.4549 - val_acc: 0.8505
Epoch 49/500
62s - loss: 0.3054 - acc: 0.8874 - val_loss: 0.4516 - val_acc: 0.8505
Epoch 50/500
62s - loss: 0.2941 - acc: 0.8932 - val_loss: 0.4526 - val_acc: 0.8505
Epoch 51/500
62s - loss: 0.2940 - acc: 0.8863 - val_loss: 0.4564 - val_acc: 0.8495
Epoch 52/500
62s - loss: 0.2817 - acc: 0.8900 - val_loss: 0.4536 - val_acc: 0.8505
Epoch 53/500
62s - loss: 0.2879 - acc: 0.8884 - val_loss: 0.4511 - val_acc: 0.8495
Epoch 54/500
62s - loss: 0.2860 - acc: 0.8958 - val_loss: 0.4484 - val_acc: 0.8505
Epoch 55/500
62s - loss: 0.2859 - acc: 0.8934 - val_loss: 0.4539 - val_acc: 0.8505
Epoch 56/500
62s - loss: 0.2856 - acc: 0.8926 - val_loss: 0.4546 - val_acc: 0.8495
Epoch 57/500
62s - loss: 0.2801 - acc: 0.8966 - val_loss: 0.4525 - val_acc: 0.8505
Epoch 58/500
62s - loss: 0.2785 - acc: 0.8989 - val_loss: 0.4516 - val_acc: 0.8505
Epoch 59/500
63s - loss: 0.2987 - acc: 0.8866 - val_loss: 0.4557 - val_acc: 0.8495
Epoch 60/500
63s - loss: 0.2844 - acc: 0.8961 - val_loss: 0.4579 - val_acc: 0.8505
Epoch 61/500
63s - loss: 0.2734 - acc: 0.8979 - val_loss: 0.4564 - val_acc: 0.8495
Epoch 62/500
63s - loss: 0.2969 - acc: 0.8900 - val_loss: 0.4522 - val_acc: 0.8505
Training loss for fold 0 is 0.20325765973643253 with percent 92.44736840850429
Testing loss for fold 0 is 0.4463088452188592 with percent 85.68421055141249
 
 
Pulling kfold 1 from previous runs
Training loss for fold 1 is 0.23763996820700797 with percent 91.28947367166218
Testing loss for fold 1 is 0.25096697612812646 with percent 90.84210525060955
 
 
Pulling kfold 2 from previous runs
Training loss for fold 2 is 0.24788855100932874 with percent 91.05263159149571
Testing loss for fold 2 is 0.25355070537642427 with percent 90.52631575182865
 
 
Pulling kfold 3 from previous runs
Training loss for fold 3 is 0.25046692239610774 with percent 90.89473685465362
Testing loss for fold 3 is 0.23177723580285123 with percent 91.57894743116279
 
 
Pulling kfold 4 from previous runs
Training loss for fold 4 is 0.24813654124736786 with percent 90.81578946113586
Testing loss for fold 4 is 0.24650683440660176 with percent 91.57894733077602
 
 
Pulling kfold 5 from previous runs
Training loss for fold 5 is 0.24666104572383982 with percent 90.89473684210526
Testing loss for fold 5 is 0.25412937772901434 with percent 91.26315795747857
 
 
Pulling kfold 6 from previous runs
Training loss for fold 6 is 0.2492370259134393 with percent 90.84210527570625
Testing loss for fold 6 is 0.24609549901987376 with percent 91.57894733077602
 
 
Pulling kfold 7 from previous runs
Training loss for fold 7 is 0.25541447187724864 with percent 90.7631578821885
Testing loss for fold 7 is 0.2216314999053353 with percent 91.78947374695225
 
 
Pulling kfold 8 from previous runs
Training loss for fold 8 is 0.24452838847511693 with percent 90.89473684210526
Testing loss for fold 8 is 0.26355318621585244 with percent 91.15789472429377
 
 
Pulling kfold 9 from previous runs
Training loss for fold 9 is 0.24890345764787575 with percent 90.89473682955692
Testing loss for fold 9 is 0.24918391666914289 with percent 91.57894739351774
 
No saved trial for kfold.
Train on 3800 samples, validate on 950 samples
Epoch 1/500
63s - loss: 0.3268 - acc: 0.8861 - val_loss: 0.2658 - val_acc: 0.9011
Epoch 2/500
63s - loss: 0.3303 - acc: 0.8782 - val_loss: 0.2684 - val_acc: 0.8968
Epoch 3/500
63s - loss: 0.3306 - acc: 0.8845 - val_loss: 0.2683 - val_acc: 0.8989
Epoch 4/500
63s - loss: 0.3433 - acc: 0.8824 - val_loss: 0.2690 - val_acc: 0.8989
Epoch 5/500
63s - loss: 0.3344 - acc: 0.8808 - val_loss: 0.2685 - val_acc: 0.8989
Epoch 6/500
63s - loss: 0.3361 - acc: 0.8829 - val_loss: 0.2671 - val_acc: 0.8989
Epoch 7/500
63s - loss: 0.3259 - acc: 0.8816 - val_loss: 0.2681 - val_acc: 0.8989
Epoch 8/500
63s - loss: 0.3267 - acc: 0.8853 - val_loss: 0.2662 - val_acc: 0.8989
Epoch 9/500
63s - loss: 0.3351 - acc: 0.8761 - val_loss: 0.2690 - val_acc: 0.8989
Epoch 10/500
63s - loss: 0.3301 - acc: 0.8789 - val_loss: 0.2711 - val_acc: 0.8979
Epoch 11/500
63s - loss: 0.3278 - acc: 0.8839 - val_loss: 0.2678 - val_acc: 0.9000
Epoch 12/500
63s - loss: 0.3262 - acc: 0.8821 - val_loss: 0.2714 - val_acc: 0.8989
Epoch 13/500
63s - loss: 0.3203 - acc: 0.8932 - val_loss: 0.2675 - val_acc: 0.9000
Epoch 14/500
63s - loss: 0.3234 - acc: 0.8874 - val_loss: 0.2675 - val_acc: 0.9000
Epoch 15/500
63s - loss: 0.3193 - acc: 0.8829 - val_loss: 0.2708 - val_acc: 0.8989
Epoch 16/500
63s - loss: 0.3258 - acc: 0.8824 - val_loss: 0.2705 - val_acc: 0.8989
Epoch 17/500
63s - loss: 0.3352 - acc: 0.8871 - val_loss: 0.2671 - val_acc: 0.9000
Epoch 18/500
63s - loss: 0.3447 - acc: 0.8813 - val_loss: 0.2707 - val_acc: 0.8989
Epoch 19/500
63s - loss: 0.3466 - acc: 0.8779 - val_loss: 0.2714 - val_acc: 0.8968
Epoch 20/500
63s - loss: 0.3247 - acc: 0.8868 - val_loss: 0.2735 - val_acc: 0.8958
Epoch 21/500
63s - loss: 0.3347 - acc: 0.8847 - val_loss: 0.2698 - val_acc: 0.8979
Epoch 22/500
63s - loss: 0.3335 - acc: 0.8884 - val_loss: 0.2697 - val_acc: 0.8979
Epoch 23/500
63s - loss: 0.3462 - acc: 0.8795 - val_loss: 0.2731 - val_acc: 0.8979
Epoch 24/500
63s - loss: 0.3324 - acc: 0.8858 - val_loss: 0.2711 - val_acc: 0.8989
Epoch 25/500
63s - loss: 0.3254 - acc: 0.8774 - val_loss: 0.2694 - val_acc: 0.8989
Epoch 26/500
63s - loss: 0.3207 - acc: 0.8855 - val_loss: 0.2693 - val_acc: 0.9000
Epoch 27/500
63s - loss: 0.3474 - acc: 0.8742 - val_loss: 0.2706 - val_acc: 0.9011
Epoch 28/500
63s - loss: 0.3336 - acc: 0.8824 - val_loss: 0.2728 - val_acc: 0.8989
Epoch 29/500
63s - loss: 0.3417 - acc: 0.8792 - val_loss: 0.2698 - val_acc: 0.9000
Epoch 30/500
63s - loss: 0.3295 - acc: 0.8824 - val_loss: 0.2739 - val_acc: 0.8968
Epoch 31/500
63s - loss: 0.3122 - acc: 0.8887 - val_loss: 0.2727 - val_acc: 0.8979
Epoch 32/500
63s - loss: 0.3299 - acc: 0.8795 - val_loss: 0.2701 - val_acc: 0.8979
Epoch 33/500
63s - loss: 0.3177 - acc: 0.8861 - val_loss: 0.2722 - val_acc: 0.8979
Epoch 34/500
63s - loss: 0.3559 - acc: 0.8784 - val_loss: 0.2708 - val_acc: 0.8968
Epoch 35/500
63s - loss: 0.3276 - acc: 0.8842 - val_loss: 0.2685 - val_acc: 0.8989
Epoch 36/500
63s - loss: 0.3423 - acc: 0.8724 - val_loss: 0.2710 - val_acc: 0.8968
Epoch 37/500
63s - loss: 0.3220 - acc: 0.8884 - val_loss: 0.2684 - val_acc: 0.9000
Epoch 38/500
63s - loss: 0.3468 - acc: 0.8866 - val_loss: 0.2705 - val_acc: 0.9000
Epoch 39/500
63s - loss: 0.3284 - acc: 0.8816 - val_loss: 0.2722 - val_acc: 0.8989
Epoch 40/500
63s - loss: 0.3379 - acc: 0.8824 - val_loss: 0.2730 - val_acc: 0.8958
Epoch 41/500
63s - loss: 0.3350 - acc: 0.8732 - val_loss: 0.2674 - val_acc: 0.9000
Epoch 42/500
63s - loss: 0.3267 - acc: 0.8887 - val_loss: 0.2705 - val_acc: 0.8979
Epoch 43/500
63s - loss: 0.3362 - acc: 0.8813 - val_loss: 0.2710 - val_acc: 0.8979
Epoch 44/500
63s - loss: 0.3355 - acc: 0.8803 - val_loss: 0.2725 - val_acc: 0.8979
Epoch 45/500
63s - loss: 0.3278 - acc: 0.8850 - val_loss: 0.2713 - val_acc: 0.9011
Epoch 46/500
63s - loss: 0.3371 - acc: 0.8750 - val_loss: 0.2690 - val_acc: 0.9000
Epoch 47/500
63s - loss: 0.3385 - acc: 0.8805 - val_loss: 0.2702 - val_acc: 0.9011
Epoch 48/500
63s - loss: 0.3343 - acc: 0.8826 - val_loss: 0.2708 - val_acc: 0.8989
Epoch 49/500
63s - loss: 0.3415 - acc: 0.8805 - val_loss: 0.2717 - val_acc: 0.8979
Epoch 50/500
63s - loss: 0.3427 - acc: 0.8734 - val_loss: 0.2710 - val_acc: 0.8989
Epoch 51/500
63s - loss: 0.3174 - acc: 0.8847 - val_loss: 0.2705 - val_acc: 0.9000
Epoch 52/500
63s - loss: 0.3400 - acc: 0.8824 - val_loss: 0.2716 - val_acc: 0.8989
Epoch 53/500
63s - loss: 0.3369 - acc: 0.8774 - val_loss: 0.2685 - val_acc: 0.9011
Epoch 54/500
63s - loss: 0.3386 - acc: 0.8805 - val_loss: 0.2717 - val_acc: 0.8989
Epoch 55/500
63s - loss: 0.3333 - acc: 0.8839 - val_loss: 0.2735 - val_acc: 0.8979
Epoch 56/500
63s - loss: 0.3345 - acc: 0.8871 - val_loss: 0.2719 - val_acc: 0.9000
Epoch 57/500
63s - loss: 0.3282 - acc: 0.8834 - val_loss: 0.2740 - val_acc: 0.8968
Epoch 58/500
63s - loss: 0.3324 - acc: 0.8889 - val_loss: 0.2696 - val_acc: 0.9011
Epoch 59/500
63s - loss: 0.3412 - acc: 0.8779 - val_loss: 0.2695 - val_acc: 0.9011
Epoch 60/500
63s - loss: 0.3335 - acc: 0.8784 - val_loss: 0.2697 - val_acc: 0.9000
Epoch 61/500
63s - loss: 0.3309 - acc: 0.8797 - val_loss: 0.2701 - val_acc: 0.9000
Epoch 62/500
63s - loss: 0.3299 - acc: 0.8845 - val_loss: 0.2735 - val_acc: 0.8968
Epoch 63/500
63s - loss: 0.3387 - acc: 0.8789 - val_loss: 0.2738 - val_acc: 0.9000
Epoch 64/500
63s - loss: 0.3380 - acc: 0.8758 - val_loss: 0.2726 - val_acc: 0.9000
Epoch 65/500
63s - loss: 0.3303 - acc: 0.8818 - val_loss: 0.2746 - val_acc: 0.8979
Epoch 66/500
63s - loss: 0.3318 - acc: 0.8808 - val_loss: 0.2711 - val_acc: 0.9011
Epoch 67/500
63s - loss: 0.3417 - acc: 0.8866 - val_loss: 0.2732 - val_acc: 0.9000
Epoch 68/500
63s - loss: 0.3352 - acc: 0.8811 - val_loss: 0.2749 - val_acc: 0.8979
Epoch 69/500
63s - loss: 0.3187 - acc: 0.8816 - val_loss: 0.2708 - val_acc: 0.9000
Epoch 70/500
63s - loss: 0.3158 - acc: 0.8832 - val_loss: 0.2734 - val_acc: 0.8989
Epoch 71/500
63s - loss: 0.3345 - acc: 0.8816 - val_loss: 0.2708 - val_acc: 0.9000
Epoch 72/500
63s - loss: 0.3279 - acc: 0.8861 - val_loss: 0.2704 - val_acc: 0.9011
Epoch 73/500
63s - loss: 0.3368 - acc: 0.8797 - val_loss: 0.2753 - val_acc: 0.8989
Epoch 74/500
63s - loss: 0.3599 - acc: 0.8753 - val_loss: 0.2747 - val_acc: 0.8979
Epoch 75/500
63s - loss: 0.3221 - acc: 0.8884 - val_loss: 0.2722 - val_acc: 0.8979
Epoch 76/500
63s - loss: 0.3324 - acc: 0.8779 - val_loss: 0.2722 - val_acc: 0.8989
Epoch 77/500
63s - loss: 0.3350 - acc: 0.8832 - val_loss: 0.2718 - val_acc: 0.9000
Epoch 78/500
63s - loss: 0.3251 - acc: 0.8858 - val_loss: 0.2698 - val_acc: 0.9011
Epoch 79/500
63s - loss: 0.3204 - acc: 0.8871 - val_loss: 0.2713 - val_acc: 0.9000
Epoch 80/500
63s - loss: 0.3399 - acc: 0.8758 - val_loss: 0.2697 - val_acc: 0.9021
Epoch 81/500
63s - loss: 0.3379 - acc: 0.8713 - val_loss: 0.2722 - val_acc: 0.9000
Epoch 82/500
63s - loss: 0.3360 - acc: 0.8808 - val_loss: 0.2754 - val_acc: 0.8968
Epoch 83/500
63s - loss: 0.3211 - acc: 0.8800 - val_loss: 0.2711 - val_acc: 0.9021
Epoch 84/500
63s - loss: 0.3338 - acc: 0.8750 - val_loss: 0.2723 - val_acc: 0.9000
Epoch 85/500
63s - loss: 0.3273 - acc: 0.8789 - val_loss: 0.2732 - val_acc: 0.9000
Epoch 86/500
63s - loss: 0.3307 - acc: 0.8811 - val_loss: 0.2710 - val_acc: 0.9000
Epoch 87/500
63s - loss: 0.3480 - acc: 0.8755 - val_loss: 0.2735 - val_acc: 0.9000
Epoch 88/500
63s - loss: 0.3309 - acc: 0.8842 - val_loss: 0.2723 - val_acc: 0.9000
Epoch 89/500
63s - loss: 0.3358 - acc: 0.8866 - val_loss: 0.2718 - val_acc: 0.9011
Epoch 90/500
63s - loss: 0.3392 - acc: 0.8803 - val_loss: 0.2744 - val_acc: 0.8979
Epoch 91/500
63s - loss: 0.3309 - acc: 0.8761 - val_loss: 0.2707 - val_acc: 0.9011
Epoch 92/500
63s - loss: 0.3252 - acc: 0.8824 - val_loss: 0.2708 - val_acc: 0.8989
Training loss for fold 10 is 0.2454504475154375 with percent 91.21052631578948
Testing loss for fold 10 is 0.2658344968055424 with percent 90.10526315789474
 
No saved trial for kfold.
Train on 3800 samples, validate on 950 samples
Epoch 1/500
63s - loss: 0.3353 - acc: 0.8811 - val_loss: 0.2217 - val_acc: 0.9147
Epoch 2/500
63s - loss: 0.3414 - acc: 0.8803 - val_loss: 0.2207 - val_acc: 0.9147
Epoch 3/500
63s - loss: 0.3360 - acc: 0.8818 - val_loss: 0.2203 - val_acc: 0.9147
Epoch 4/500
63s - loss: 0.3549 - acc: 0.8737 - val_loss: 0.2198 - val_acc: 0.9147
Epoch 5/500
63s - loss: 0.3338 - acc: 0.8816 - val_loss: 0.2191 - val_acc: 0.9147
Epoch 6/500
63s - loss: 0.3423 - acc: 0.8839 - val_loss: 0.2200 - val_acc: 0.9158
Epoch 7/500
63s - loss: 0.3470 - acc: 0.8797 - val_loss: 0.2202 - val_acc: 0.9147
Epoch 8/500
63s - loss: 0.3394 - acc: 0.8803 - val_loss: 0.2174 - val_acc: 0.9147
Epoch 9/500
63s - loss: 0.3442 - acc: 0.8818 - val_loss: 0.2171 - val_acc: 0.9137
Epoch 10/500
63s - loss: 0.3411 - acc: 0.8771 - val_loss: 0.2208 - val_acc: 0.9137
Epoch 11/500
63s - loss: 0.3331 - acc: 0.8834 - val_loss: 0.2202 - val_acc: 0.9137
Epoch 12/500
63s - loss: 0.3328 - acc: 0.8789 - val_loss: 0.2185 - val_acc: 0.9158
Epoch 13/500
63s - loss: 0.3350 - acc: 0.8758 - val_loss: 0.2201 - val_acc: 0.9137
Epoch 14/500
63s - loss: 0.3386 - acc: 0.8845 - val_loss: 0.2203 - val_acc: 0.9158
Epoch 15/500
63s - loss: 0.3558 - acc: 0.8768 - val_loss: 0.2185 - val_acc: 0.9147
Epoch 16/500
63s - loss: 0.3527 - acc: 0.8792 - val_loss: 0.2191 - val_acc: 0.9158
Epoch 17/500
63s - loss: 0.3422 - acc: 0.8805 - val_loss: 0.2201 - val_acc: 0.9158
Epoch 18/500
63s - loss: 0.3558 - acc: 0.8800 - val_loss: 0.2181 - val_acc: 0.9158
Epoch 19/500
63s - loss: 0.3197 - acc: 0.8853 - val_loss: 0.2188 - val_acc: 0.9158
Epoch 20/500
63s - loss: 0.3386 - acc: 0.8847 - val_loss: 0.2202 - val_acc: 0.9147
Epoch 21/500
63s - loss: 0.3383 - acc: 0.8803 - val_loss: 0.2223 - val_acc: 0.9126
Epoch 22/500
63s - loss: 0.3383 - acc: 0.8805 - val_loss: 0.2214 - val_acc: 0.9147
Epoch 23/500
63s - loss: 0.3503 - acc: 0.8803 - val_loss: 0.2221 - val_acc: 0.9158
Epoch 24/500
63s - loss: 0.3307 - acc: 0.8805 - val_loss: 0.2210 - val_acc: 0.9158
Epoch 25/500
63s - loss: 0.3259 - acc: 0.8850 - val_loss: 0.2223 - val_acc: 0.9147
Epoch 26/500
63s - loss: 0.3365 - acc: 0.8834 - val_loss: 0.2227 - val_acc: 0.9147
Epoch 27/500
63s - loss: 0.3425 - acc: 0.8816 - val_loss: 0.2208 - val_acc: 0.9147
Epoch 28/500
63s - loss: 0.3350 - acc: 0.8821 - val_loss: 0.2220 - val_acc: 0.9147
Epoch 29/500
63s - loss: 0.3377 - acc: 0.8816 - val_loss: 0.2235 - val_acc: 0.9137
Epoch 30/500
63s - loss: 0.3207 - acc: 0.8845 - val_loss: 0.2241 - val_acc: 0.9147
Epoch 31/500
63s - loss: 0.3664 - acc: 0.8797 - val_loss: 0.2214 - val_acc: 0.9147
Epoch 32/500
63s - loss: 0.3460 - acc: 0.8761 - val_loss: 0.2243 - val_acc: 0.9147
Epoch 33/500
63s - loss: 0.3416 - acc: 0.8837 - val_loss: 0.2191 - val_acc: 0.9158
Epoch 34/500
63s - loss: 0.3527 - acc: 0.8753 - val_loss: 0.2206 - val_acc: 0.9137
Epoch 35/500
63s - loss: 0.3363 - acc: 0.8724 - val_loss: 0.2235 - val_acc: 0.9137
Epoch 36/500
63s - loss: 0.3361 - acc: 0.8832 - val_loss: 0.2178 - val_acc: 0.9168
Epoch 37/500
63s - loss: 0.3328 - acc: 0.8797 - val_loss: 0.2204 - val_acc: 0.9147
Epoch 38/500
63s - loss: 0.3407 - acc: 0.8829 - val_loss: 0.2211 - val_acc: 0.9147
Epoch 39/500
63s - loss: 0.3281 - acc: 0.8874 - val_loss: 0.2210 - val_acc: 0.9147
Epoch 40/500
63s - loss: 0.3316 - acc: 0.8858 - val_loss: 0.2229 - val_acc: 0.9158
Epoch 41/500
63s - loss: 0.3475 - acc: 0.8716 - val_loss: 0.2213 - val_acc: 0.9147
Epoch 42/500
63s - loss: 0.3424 - acc: 0.8813 - val_loss: 0.2191 - val_acc: 0.9147
Epoch 43/500
63s - loss: 0.3406 - acc: 0.8792 - val_loss: 0.2232 - val_acc: 0.9147
Epoch 44/500
63s - loss: 0.3393 - acc: 0.8816 - val_loss: 0.2228 - val_acc: 0.9158
Epoch 45/500
63s - loss: 0.3353 - acc: 0.8850 - val_loss: 0.2207 - val_acc: 0.9158
Epoch 46/500
63s - loss: 0.3452 - acc: 0.8787 - val_loss: 0.2228 - val_acc: 0.9147
Epoch 47/500
63s - loss: 0.3334 - acc: 0.8826 - val_loss: 0.2190 - val_acc: 0.9147
Epoch 48/500
63s - loss: 0.3304 - acc: 0.8816 - val_loss: 0.2215 - val_acc: 0.9137
Epoch 49/500
63s - loss: 0.3329 - acc: 0.8821 - val_loss: 0.2213 - val_acc: 0.9137
Epoch 50/500
63s - loss: 0.3301 - acc: 0.8855 - val_loss: 0.2226 - val_acc: 0.9147
Epoch 51/500
63s - loss: 0.3315 - acc: 0.8826 - val_loss: 0.2233 - val_acc: 0.9147
Epoch 52/500
63s - loss: 0.3521 - acc: 0.8742 - val_loss: 0.2237 - val_acc: 0.9137
Epoch 53/500
63s - loss: 0.3411 - acc: 0.8782 - val_loss: 0.2245 - val_acc: 0.9137
Epoch 54/500
63s - loss: 0.3329 - acc: 0.8850 - val_loss: 0.2235 - val_acc: 0.9137
Epoch 55/500
63s - loss: 0.3362 - acc: 0.8821 - val_loss: 0.2224 - val_acc: 0.9137
Epoch 56/500
63s - loss: 0.3270 - acc: 0.8892 - val_loss: 0.2230 - val_acc: 0.9147
Epoch 57/500
63s - loss: 0.3394 - acc: 0.8811 - val_loss: 0.2228 - val_acc: 0.9147
Epoch 58/500
63s - loss: 0.3336 - acc: 0.8816 - val_loss: 0.2231 - val_acc: 0.9158
Epoch 59/500
63s - loss: 0.3434 - acc: 0.8792 - val_loss: 0.2235 - val_acc: 0.9147
Epoch 60/500
63s - loss: 0.3362 - acc: 0.8839 - val_loss: 0.2239 - val_acc: 0.9147
Epoch 61/500
63s - loss: 0.3504 - acc: 0.8803 - val_loss: 0.2242 - val_acc: 0.9147
Epoch 62/500
63s - loss: 0.3444 - acc: 0.8792 - val_loss: 0.2216 - val_acc: 0.9147
Epoch 63/500
63s - loss: 0.3329 - acc: 0.8842 - val_loss: 0.2211 - val_acc: 0.9158
Epoch 64/500
63s - loss: 0.3431 - acc: 0.8774 - val_loss: 0.2214 - val_acc: 0.9158
Epoch 65/500
63s - loss: 0.3392 - acc: 0.8863 - val_loss: 0.2226 - val_acc: 0.9147
Epoch 66/500
63s - loss: 0.3402 - acc: 0.8805 - val_loss: 0.2264 - val_acc: 0.9137
Epoch 67/500
63s - loss: 0.3330 - acc: 0.8824 - val_loss: 0.2248 - val_acc: 0.9137
Epoch 68/500
63s - loss: 0.3361 - acc: 0.8716 - val_loss: 0.2196 - val_acc: 0.9168
Epoch 69/500
63s - loss: 0.3537 - acc: 0.8745 - val_loss: 0.2234 - val_acc: 0.9147
Epoch 70/500
63s - loss: 0.3451 - acc: 0.8818 - val_loss: 0.2211 - val_acc: 0.9147
Epoch 71/500
63s - loss: 0.3443 - acc: 0.8734 - val_loss: 0.2228 - val_acc: 0.9137
Epoch 72/500
63s - loss: 0.3462 - acc: 0.8758 - val_loss: 0.2226 - val_acc: 0.9147
Epoch 73/500
63s - loss: 0.3378 - acc: 0.8818 - val_loss: 0.2219 - val_acc: 0.9147
Epoch 74/500
63s - loss: 0.3393 - acc: 0.8813 - val_loss: 0.2224 - val_acc: 0.9147
Epoch 75/500
63s - loss: 0.3362 - acc: 0.8832 - val_loss: 0.2229 - val_acc: 0.9147
Epoch 76/500
63s - loss: 0.3351 - acc: 0.8816 - val_loss: 0.2226 - val_acc: 0.9147
Epoch 77/500
63s - loss: 0.3284 - acc: 0.8839 - val_loss: 0.2208 - val_acc: 0.9147
Epoch 78/500
63s - loss: 0.3361 - acc: 0.8821 - val_loss: 0.2228 - val_acc: 0.9147
Epoch 79/500
63s - loss: 0.3217 - acc: 0.8889 - val_loss: 0.2269 - val_acc: 0.9137
Epoch 80/500
63s - loss: 0.3426 - acc: 0.8824 - val_loss: 0.2244 - val_acc: 0.9137
Training loss for fold 11 is 0.2510996594240791 with percent 91.0789473809694
Testing loss for fold 11 is 0.2171088883751317 with percent 91.36842101498655
 
No saved trial for kfold.
Train on 3800 samples, validate on 950 samples
Epoch 1/500
63s - loss: 0.3568 - acc: 0.8779 - val_loss: 0.2359 - val_acc: 0.9084
Epoch 2/500
63s - loss: 0.3381 - acc: 0.8839 - val_loss: 0.2325 - val_acc: 0.9126
Epoch 3/500
63s - loss: 0.3303 - acc: 0.8797 - val_loss: 0.2351 - val_acc: 0.9126
Epoch 4/500
63s - loss: 0.3409 - acc: 0.8808 - val_loss: 0.2366 - val_acc: 0.9095
Epoch 5/500
63s - loss: 0.3427 - acc: 0.8811 - val_loss: 0.2349 - val_acc: 0.9095
Epoch 6/500
63s - loss: 0.3343 - acc: 0.8805 - val_loss: 0.2373 - val_acc: 0.9084
Epoch 7/500
63s - loss: 0.3276 - acc: 0.8850 - val_loss: 0.2355 - val_acc: 0.9084
Epoch 8/500
63s - loss: 0.3392 - acc: 0.8792 - val_loss: 0.2363 - val_acc: 0.9084
Epoch 9/500
63s - loss: 0.3328 - acc: 0.8811 - val_loss: 0.2343 - val_acc: 0.9095
Epoch 10/500
63s - loss: 0.3273 - acc: 0.8792 - val_loss: 0.2330 - val_acc: 0.9105
Epoch 11/500
63s - loss: 0.3341 - acc: 0.8774 - val_loss: 0.2352 - val_acc: 0.9084
Epoch 12/500
63s - loss: 0.3587 - acc: 0.8768 - val_loss: 0.2333 - val_acc: 0.9116
Epoch 13/500
63s - loss: 0.3386 - acc: 0.8837 - val_loss: 0.2357 - val_acc: 0.9084
Epoch 14/500
63s - loss: 0.3414 - acc: 0.8839 - val_loss: 0.2357 - val_acc: 0.9105
Epoch 15/500
63s - loss: 0.3410 - acc: 0.8771 - val_loss: 0.2379 - val_acc: 0.9084
Epoch 16/500
63s - loss: 0.3281 - acc: 0.8816 - val_loss: 0.2350 - val_acc: 0.9105
Epoch 17/500
63s - loss: 0.3380 - acc: 0.8774 - val_loss: 0.2347 - val_acc: 0.9126
Epoch 18/500
63s - loss: 0.3588 - acc: 0.8750 - val_loss: 0.2354 - val_acc: 0.9105
Epoch 19/500
63s - loss: 0.3253 - acc: 0.8853 - val_loss: 0.2375 - val_acc: 0.9095
Epoch 20/500
63s - loss: 0.3383 - acc: 0.8803 - val_loss: 0.2396 - val_acc: 0.9095
Epoch 21/500
63s - loss: 0.3290 - acc: 0.8903 - val_loss: 0.2363 - val_acc: 0.9095
Epoch 22/500
63s - loss: 0.3343 - acc: 0.8750 - val_loss: 0.2346 - val_acc: 0.9116
Epoch 23/500
63s - loss: 0.3431 - acc: 0.8818 - val_loss: 0.2361 - val_acc: 0.9105
Epoch 24/500
63s - loss: 0.3312 - acc: 0.8808 - val_loss: 0.2370 - val_acc: 0.9095
Epoch 25/500
63s - loss: 0.3369 - acc: 0.8834 - val_loss: 0.2365 - val_acc: 0.9095
Epoch 26/500
63s - loss: 0.3269 - acc: 0.8800 - val_loss: 0.2343 - val_acc: 0.9116
Epoch 27/500
63s - loss: 0.3524 - acc: 0.8766 - val_loss: 0.2342 - val_acc: 0.9126
Epoch 28/500
63s - loss: 0.3512 - acc: 0.8747 - val_loss: 0.2349 - val_acc: 0.9105
Epoch 29/500
63s - loss: 0.3439 - acc: 0.8839 - val_loss: 0.2378 - val_acc: 0.9116
Epoch 30/500
63s - loss: 0.3450 - acc: 0.8784 - val_loss: 0.2356 - val_acc: 0.9116
Epoch 31/500
63s - loss: 0.3345 - acc: 0.8789 - val_loss: 0.2366 - val_acc: 0.9095
Epoch 32/500
63s - loss: 0.3497 - acc: 0.8779 - val_loss: 0.2345 - val_acc: 0.9116
Epoch 33/500
63s - loss: 0.3456 - acc: 0.8795 - val_loss: 0.2360 - val_acc: 0.9095
Epoch 34/500
63s - loss: 0.3364 - acc: 0.8732 - val_loss: 0.2393 - val_acc: 0.9084
Epoch 35/500
63s - loss: 0.3546 - acc: 0.8747 - val_loss: 0.2393 - val_acc: 0.9074
Epoch 36/500
63s - loss: 0.3510 - acc: 0.8755 - val_loss: 0.2388 - val_acc: 0.9116
Epoch 37/500
63s - loss: 0.3420 - acc: 0.8768 - val_loss: 0.2359 - val_acc: 0.9116
Epoch 38/500
63s - loss: 0.3448 - acc: 0.8755 - val_loss: 0.2383 - val_acc: 0.9084
Epoch 39/500
63s - loss: 0.3554 - acc: 0.8758 - val_loss: 0.2381 - val_acc: 0.9105
Epoch 40/500
63s - loss: 0.3225 - acc: 0.8813 - val_loss: 0.2393 - val_acc: 0.9105
Epoch 41/500
63s - loss: 0.3299 - acc: 0.8834 - val_loss: 0.2378 - val_acc: 0.9105
Epoch 42/500
63s - loss: 0.3478 - acc: 0.8742 - val_loss: 0.2366 - val_acc: 0.9116
Epoch 43/500
63s - loss: 0.3250 - acc: 0.8839 - val_loss: 0.2380 - val_acc: 0.9105
Epoch 44/500
63s - loss: 0.3244 - acc: 0.8855 - val_loss: 0.2370 - val_acc: 0.9105
Epoch 45/500
63s - loss: 0.3219 - acc: 0.8879 - val_loss: 0.2390 - val_acc: 0.9095
Epoch 46/500
63s - loss: 0.3604 - acc: 0.8708 - val_loss: 0.2371 - val_acc: 0.9084
Epoch 47/500
63s - loss: 0.3499 - acc: 0.8837 - val_loss: 0.2397 - val_acc: 0.9105
Epoch 48/500
63s - loss: 0.3349 - acc: 0.8842 - val_loss: 0.2387 - val_acc: 0.9105
Epoch 49/500
63s - loss: 0.3318 - acc: 0.8834 - val_loss: 0.2358 - val_acc: 0.9116
Epoch 50/500
63s - loss: 0.3380 - acc: 0.8829 - val_loss: 0.2376 - val_acc: 0.9116
Epoch 51/500
63s - loss: 0.3325 - acc: 0.8874 - val_loss: 0.2385 - val_acc: 0.9105
Epoch 52/500
63s - loss: 0.3294 - acc: 0.8826 - val_loss: 0.2377 - val_acc: 0.9105
Epoch 53/500
63s - loss: 0.3459 - acc: 0.8737 - val_loss: 0.2391 - val_acc: 0.9095
Epoch 54/500
63s - loss: 0.3334 - acc: 0.8797 - val_loss: 0.2392 - val_acc: 0.9116
Epoch 55/500
62s - loss: 0.3439 - acc: 0.8797 - val_loss: 0.2358 - val_acc: 0.9116
Epoch 56/500
63s - loss: 0.3315 - acc: 0.8821 - val_loss: 0.2357 - val_acc: 0.9147
Epoch 57/500
62s - loss: 0.3347 - acc: 0.8829 - val_loss: 0.2369 - val_acc: 0.9084
Epoch 58/500
62s - loss: 0.3251 - acc: 0.8837 - val_loss: 0.2355 - val_acc: 0.9116
Epoch 59/500
62s - loss: 0.3506 - acc: 0.8763 - val_loss: 0.2363 - val_acc: 0.9105
Epoch 60/500
62s - loss: 0.3482 - acc: 0.8758 - val_loss: 0.2373 - val_acc: 0.9105
Epoch 61/500
62s - loss: 0.3383 - acc: 0.8795 - val_loss: 0.2383 - val_acc: 0.9095
Epoch 62/500
62s - loss: 0.3346 - acc: 0.8784 - val_loss: 0.2419 - val_acc: 0.9084
Epoch 63/500
62s - loss: 0.3481 - acc: 0.8787 - val_loss: 0.2355 - val_acc: 0.9095
Epoch 64/500
62s - loss: 0.3385 - acc: 0.8776 - val_loss: 0.2375 - val_acc: 0.9105
Epoch 65/500
62s - loss: 0.3277 - acc: 0.8805 - val_loss: 0.2371 - val_acc: 0.9116
Epoch 66/500
62s - loss: 0.3325 - acc: 0.8855 - val_loss: 0.2378 - val_acc: 0.9095
Epoch 67/500
62s - loss: 0.3418 - acc: 0.8795 - val_loss: 0.2386 - val_acc: 0.9084
Epoch 68/500
62s - loss: 0.3295 - acc: 0.8800 - val_loss: 0.2354 - val_acc: 0.9095
Epoch 69/500
62s - loss: 0.3416 - acc: 0.8787 - val_loss: 0.2396 - val_acc: 0.9095
Epoch 70/500
62s - loss: 0.3301 - acc: 0.8779 - val_loss: 0.2357 - val_acc: 0.9116
Epoch 71/500
62s - loss: 0.3457 - acc: 0.8795 - val_loss: 0.2360 - val_acc: 0.9116
Epoch 72/500
62s - loss: 0.3234 - acc: 0.8858 - val_loss: 0.2380 - val_acc: 0.9095
Epoch 73/500
62s - loss: 0.3270 - acc: 0.8789 - val_loss: 0.2331 - val_acc: 0.9116
Epoch 74/500
62s - loss: 0.3479 - acc: 0.8834 - val_loss: 0.2363 - val_acc: 0.9116
Epoch 75/500
62s - loss: 0.3338 - acc: 0.8866 - val_loss: 0.2362 - val_acc: 0.9126
Epoch 76/500
62s - loss: 0.3371 - acc: 0.8774 - val_loss: 0.2366 - val_acc: 0.9105
Epoch 77/500
62s - loss: 0.3385 - acc: 0.8763 - val_loss: 0.2343 - val_acc: 0.9105
Epoch 78/500
62s - loss: 0.3437 - acc: 0.8755 - val_loss: 0.2340 - val_acc: 0.9137
Epoch 79/500
62s - loss: 0.3295 - acc: 0.8853 - val_loss: 0.2353 - val_acc: 0.9105
Epoch 80/500
62s - loss: 0.3332 - acc: 0.8834 - val_loss: 0.2361 - val_acc: 0.9095
Epoch 81/500
62s - loss: 0.3442 - acc: 0.8818 - val_loss: 0.2369 - val_acc: 0.9095
Epoch 82/500
62s - loss: 0.3243 - acc: 0.8876 - val_loss: 0.2358 - val_acc: 0.9116
Epoch 83/500
62s - loss: 0.3413 - acc: 0.8808 - val_loss: 0.2378 - val_acc: 0.9126
Epoch 84/500
62s - loss: 0.3327 - acc: 0.8837 - val_loss: 0.2371 - val_acc: 0.9126
Epoch 85/500
62s - loss: 0.3352 - acc: 0.8797 - val_loss: 0.2372 - val_acc: 0.9126
Epoch 86/500
62s - loss: 0.3359 - acc: 0.8755 - val_loss: 0.2385 - val_acc: 0.9126
Epoch 87/500
62s - loss: 0.3333 - acc: 0.8845 - val_loss: 0.2360 - val_acc: 0.9126
Epoch 88/500
62s - loss: 0.3431 - acc: 0.8782 - val_loss: 0.2338 - val_acc: 0.9137
Epoch 89/500
62s - loss: 0.3454 - acc: 0.8753 - val_loss: 0.2354 - val_acc: 0.9137
Epoch 90/500
62s - loss: 0.3295 - acc: 0.8866 - val_loss: 0.2322 - val_acc: 0.9126
Epoch 91/500
62s - loss: 0.3296 - acc: 0.8821 - val_loss: 0.2382 - val_acc: 0.9126
Epoch 92/500
62s - loss: 0.3434 - acc: 0.8784 - val_loss: 0.2370 - val_acc: 0.9105
Epoch 93/500
62s - loss: 0.3490 - acc: 0.8732 - val_loss: 0.2370 - val_acc: 0.9095
Epoch 94/500
62s - loss: 0.3476 - acc: 0.8845 - val_loss: 0.2344 - val_acc: 0.9126
Epoch 95/500
62s - loss: 0.3546 - acc: 0.8768 - val_loss: 0.2398 - val_acc: 0.9105
Epoch 96/500
62s - loss: 0.3473 - acc: 0.8776 - val_loss: 0.2357 - val_acc: 0.9105
Epoch 97/500
62s - loss: 0.3585 - acc: 0.8711 - val_loss: 0.2372 - val_acc: 0.9105
Epoch 98/500
62s - loss: 0.3501 - acc: 0.8721 - val_loss: 0.2381 - val_acc: 0.9105
Epoch 99/500
62s - loss: 0.3504 - acc: 0.8771 - val_loss: 0.2359 - val_acc: 0.9116
Epoch 100/500
62s - loss: 0.3337 - acc: 0.8768 - val_loss: 0.2382 - val_acc: 0.9116
Epoch 101/500
62s - loss: 0.3328 - acc: 0.8789 - val_loss: 0.2381 - val_acc: 0.9105
Epoch 102/500
62s - loss: 0.3419 - acc: 0.8818 - val_loss: 0.2380 - val_acc: 0.9105
Epoch 103/500
62s - loss: 0.3272 - acc: 0.8863 - val_loss: 0.2413 - val_acc: 0.9095
Epoch 104/500
63s - loss: 0.3263 - acc: 0.8855 - val_loss: 0.2429 - val_acc: 0.9084
Epoch 105/500
62s - loss: 0.3404 - acc: 0.8779 - val_loss: 0.2393 - val_acc: 0.9095
Epoch 106/500
62s - loss: 0.3361 - acc: 0.8742 - val_loss: 0.2408 - val_acc: 0.9095
Training loss for fold 12 is 0.24804363790311312 with percent 91.26315790728519
Testing loss for fold 12 is 0.23219372077992087 with percent 91.2631578570918
 
No saved trial for kfold.
Train on 3800 samples, validate on 950 samples
Epoch 1/500
62s - loss: 0.3165 - acc: 0.8889 - val_loss: 0.2436 - val_acc: 0.9126
Epoch 2/500
63s - loss: 0.3348 - acc: 0.8829 - val_loss: 0.2437 - val_acc: 0.9126
Epoch 3/500
63s - loss: 0.3328 - acc: 0.8858 - val_loss: 0.2425 - val_acc: 0.9116
Epoch 4/500
62s - loss: 0.3447 - acc: 0.8784 - val_loss: 0.2391 - val_acc: 0.9179
Epoch 5/500
62s - loss: 0.3376 - acc: 0.8805 - val_loss: 0.2407 - val_acc: 0.9158
Epoch 6/500
62s - loss: 0.3559 - acc: 0.8745 - val_loss: 0.2427 - val_acc: 0.9158
Epoch 7/500
62s - loss: 0.3436 - acc: 0.8811 - val_loss: 0.2422 - val_acc: 0.9147
Epoch 8/500
63s - loss: 0.3355 - acc: 0.8761 - val_loss: 0.2424 - val_acc: 0.9147
Epoch 9/500
63s - loss: 0.3231 - acc: 0.8803 - val_loss: 0.2451 - val_acc: 0.9147
Epoch 10/500
63s - loss: 0.3300 - acc: 0.8805 - val_loss: 0.2443 - val_acc: 0.9116
Epoch 11/500
62s - loss: 0.3411 - acc: 0.8761 - val_loss: 0.2444 - val_acc: 0.9116
Epoch 12/500
62s - loss: 0.3414 - acc: 0.8811 - val_loss: 0.2401 - val_acc: 0.9137
Epoch 13/500
62s - loss: 0.3167 - acc: 0.8895 - val_loss: 0.2411 - val_acc: 0.9147
Epoch 14/500
62s - loss: 0.3184 - acc: 0.8855 - val_loss: 0.2435 - val_acc: 0.9158
Epoch 15/500
62s - loss: 0.3500 - acc: 0.8832 - val_loss: 0.2462 - val_acc: 0.9137
Epoch 16/500
62s - loss: 0.3444 - acc: 0.8824 - val_loss: 0.2444 - val_acc: 0.9147
Epoch 17/500
62s - loss: 0.3348 - acc: 0.8824 - val_loss: 0.2409 - val_acc: 0.9147
Epoch 18/500
62s - loss: 0.3398 - acc: 0.8771 - val_loss: 0.2429 - val_acc: 0.9147
Epoch 19/500
62s - loss: 0.3368 - acc: 0.8834 - val_loss: 0.2370 - val_acc: 0.9147
Epoch 20/500
62s - loss: 0.3397 - acc: 0.8821 - val_loss: 0.2404 - val_acc: 0.9158
Epoch 21/500
62s - loss: 0.3333 - acc: 0.8808 - val_loss: 0.2427 - val_acc: 0.9147
Epoch 22/500
62s - loss: 0.3384 - acc: 0.8766 - val_loss: 0.2422 - val_acc: 0.9147
Epoch 23/500
62s - loss: 0.3342 - acc: 0.8811 - val_loss: 0.2435 - val_acc: 0.9137
Epoch 24/500
62s - loss: 0.3458 - acc: 0.8787 - val_loss: 0.2416 - val_acc: 0.9147
Epoch 25/500
62s - loss: 0.3382 - acc: 0.8797 - val_loss: 0.2437 - val_acc: 0.9137
Epoch 26/500
62s - loss: 0.3432 - acc: 0.8755 - val_loss: 0.2456 - val_acc: 0.9116
Epoch 27/500
62s - loss: 0.3333 - acc: 0.8779 - val_loss: 0.2451 - val_acc: 0.9126
Epoch 28/500
62s - loss: 0.3333 - acc: 0.8834 - val_loss: 0.2431 - val_acc: 0.9126
Epoch 29/500
62s - loss: 0.3359 - acc: 0.8824 - val_loss: 0.2434 - val_acc: 0.9126
Epoch 30/500
62s - loss: 0.3474 - acc: 0.8797 - val_loss: 0.2448 - val_acc: 0.9105
Epoch 31/500
62s - loss: 0.3431 - acc: 0.8795 - val_loss: 0.2449 - val_acc: 0.9116
Epoch 32/500
63s - loss: 0.3272 - acc: 0.8861 - val_loss: 0.2445 - val_acc: 0.9116
Epoch 33/500
62s - loss: 0.3519 - acc: 0.8732 - val_loss: 0.2446 - val_acc: 0.9126
Epoch 34/500
62s - loss: 0.3340 - acc: 0.8850 - val_loss: 0.2444 - val_acc: 0.9116
Epoch 35/500
62s - loss: 0.3220 - acc: 0.8813 - val_loss: 0.2433 - val_acc: 0.9137
Epoch 36/500
62s - loss: 0.3300 - acc: 0.8797 - val_loss: 0.2416 - val_acc: 0.9137
Epoch 37/500
62s - loss: 0.3510 - acc: 0.8784 - val_loss: 0.2398 - val_acc: 0.9168
Epoch 38/500
62s - loss: 0.3378 - acc: 0.8824 - val_loss: 0.2411 - val_acc: 0.9147
Epoch 39/500
62s - loss: 0.3398 - acc: 0.8782 - val_loss: 0.2434 - val_acc: 0.9137
Epoch 40/500
62s - loss: 0.3362 - acc: 0.8792 - val_loss: 0.2431 - val_acc: 0.9126
Epoch 41/500
62s - loss: 0.3440 - acc: 0.8797 - val_loss: 0.2448 - val_acc: 0.9126
Epoch 42/500
62s - loss: 0.3449 - acc: 0.8845 - val_loss: 0.2442 - val_acc: 0.9126
Epoch 43/500
62s - loss: 0.3470 - acc: 0.8724 - val_loss: 0.2440 - val_acc: 0.9126
Epoch 44/500
62s - loss: 0.3423 - acc: 0.8824 - val_loss: 0.2455 - val_acc: 0.9116
Epoch 45/500
62s - loss: 0.3213 - acc: 0.8832 - val_loss: 0.2440 - val_acc: 0.9137
Epoch 46/500
62s - loss: 0.3420 - acc: 0.8789 - val_loss: 0.2443 - val_acc: 0.9137
Epoch 47/500
62s - loss: 0.3379 - acc: 0.8779 - val_loss: 0.2437 - val_acc: 0.9147
Epoch 48/500
62s - loss: 0.3339 - acc: 0.8753 - val_loss: 0.2451 - val_acc: 0.9116
Epoch 49/500
62s - loss: 0.3247 - acc: 0.8903 - val_loss: 0.2416 - val_acc: 0.9137
Epoch 50/500
62s - loss: 0.3350 - acc: 0.8797 - val_loss: 0.2461 - val_acc: 0.9116
Epoch 51/500
63s - loss: 0.3255 - acc: 0.8879 - val_loss: 0.2481 - val_acc: 0.9105
Epoch 52/500
62s - loss: 0.3322 - acc: 0.8800 - val_loss: 0.2475 - val_acc: 0.9116
Epoch 53/500
62s - loss: 0.3323 - acc: 0.8845 - val_loss: 0.2455 - val_acc: 0.9116
Epoch 54/500
62s - loss: 0.3535 - acc: 0.8761 - val_loss: 0.2453 - val_acc: 0.9116
Epoch 55/500
63s - loss: 0.3548 - acc: 0.8716 - val_loss: 0.2448 - val_acc: 0.9126
Epoch 56/500
63s - loss: 0.3276 - acc: 0.8795 - val_loss: 0.2445 - val_acc: 0.9116
Epoch 57/500
62s - loss: 0.3460 - acc: 0.8716 - val_loss: 0.2456 - val_acc: 0.9116
Epoch 58/500
62s - loss: 0.3324 - acc: 0.8792 - val_loss: 0.2471 - val_acc: 0.9116
Epoch 59/500
62s - loss: 0.3368 - acc: 0.8808 - val_loss: 0.2466 - val_acc: 0.9105
Epoch 60/500
62s - loss: 0.3385 - acc: 0.8774 - val_loss: 0.2437 - val_acc: 0.9116
Epoch 61/500
62s - loss: 0.3322 - acc: 0.8832 - val_loss: 0.2458 - val_acc: 0.9116
Epoch 62/500
62s - loss: 0.3396 - acc: 0.8863 - val_loss: 0.2476 - val_acc: 0.9105
Training loss for fold 13 is 0.2482207884600288 with percent 90.97368419797796
Testing loss for fold 13 is 0.2370168215977518 with percent 91.47368421052632
 
No saved trial for kfold.
Train on 3800 samples, validate on 950 samples
Epoch 1/500
62s - loss: 0.3544 - acc: 0.8750 - val_loss: 0.2501 - val_acc: 0.9074
Epoch 2/500
63s - loss: 0.3394 - acc: 0.8787 - val_loss: 0.2501 - val_acc: 0.9074
Epoch 3/500
63s - loss: 0.3278 - acc: 0.8876 - val_loss: 0.2524 - val_acc: 0.9074
Epoch 4/500
63s - loss: 0.3328 - acc: 0.8789 - val_loss: 0.2464 - val_acc: 0.9116
Epoch 5/500
62s - loss: 0.3334 - acc: 0.8795 - val_loss: 0.2534 - val_acc: 0.9084
Epoch 6/500
63s - loss: 0.3184 - acc: 0.8845 - val_loss: 0.2537 - val_acc: 0.9084
Epoch 7/500
63s - loss: 0.3437 - acc: 0.8782 - val_loss: 0.2505 - val_acc: 0.9095
Epoch 8/500
63s - loss: 0.3400 - acc: 0.8805 - val_loss: 0.2504 - val_acc: 0.9074
Epoch 9/500
62s - loss: 0.3371 - acc: 0.8832 - val_loss: 0.2525 - val_acc: 0.9074
Epoch 10/500
62s - loss: 0.3246 - acc: 0.8903 - val_loss: 0.2520 - val_acc: 0.9074
Epoch 11/500
62s - loss: 0.3503 - acc: 0.8771 - val_loss: 0.2542 - val_acc: 0.9063
Epoch 12/500
62s - loss: 0.3317 - acc: 0.8845 - val_loss: 0.2536 - val_acc: 0.9074
Epoch 13/500
62s - loss: 0.3203 - acc: 0.8855 - val_loss: 0.2517 - val_acc: 0.9074
Epoch 14/500
62s - loss: 0.3322 - acc: 0.8863 - val_loss: 0.2516 - val_acc: 0.9084
Epoch 15/500
62s - loss: 0.3407 - acc: 0.8787 - val_loss: 0.2542 - val_acc: 0.9063
Epoch 16/500
62s - loss: 0.3478 - acc: 0.8718 - val_loss: 0.2541 - val_acc: 0.9074
Epoch 17/500
62s - loss: 0.3522 - acc: 0.8711 - val_loss: 0.2533 - val_acc: 0.9074
Epoch 18/500
62s - loss: 0.3276 - acc: 0.8863 - val_loss: 0.2507 - val_acc: 0.9095
Epoch 19/500
62s - loss: 0.3412 - acc: 0.8829 - val_loss: 0.2520 - val_acc: 0.9095
Epoch 20/500
62s - loss: 0.3203 - acc: 0.8871 - val_loss: 0.2531 - val_acc: 0.9084
Epoch 21/500
62s - loss: 0.3400 - acc: 0.8850 - val_loss: 0.2526 - val_acc: 0.9063
Epoch 22/500
62s - loss: 0.3539 - acc: 0.8816 - val_loss: 0.2580 - val_acc: 0.9042
Epoch 23/500
62s - loss: 0.3283 - acc: 0.8892 - val_loss: 0.2560 - val_acc: 0.9063
Epoch 24/500
62s - loss: 0.3244 - acc: 0.8837 - val_loss: 0.2573 - val_acc: 0.9042
Epoch 25/500
62s - loss: 0.3414 - acc: 0.8839 - val_loss: 0.2576 - val_acc: 0.9063
Epoch 26/500
62s - loss: 0.3443 - acc: 0.8824 - val_loss: 0.2548 - val_acc: 0.9053
Epoch 27/500
62s - loss: 0.3509 - acc: 0.8763 - val_loss: 0.2526 - val_acc: 0.9074
Epoch 28/500
62s - loss: 0.3313 - acc: 0.8837 - val_loss: 0.2524 - val_acc: 0.9074
Epoch 29/500
62s - loss: 0.3332 - acc: 0.8811 - val_loss: 0.2530 - val_acc: 0.9074
Epoch 30/500
62s - loss: 0.3369 - acc: 0.8776 - val_loss: 0.2532 - val_acc: 0.9063
Epoch 31/500
62s - loss: 0.3417 - acc: 0.8784 - val_loss: 0.2527 - val_acc: 0.9074
Epoch 32/500
62s - loss: 0.3401 - acc: 0.8863 - val_loss: 0.2527 - val_acc: 0.9074
Epoch 33/500
62s - loss: 0.3326 - acc: 0.8805 - val_loss: 0.2524 - val_acc: 0.9095
Epoch 34/500
62s - loss: 0.3272 - acc: 0.8842 - val_loss: 0.2551 - val_acc: 0.9063
Epoch 35/500
62s - loss: 0.3273 - acc: 0.8847 - val_loss: 0.2514 - val_acc: 0.9074
Epoch 36/500
62s - loss: 0.3291 - acc: 0.8795 - val_loss: 0.2545 - val_acc: 0.9084
Epoch 37/500
62s - loss: 0.3413 - acc: 0.8803 - val_loss: 0.2530 - val_acc: 0.9084
Epoch 38/500
62s - loss: 0.3337 - acc: 0.8811 - val_loss: 0.2582 - val_acc: 0.9042
Epoch 39/500
62s - loss: 0.3325 - acc: 0.8821 - val_loss: 0.2532 - val_acc: 0.9042
Epoch 40/500
62s - loss: 0.3170 - acc: 0.8911 - val_loss: 0.2547 - val_acc: 0.9042
Epoch 41/500
62s - loss: 0.3367 - acc: 0.8776 - val_loss: 0.2516 - val_acc: 0.9074
Epoch 42/500
62s - loss: 0.3317 - acc: 0.8861 - val_loss: 0.2530 - val_acc: 0.9084
Epoch 43/500
62s - loss: 0.3337 - acc: 0.8818 - val_loss: 0.2522 - val_acc: 0.9074
Epoch 44/500
62s - loss: 0.3373 - acc: 0.8821 - val_loss: 0.2540 - val_acc: 0.9074
Epoch 45/500
62s - loss: 0.3438 - acc: 0.8805 - val_loss: 0.2551 - val_acc: 0.9053
Epoch 46/500
62s - loss: 0.3489 - acc: 0.8839 - val_loss: 0.2543 - val_acc: 0.9063
Epoch 47/500
62s - loss: 0.3258 - acc: 0.8808 - val_loss: 0.2518 - val_acc: 0.9074
Epoch 48/500
62s - loss: 0.3381 - acc: 0.8868 - val_loss: 0.2563 - val_acc: 0.9063
Epoch 49/500
62s - loss: 0.3326 - acc: 0.8818 - val_loss: 0.2514 - val_acc: 0.9095
Epoch 50/500
63s - loss: 0.3412 - acc: 0.8782 - val_loss: 0.2546 - val_acc: 0.9063
Epoch 51/500
63s - loss: 0.3430 - acc: 0.8766 - val_loss: 0.2519 - val_acc: 0.9063
Epoch 52/500
63s - loss: 0.3358 - acc: 0.8808 - val_loss: 0.2503 - val_acc: 0.9063
Epoch 53/500
63s - loss: 0.3363 - acc: 0.8884 - val_loss: 0.2518 - val_acc: 0.9063
Epoch 54/500
62s - loss: 0.3417 - acc: 0.8842 - val_loss: 0.2517 - val_acc: 0.9053
Epoch 55/500
62s - loss: 0.3348 - acc: 0.8818 - val_loss: 0.2505 - val_acc: 0.9063
Epoch 56/500
62s - loss: 0.3321 - acc: 0.8755 - val_loss: 0.2531 - val_acc: 0.9063
Epoch 57/500
62s - loss: 0.3479 - acc: 0.8834 - val_loss: 0.2527 - val_acc: 0.9063
Epoch 58/500
62s - loss: 0.3465 - acc: 0.8826 - val_loss: 0.2541 - val_acc: 0.9063
Epoch 59/500
62s - loss: 0.3168 - acc: 0.8932 - val_loss: 0.2535 - val_acc: 0.9074
Epoch 60/500
62s - loss: 0.3294 - acc: 0.8824 - val_loss: 0.2540 - val_acc: 0.9063
Epoch 61/500
62s - loss: 0.3427 - acc: 0.8755 - val_loss: 0.2537 - val_acc: 0.9053
Epoch 62/500
62s - loss: 0.3297 - acc: 0.8842 - val_loss: 0.2498 - val_acc: 0.9074
Epoch 63/500
62s - loss: 0.3348 - acc: 0.8805 - val_loss: 0.2490 - val_acc: 0.9074
Epoch 64/500
62s - loss: 0.3296 - acc: 0.8797 - val_loss: 0.2509 - val_acc: 0.9063
Epoch 65/500
62s - loss: 0.3467 - acc: 0.8800 - val_loss: 0.2513 - val_acc: 0.9053
Epoch 66/500
62s - loss: 0.3096 - acc: 0.8855 - val_loss: 0.2533 - val_acc: 0.9053
Epoch 67/500
62s - loss: 0.3340 - acc: 0.8884 - val_loss: 0.2551 - val_acc: 0.9053
Epoch 68/500
62s - loss: 0.3297 - acc: 0.8882 - val_loss: 0.2545 - val_acc: 0.9053
Epoch 69/500
62s - loss: 0.3310 - acc: 0.8782 - val_loss: 0.2511 - val_acc: 0.9074
Epoch 70/500
62s - loss: 0.3377 - acc: 0.8813 - val_loss: 0.2554 - val_acc: 0.9063
Epoch 71/500
62s - loss: 0.3447 - acc: 0.8824 - val_loss: 0.2536 - val_acc: 0.9063
Epoch 72/500
62s - loss: 0.3559 - acc: 0.8768 - val_loss: 0.2553 - val_acc: 0.9063
Epoch 73/500
62s - loss: 0.3207 - acc: 0.8824 - val_loss: 0.2519 - val_acc: 0.9063
Epoch 74/500
62s - loss: 0.3470 - acc: 0.8753 - val_loss: 0.2552 - val_acc: 0.9063
Epoch 75/500
62s - loss: 0.3489 - acc: 0.8734 - val_loss: 0.2551 - val_acc: 0.9063
Epoch 76/500
62s - loss: 0.3267 - acc: 0.8829 - val_loss: 0.2534 - val_acc: 0.9063
Epoch 77/500
62s - loss: 0.3231 - acc: 0.8842 - val_loss: 0.2550 - val_acc: 0.9063
Epoch 78/500
62s - loss: 0.3372 - acc: 0.8845 - val_loss: 0.2551 - val_acc: 0.9053
Epoch 79/500
62s - loss: 0.3334 - acc: 0.8768 - val_loss: 0.2553 - val_acc: 0.9074
Epoch 80/500
62s - loss: 0.3225 - acc: 0.8861 - val_loss: 0.2535 - val_acc: 0.9063
Epoch 81/500
62s - loss: 0.3242 - acc: 0.8884 - val_loss: 0.2537 - val_acc: 0.9074
Epoch 82/500
62s - loss: 0.3367 - acc: 0.8816 - val_loss: 0.2553 - val_acc: 0.9074
Epoch 83/500
62s - loss: 0.3235 - acc: 0.8937 - val_loss: 0.2564 - val_acc: 0.9053
Epoch 84/500
62s - loss: 0.3358 - acc: 0.8784 - val_loss: 0.2557 - val_acc: 0.9063
Epoch 85/500
62s - loss: 0.3291 - acc: 0.8824 - val_loss: 0.2573 - val_acc: 0.9063
Epoch 86/500
62s - loss: 0.3400 - acc: 0.8792 - val_loss: 0.2541 - val_acc: 0.9063
Epoch 87/500
62s - loss: 0.3436 - acc: 0.8811 - val_loss: 0.2546 - val_acc: 0.9063
Epoch 88/500
62s - loss: 0.3111 - acc: 0.8900 - val_loss: 0.2587 - val_acc: 0.9063
Epoch 89/500
63s - loss: 0.3280 - acc: 0.8884 - val_loss: 0.2540 - val_acc: 0.9074
Epoch 90/500
62s - loss: 0.3258 - acc: 0.8858 - val_loss: 0.2539 - val_acc: 0.9074
Epoch 91/500
62s - loss: 0.3270 - acc: 0.8837 - val_loss: 0.2536 - val_acc: 0.9053
Epoch 92/500
62s - loss: 0.3356 - acc: 0.8761 - val_loss: 0.2591 - val_acc: 0.9042
Epoch 93/500
62s - loss: 0.3312 - acc: 0.8874 - val_loss: 0.2596 - val_acc: 0.9053
Epoch 94/500
62s - loss: 0.3389 - acc: 0.8892 - val_loss: 0.2560 - val_acc: 0.9063
Epoch 95/500
62s - loss: 0.3468 - acc: 0.8803 - val_loss: 0.2542 - val_acc: 0.9053
Epoch 96/500
62s - loss: 0.3310 - acc: 0.8787 - val_loss: 0.2533 - val_acc: 0.9074
Epoch 97/500
62s - loss: 0.3375 - acc: 0.8847 - val_loss: 0.2553 - val_acc: 0.9074
Epoch 98/500
62s - loss: 0.3253 - acc: 0.8818 - val_loss: 0.2555 - val_acc: 0.9063
Epoch 99/500
62s - loss: 0.3394 - acc: 0.8768 - val_loss: 0.2546 - val_acc: 0.9063
Epoch 100/500
62s - loss: 0.3451 - acc: 0.8832 - val_loss: 0.2589 - val_acc: 0.9063
Epoch 101/500
62s - loss: 0.3405 - acc: 0.8766 - val_loss: 0.2549 - val_acc: 0.9063
Epoch 102/500
62s - loss: 0.3397 - acc: 0.8829 - val_loss: 0.2511 - val_acc: 0.9084
Epoch 103/500
62s - loss: 0.3271 - acc: 0.8774 - val_loss: 0.2532 - val_acc: 0.9063
Epoch 104/500
62s - loss: 0.3321 - acc: 0.8868 - val_loss: 0.2543 - val_acc: 0.9053
Epoch 105/500
62s - loss: 0.3161 - acc: 0.8845 - val_loss: 0.2562 - val_acc: 0.9063
Epoch 106/500
62s - loss: 0.3387 - acc: 0.8837 - val_loss: 0.2569 - val_acc: 0.9053
Epoch 107/500
63s - loss: 0.3185 - acc: 0.8853 - val_loss: 0.2553 - val_acc: 0.9063
Epoch 108/500
62s - loss: 0.3298 - acc: 0.8797 - val_loss: 0.2541 - val_acc: 0.9074
Epoch 109/500
62s - loss: 0.3408 - acc: 0.8816 - val_loss: 0.2535 - val_acc: 0.9074
Epoch 110/500
62s - loss: 0.3338 - acc: 0.8808 - val_loss: 0.2548 - val_acc: 0.9063
Epoch 111/500
62s - loss: 0.3381 - acc: 0.8861 - val_loss: 0.2520 - val_acc: 0.9074
Epoch 112/500
62s - loss: 0.3305 - acc: 0.8826 - val_loss: 0.2553 - val_acc: 0.9063
Epoch 113/500
62s - loss: 0.3331 - acc: 0.8829 - val_loss: 0.2580 - val_acc: 0.9063
Epoch 114/500
62s - loss: 0.3428 - acc: 0.8797 - val_loss: 0.2567 - val_acc: 0.9063
Epoch 115/500
62s - loss: 0.3365 - acc: 0.8758 - val_loss: 0.2590 - val_acc: 0.9053
Epoch 116/500
62s - loss: 0.3313 - acc: 0.8824 - val_loss: 0.2595 - val_acc: 0.9053
Epoch 117/500
62s - loss: 0.3328 - acc: 0.8800 - val_loss: 0.2575 - val_acc: 0.9053
Epoch 118/500
62s - loss: 0.3423 - acc: 0.8808 - val_loss: 0.2556 - val_acc: 0.9063
Epoch 119/500
62s - loss: 0.3376 - acc: 0.8771 - val_loss: 0.2535 - val_acc: 0.9063
Epoch 120/500
62s - loss: 0.3410 - acc: 0.8776 - val_loss: 0.2531 - val_acc: 0.9074
Epoch 121/500
62s - loss: 0.3542 - acc: 0.8776 - val_loss: 0.2560 - val_acc: 0.9042
Epoch 122/500
62s - loss: 0.3154 - acc: 0.8829 - val_loss: 0.2589 - val_acc: 0.9042
Epoch 123/500
62s - loss: 0.3196 - acc: 0.8879 - val_loss: 0.2565 - val_acc: 0.9063
Epoch 124/500
62s - loss: 0.3429 - acc: 0.8805 - val_loss: 0.2545 - val_acc: 0.9063
Epoch 125/500
62s - loss: 0.3336 - acc: 0.8837 - val_loss: 0.2545 - val_acc: 0.9053
Epoch 126/500
62s - loss: 0.3289 - acc: 0.8889 - val_loss: 0.2558 - val_acc: 0.9053
Epoch 127/500
62s - loss: 0.3404 - acc: 0.8805 - val_loss: 0.2565 - val_acc: 0.9053
Training loss for fold 14 is 0.24987122915293042 with percent 91.00000001254834
Testing loss for fold 14 is 0.24642984493782646 with percent 91.15789469919706
 
No saved trial for kfold.
Train on 3800 samples, validate on 950 samples
Epoch 1/500
62s - loss: 0.3484 - acc: 0.8724 - val_loss: 0.2418 - val_acc: 0.9116
Epoch 2/500
63s - loss: 0.3332 - acc: 0.8774 - val_loss: 0.2419 - val_acc: 0.9105
Epoch 3/500
62s - loss: 0.3335 - acc: 0.8845 - val_loss: 0.2431 - val_acc: 0.9116
Epoch 4/500
62s - loss: 0.3392 - acc: 0.8834 - val_loss: 0.2430 - val_acc: 0.9105
Epoch 5/500
62s - loss: 0.3387 - acc: 0.8837 - val_loss: 0.2426 - val_acc: 0.9105
Epoch 6/500
62s - loss: 0.3174 - acc: 0.8887 - val_loss: 0.2428 - val_acc: 0.9105
Epoch 7/500
62s - loss: 0.3393 - acc: 0.8776 - val_loss: 0.2443 - val_acc: 0.9105
Epoch 8/500
62s - loss: 0.3454 - acc: 0.8787 - val_loss: 0.2402 - val_acc: 0.9095
Epoch 9/500
62s - loss: 0.3482 - acc: 0.8761 - val_loss: 0.2408 - val_acc: 0.9116
Epoch 10/500
62s - loss: 0.3337 - acc: 0.8816 - val_loss: 0.2435 - val_acc: 0.9105
Epoch 11/500
62s - loss: 0.3340 - acc: 0.8805 - val_loss: 0.2428 - val_acc: 0.9084
Epoch 12/500
62s - loss: 0.3458 - acc: 0.8771 - val_loss: 0.2429 - val_acc: 0.9095
Epoch 13/500
62s - loss: 0.3296 - acc: 0.8821 - val_loss: 0.2438 - val_acc: 0.9105
Epoch 14/500
62s - loss: 0.3311 - acc: 0.8805 - val_loss: 0.2412 - val_acc: 0.9105
Epoch 15/500
62s - loss: 0.3214 - acc: 0.8832 - val_loss: 0.2408 - val_acc: 0.9105
Epoch 16/500
62s - loss: 0.3257 - acc: 0.8866 - val_loss: 0.2430 - val_acc: 0.9095
Epoch 17/500
62s - loss: 0.3426 - acc: 0.8800 - val_loss: 0.2392 - val_acc: 0.9116
Epoch 18/500
62s - loss: 0.3328 - acc: 0.8787 - val_loss: 0.2462 - val_acc: 0.9095
Epoch 19/500
62s - loss: 0.3369 - acc: 0.8832 - val_loss: 0.2434 - val_acc: 0.9105
Epoch 20/500
62s - loss: 0.3286 - acc: 0.8842 - val_loss: 0.2438 - val_acc: 0.9116
Epoch 21/500
62s - loss: 0.3358 - acc: 0.8845 - val_loss: 0.2425 - val_acc: 0.9126
Epoch 22/500
62s - loss: 0.3280 - acc: 0.8811 - val_loss: 0.2440 - val_acc: 0.9105
Epoch 23/500
62s - loss: 0.3394 - acc: 0.8824 - val_loss: 0.2453 - val_acc: 0.9105
Epoch 24/500
62s - loss: 0.3620 - acc: 0.8755 - val_loss: 0.2402 - val_acc: 0.9105
Epoch 25/500
62s - loss: 0.3331 - acc: 0.8845 - val_loss: 0.2423 - val_acc: 0.9126
Epoch 26/500
62s - loss: 0.3340 - acc: 0.8792 - val_loss: 0.2430 - val_acc: 0.9105
Epoch 27/500
62s - loss: 0.3368 - acc: 0.8787 - val_loss: 0.2463 - val_acc: 0.9095
Epoch 28/500
62s - loss: 0.3309 - acc: 0.8800 - val_loss: 0.2442 - val_acc: 0.9116
Epoch 29/500
62s - loss: 0.3379 - acc: 0.8766 - val_loss: 0.2449 - val_acc: 0.9095
Epoch 30/500
62s - loss: 0.3446 - acc: 0.8787 - val_loss: 0.2416 - val_acc: 0.9105
Epoch 31/500
62s - loss: 0.3328 - acc: 0.8824 - val_loss: 0.2422 - val_acc: 0.9116
Epoch 32/500
62s - loss: 0.3426 - acc: 0.8787 - val_loss: 0.2432 - val_acc: 0.9105
Epoch 33/500
62s - loss: 0.3152 - acc: 0.8866 - val_loss: 0.2450 - val_acc: 0.9105
Epoch 34/500
62s - loss: 0.3370 - acc: 0.8805 - val_loss: 0.2434 - val_acc: 0.9105
Epoch 35/500
62s - loss: 0.3252 - acc: 0.8797 - val_loss: 0.2428 - val_acc: 0.9095
Epoch 36/500
62s - loss: 0.3384 - acc: 0.8758 - val_loss: 0.2440 - val_acc: 0.9095
Epoch 37/500
63s - loss: 0.3294 - acc: 0.8850 - val_loss: 0.2410 - val_acc: 0.9116
Epoch 38/500
62s - loss: 0.3273 - acc: 0.8863 - val_loss: 0.2441 - val_acc: 0.9105
Epoch 39/500
62s - loss: 0.3265 - acc: 0.8826 - val_loss: 0.2446 - val_acc: 0.9095
Epoch 40/500
62s - loss: 0.3461 - acc: 0.8821 - val_loss: 0.2431 - val_acc: 0.9116
Epoch 41/500
62s - loss: 0.3249 - acc: 0.8850 - val_loss: 0.2453 - val_acc: 0.9105
Epoch 42/500
62s - loss: 0.3384 - acc: 0.8866 - val_loss: 0.2471 - val_acc: 0.9105
Epoch 43/500
62s - loss: 0.3282 - acc: 0.8826 - val_loss: 0.2438 - val_acc: 0.9116
Epoch 44/500
62s - loss: 0.3371 - acc: 0.8811 - val_loss: 0.2415 - val_acc: 0.9126
Epoch 45/500
62s - loss: 0.3410 - acc: 0.8763 - val_loss: 0.2385 - val_acc: 0.9126
Epoch 46/500
62s - loss: 0.3511 - acc: 0.8774 - val_loss: 0.2428 - val_acc: 0.9116
Epoch 47/500
62s - loss: 0.3356 - acc: 0.8729 - val_loss: 0.2443 - val_acc: 0.9084
Epoch 48/500
62s - loss: 0.3262 - acc: 0.8747 - val_loss: 0.2433 - val_acc: 0.9105
Epoch 49/500
62s - loss: 0.3452 - acc: 0.8829 - val_loss: 0.2412 - val_acc: 0.9105
Epoch 50/500
62s - loss: 0.3309 - acc: 0.8871 - val_loss: 0.2448 - val_acc: 0.9126
Epoch 51/500
62s - loss: 0.3329 - acc: 0.8811 - val_loss: 0.2419 - val_acc: 0.9126
Epoch 52/500
62s - loss: 0.3395 - acc: 0.8674 - val_loss: 0.2420 - val_acc: 0.9116
Epoch 53/500
62s - loss: 0.3281 - acc: 0.8834 - val_loss: 0.2404 - val_acc: 0.9137
Epoch 54/500
62s - loss: 0.3305 - acc: 0.8850 - val_loss: 0.2418 - val_acc: 0.9116
Epoch 55/500
62s - loss: 0.3202 - acc: 0.8889 - val_loss: 0.2412 - val_acc: 0.9137
Epoch 56/500
62s - loss: 0.3393 - acc: 0.8811 - val_loss: 0.2421 - val_acc: 0.9126
Epoch 57/500
62s - loss: 0.3343 - acc: 0.8837 - val_loss: 0.2389 - val_acc: 0.9126
Epoch 58/500
62s - loss: 0.3293 - acc: 0.8808 - val_loss: 0.2420 - val_acc: 0.9126
Epoch 59/500
62s - loss: 0.3332 - acc: 0.8874 - val_loss: 0.2454 - val_acc: 0.9116
Epoch 60/500
62s - loss: 0.3399 - acc: 0.8711 - val_loss: 0.2482 - val_acc: 0.9084
Epoch 61/500
62s - loss: 0.3319 - acc: 0.8784 - val_loss: 0.2460 - val_acc: 0.9126
Epoch 62/500
62s - loss: 0.3461 - acc: 0.8768 - val_loss: 0.2438 - val_acc: 0.9116
Epoch 63/500
62s - loss: 0.3420 - acc: 0.8803 - val_loss: 0.2438 - val_acc: 0.9116
Epoch 64/500
62s - loss: 0.3309 - acc: 0.8808 - val_loss: 0.2416 - val_acc: 0.9126
Epoch 65/500
66s - loss: 0.3321 - acc: 0.8808 - val_loss: 0.2397 - val_acc: 0.9126
Epoch 66/500
66s - loss: 0.3248 - acc: 0.8842 - val_loss: 0.2434 - val_acc: 0.9116
Epoch 67/500
66s - loss: 0.3239 - acc: 0.8882 - val_loss: 0.2403 - val_acc: 0.9126
Epoch 68/500
66s - loss: 0.3265 - acc: 0.8829 - val_loss: 0.2393 - val_acc: 0.9126
Epoch 69/500
66s - loss: 0.3505 - acc: 0.8761 - val_loss: 0.2471 - val_acc: 0.9084
Epoch 70/500
66s - loss: 0.3277 - acc: 0.8879 - val_loss: 0.2443 - val_acc: 0.9116
Epoch 71/500
66s - loss: 0.3287 - acc: 0.8824 - val_loss: 0.2421 - val_acc: 0.9105
Epoch 72/500
66s - loss: 0.3325 - acc: 0.8863 - val_loss: 0.2418 - val_acc: 0.9116
Epoch 73/500
66s - loss: 0.3162 - acc: 0.8900 - val_loss: 0.2396 - val_acc: 0.9147
Epoch 74/500
66s - loss: 0.3226 - acc: 0.8903 - val_loss: 0.2402 - val_acc: 0.9137
Epoch 75/500
66s - loss: 0.3375 - acc: 0.8776 - val_loss: 0.2414 - val_acc: 0.9105
Epoch 76/500
66s - loss: 0.3522 - acc: 0.8739 - val_loss: 0.2413 - val_acc: 0.9116
Epoch 77/500
66s - loss: 0.3445 - acc: 0.8829 - val_loss: 0.2414 - val_acc: 0.9126
Epoch 78/500
66s - loss: 0.3319 - acc: 0.8821 - val_loss: 0.2415 - val_acc: 0.9105
Epoch 79/500
66s - loss: 0.3441 - acc: 0.8771 - val_loss: 0.2465 - val_acc: 0.9095
Epoch 80/500
66s - loss: 0.3323 - acc: 0.8855 - val_loss: 0.2451 - val_acc: 0.9105
Epoch 81/500
66s - loss: 0.3363 - acc: 0.8826 - val_loss: 0.2443 - val_acc: 0.9105
Epoch 82/500
66s - loss: 0.3205 - acc: 0.8861 - val_loss: 0.2450 - val_acc: 0.9116
Epoch 83/500
66s - loss: 0.3309 - acc: 0.8803 - val_loss: 0.2422 - val_acc: 0.9105
Epoch 84/500
66s - loss: 0.3319 - acc: 0.8792 - val_loss: 0.2438 - val_acc: 0.9105
Epoch 85/500
66s - loss: 0.3289 - acc: 0.8850 - val_loss: 0.2419 - val_acc: 0.9126
Epoch 86/500
66s - loss: 0.3284 - acc: 0.8876 - val_loss: 0.2481 - val_acc: 0.9095
Epoch 87/500
66s - loss: 0.3441 - acc: 0.8734 - val_loss: 0.2467 - val_acc: 0.9084
Epoch 88/500
66s - loss: 0.3276 - acc: 0.8808 - val_loss: 0.2442 - val_acc: 0.9105
Epoch 89/500
66s - loss: 0.3357 - acc: 0.8834 - val_loss: 0.2420 - val_acc: 0.9116
Epoch 90/500
66s - loss: 0.3310 - acc: 0.8795 - val_loss: 0.2424 - val_acc: 0.9116
Epoch 91/500
66s - loss: 0.3434 - acc: 0.8779 - val_loss: 0.2432 - val_acc: 0.9126
Epoch 92/500
66s - loss: 0.3276 - acc: 0.8800 - val_loss: 0.2421 - val_acc: 0.9116
Epoch 93/500
66s - loss: 0.3357 - acc: 0.8779 - val_loss: 0.2414 - val_acc: 0.9137
Epoch 94/500
66s - loss: 0.3423 - acc: 0.8776 - val_loss: 0.2424 - val_acc: 0.9126
Training loss for fold 15 is 0.2507637555975663 with percent 90.84210526315789
Testing loss for fold 15 is 0.23847553008481076 with percent 91.2631578821885
 
No saved trial for kfold.
Train on 3800 samples, validate on 950 samples
Epoch 1/500
66s - loss: 0.3262 - acc: 0.8784 - val_loss: 0.2554 - val_acc: 0.9053
Epoch 2/500
66s - loss: 0.3351 - acc: 0.8850 - val_loss: 0.2552 - val_acc: 0.9042
Epoch 3/500
66s - loss: 0.3175 - acc: 0.8845 - val_loss: 0.2547 - val_acc: 0.9063
Epoch 4/500
66s - loss: 0.3237 - acc: 0.8839 - val_loss: 0.2559 - val_acc: 0.9053
Epoch 5/500
66s - loss: 0.3311 - acc: 0.8837 - val_loss: 0.2578 - val_acc: 0.9053
Epoch 6/500
66s - loss: 0.3075 - acc: 0.8905 - val_loss: 0.2567 - val_acc: 0.9032
Epoch 7/500
66s - loss: 0.3361 - acc: 0.8818 - val_loss: 0.2563 - val_acc: 0.9053
Epoch 8/500
66s - loss: 0.3352 - acc: 0.8803 - val_loss: 0.2527 - val_acc: 0.9084
Epoch 9/500
66s - loss: 0.3339 - acc: 0.8800 - val_loss: 0.2520 - val_acc: 0.9063
Epoch 10/500
66s - loss: 0.3267 - acc: 0.8829 - val_loss: 0.2604 - val_acc: 0.9011
Epoch 11/500
66s - loss: 0.3263 - acc: 0.8808 - val_loss: 0.2573 - val_acc: 0.9021
Epoch 12/500
65s - loss: 0.3514 - acc: 0.8739 - val_loss: 0.2560 - val_acc: 0.9053
Epoch 13/500
65s - loss: 0.3235 - acc: 0.8776 - val_loss: 0.2532 - val_acc: 0.9053
Epoch 14/500
66s - loss: 0.3278 - acc: 0.8866 - val_loss: 0.2543 - val_acc: 0.9063
Epoch 15/500
66s - loss: 0.3344 - acc: 0.8832 - val_loss: 0.2551 - val_acc: 0.9063
Epoch 16/500
66s - loss: 0.3323 - acc: 0.8847 - val_loss: 0.2532 - val_acc: 0.9074
Epoch 17/500
65s - loss: 0.3321 - acc: 0.8824 - val_loss: 0.2529 - val_acc: 0.9084
Epoch 18/500
66s - loss: 0.3384 - acc: 0.8861 - val_loss: 0.2538 - val_acc: 0.9063
Epoch 19/500
66s - loss: 0.3313 - acc: 0.8858 - val_loss: 0.2538 - val_acc: 0.9074
Epoch 20/500
66s - loss: 0.3460 - acc: 0.8774 - val_loss: 0.2543 - val_acc: 0.9021
Epoch 21/500
65s - loss: 0.3295 - acc: 0.8784 - val_loss: 0.2527 - val_acc: 0.9074
Epoch 22/500
66s - loss: 0.3402 - acc: 0.8837 - val_loss: 0.2546 - val_acc: 0.9053
Epoch 23/500
66s - loss: 0.3522 - acc: 0.8753 - val_loss: 0.2557 - val_acc: 0.9042
Epoch 24/500
66s - loss: 0.3413 - acc: 0.8734 - val_loss: 0.2554 - val_acc: 0.9063
Epoch 25/500
66s - loss: 0.3322 - acc: 0.8845 - val_loss: 0.2580 - val_acc: 0.9053
Epoch 26/500
65s - loss: 0.3460 - acc: 0.8816 - val_loss: 0.2578 - val_acc: 0.9053
Epoch 27/500
66s - loss: 0.3308 - acc: 0.8805 - val_loss: 0.2559 - val_acc: 0.9042
Epoch 28/500
65s - loss: 0.3253 - acc: 0.8808 - val_loss: 0.2533 - val_acc: 0.9095
Epoch 29/500
65s - loss: 0.3438 - acc: 0.8782 - val_loss: 0.2530 - val_acc: 0.9084
Epoch 30/500
66s - loss: 0.3296 - acc: 0.8839 - val_loss: 0.2548 - val_acc: 0.9063
Epoch 31/500
65s - loss: 0.3333 - acc: 0.8826 - val_loss: 0.2552 - val_acc: 0.9053
Epoch 32/500
65s - loss: 0.3187 - acc: 0.8826 - val_loss: 0.2573 - val_acc: 0.9042
Epoch 33/500
65s - loss: 0.3416 - acc: 0.8761 - val_loss: 0.2541 - val_acc: 0.9053
Epoch 34/500
65s - loss: 0.3554 - acc: 0.8742 - val_loss: 0.2564 - val_acc: 0.9032
Epoch 35/500
66s - loss: 0.3491 - acc: 0.8795 - val_loss: 0.2560 - val_acc: 0.9042
Epoch 36/500
66s - loss: 0.3347 - acc: 0.8826 - val_loss: 0.2562 - val_acc: 0.9042
Epoch 37/500
66s - loss: 0.3419 - acc: 0.8805 - val_loss: 0.2562 - val_acc: 0.9053
Epoch 38/500
66s - loss: 0.3431 - acc: 0.8755 - val_loss: 0.2575 - val_acc: 0.9032
Epoch 39/500
66s - loss: 0.3272 - acc: 0.8895 - val_loss: 0.2568 - val_acc: 0.9042
Epoch 40/500
66s - loss: 0.3247 - acc: 0.8855 - val_loss: 0.2551 - val_acc: 0.9063
Epoch 41/500
66s - loss: 0.3236 - acc: 0.8842 - val_loss: 0.2577 - val_acc: 0.9053
Epoch 42/500
65s - loss: 0.3167 - acc: 0.8874 - val_loss: 0.2581 - val_acc: 0.9011
Epoch 43/500
66s - loss: 0.3652 - acc: 0.8676 - val_loss: 0.2584 - val_acc: 0.9042
Epoch 44/500
65s - loss: 0.3232 - acc: 0.8824 - val_loss: 0.2540 - val_acc: 0.9053
Epoch 45/500
66s - loss: 0.3434 - acc: 0.8808 - val_loss: 0.2562 - val_acc: 0.9053
Epoch 46/500
66s - loss: 0.3259 - acc: 0.8832 - val_loss: 0.2519 - val_acc: 0.9084
Epoch 47/500
66s - loss: 0.3332 - acc: 0.8821 - val_loss: 0.2538 - val_acc: 0.9063
Epoch 48/500
66s - loss: 0.3322 - acc: 0.8795 - val_loss: 0.2577 - val_acc: 0.9021
Epoch 49/500
66s - loss: 0.3470 - acc: 0.8742 - val_loss: 0.2558 - val_acc: 0.9063
Epoch 50/500
66s - loss: 0.3425 - acc: 0.8718 - val_loss: 0.2552 - val_acc: 0.9053
Epoch 51/500
66s - loss: 0.3338 - acc: 0.8853 - val_loss: 0.2572 - val_acc: 0.9053
Epoch 52/500
65s - loss: 0.3242 - acc: 0.8834 - val_loss: 0.2576 - val_acc: 0.9042
Epoch 53/500
66s - loss: 0.3450 - acc: 0.8758 - val_loss: 0.2592 - val_acc: 0.9032
Epoch 54/500
66s - loss: 0.3396 - acc: 0.8803 - val_loss: 0.2599 - val_acc: 0.9032
Epoch 55/500
67s - loss: 0.3172 - acc: 0.8847 - val_loss: 0.2569 - val_acc: 0.9063
Epoch 56/500
66s - loss: 0.3406 - acc: 0.8797 - val_loss: 0.2549 - val_acc: 0.9063
Epoch 57/500
66s - loss: 0.3447 - acc: 0.8803 - val_loss: 0.2563 - val_acc: 0.9021
Epoch 58/500
66s - loss: 0.3420 - acc: 0.8787 - val_loss: 0.2573 - val_acc: 0.9042
Epoch 59/500
66s - loss: 0.3410 - acc: 0.8761 - val_loss: 0.2528 - val_acc: 0.9053
Epoch 60/500
66s - loss: 0.3318 - acc: 0.8853 - val_loss: 0.2532 - val_acc: 0.9084
Epoch 61/500
66s - loss: 0.3334 - acc: 0.8805 - val_loss: 0.2575 - val_acc: 0.9042
Epoch 62/500
66s - loss: 0.3278 - acc: 0.8863 - val_loss: 0.2568 - val_acc: 0.9053
Epoch 63/500
66s - loss: 0.3290 - acc: 0.8824 - val_loss: 0.2569 - val_acc: 0.9053
Epoch 64/500
66s - loss: 0.3446 - acc: 0.8805 - val_loss: 0.2561 - val_acc: 0.9053
Epoch 65/500
66s - loss: 0.3397 - acc: 0.8800 - val_loss: 0.2611 - val_acc: 0.9032
Epoch 66/500
66s - loss: 0.3341 - acc: 0.8795 - val_loss: 0.2592 - val_acc: 0.9011
Epoch 67/500
66s - loss: 0.3349 - acc: 0.8755 - val_loss: 0.2562 - val_acc: 0.9042
Training loss for fold 16 is 0.24743358169731342 with percent 90.99999998745164
Testing loss for fold 16 is 0.25190624020601576 with percent 90.84210532589962
 
No saved trial for kfold.
Train on 3800 samples, validate on 950 samples
Epoch 1/500
66s - loss: 0.3287 - acc: 0.8903 - val_loss: 0.2330 - val_acc: 0.9126
Epoch 2/500
66s - loss: 0.3356 - acc: 0.8850 - val_loss: 0.2328 - val_acc: 0.9116
Epoch 3/500
66s - loss: 0.3368 - acc: 0.8837 - val_loss: 0.2334 - val_acc: 0.9116
Epoch 4/500
66s - loss: 0.3329 - acc: 0.8821 - val_loss: 0.2316 - val_acc: 0.9137
Epoch 5/500
66s - loss: 0.3409 - acc: 0.8789 - val_loss: 0.2310 - val_acc: 0.9137
Epoch 6/500
66s - loss: 0.3302 - acc: 0.8789 - val_loss: 0.2338 - val_acc: 0.9137
Epoch 7/500
66s - loss: 0.3278 - acc: 0.8776 - val_loss: 0.2377 - val_acc: 0.9105
Epoch 8/500
66s - loss: 0.3506 - acc: 0.8774 - val_loss: 0.2330 - val_acc: 0.9116
Epoch 9/500
66s - loss: 0.3316 - acc: 0.8818 - val_loss: 0.2364 - val_acc: 0.9105
Epoch 10/500
66s - loss: 0.3383 - acc: 0.8755 - val_loss: 0.2287 - val_acc: 0.9126
Epoch 11/500
66s - loss: 0.3465 - acc: 0.8800 - val_loss: 0.2338 - val_acc: 0.9116
Epoch 12/500
66s - loss: 0.3497 - acc: 0.8800 - val_loss: 0.2352 - val_acc: 0.9126
Epoch 13/500
66s - loss: 0.3468 - acc: 0.8758 - val_loss: 0.2320 - val_acc: 0.9126
Epoch 14/500
66s - loss: 0.3445 - acc: 0.8821 - val_loss: 0.2339 - val_acc: 0.9126
Epoch 15/500
66s - loss: 0.3333 - acc: 0.8803 - val_loss: 0.2330 - val_acc: 0.9116
Epoch 16/500
66s - loss: 0.3225 - acc: 0.8868 - val_loss: 0.2388 - val_acc: 0.9105
Epoch 17/500
66s - loss: 0.3360 - acc: 0.8832 - val_loss: 0.2318 - val_acc: 0.9137
Epoch 18/500
66s - loss: 0.3444 - acc: 0.8853 - val_loss: 0.2329 - val_acc: 0.9137
Epoch 19/500
66s - loss: 0.3411 - acc: 0.8853 - val_loss: 0.2348 - val_acc: 0.9116
Epoch 20/500
66s - loss: 0.3304 - acc: 0.8824 - val_loss: 0.2345 - val_acc: 0.9126
Epoch 21/500
66s - loss: 0.3278 - acc: 0.8897 - val_loss: 0.2319 - val_acc: 0.9126
Epoch 22/500
66s - loss: 0.3562 - acc: 0.8792 - val_loss: 0.2347 - val_acc: 0.9126
Epoch 23/500
66s - loss: 0.3486 - acc: 0.8868 - val_loss: 0.2350 - val_acc: 0.9116
Epoch 24/500
66s - loss: 0.3345 - acc: 0.8845 - val_loss: 0.2371 - val_acc: 0.9116
Epoch 25/500
66s - loss: 0.3285 - acc: 0.8808 - val_loss: 0.2378 - val_acc: 0.9105
Epoch 26/500
66s - loss: 0.3354 - acc: 0.8850 - val_loss: 0.2367 - val_acc: 0.9095
Epoch 27/500
66s - loss: 0.3386 - acc: 0.8808 - val_loss: 0.2352 - val_acc: 0.9116
Epoch 28/500
65s - loss: 0.3331 - acc: 0.8808 - val_loss: 0.2351 - val_acc: 0.9116
Epoch 29/500
66s - loss: 0.3391 - acc: 0.8829 - val_loss: 0.2358 - val_acc: 0.9116
Epoch 30/500
66s - loss: 0.3274 - acc: 0.8813 - val_loss: 0.2337 - val_acc: 0.9126
Epoch 31/500
66s - loss: 0.3346 - acc: 0.8779 - val_loss: 0.2345 - val_acc: 0.9126
Epoch 32/500
66s - loss: 0.3421 - acc: 0.8818 - val_loss: 0.2348 - val_acc: 0.9116
Epoch 33/500
66s - loss: 0.3591 - acc: 0.8745 - val_loss: 0.2386 - val_acc: 0.9095
Epoch 34/500
66s - loss: 0.3432 - acc: 0.8818 - val_loss: 0.2345 - val_acc: 0.9126
Epoch 35/500
65s - loss: 0.3536 - acc: 0.8753 - val_loss: 0.2400 - val_acc: 0.9074
Epoch 36/500
65s - loss: 0.3304 - acc: 0.8868 - val_loss: 0.2346 - val_acc: 0.9126
Epoch 37/500
66s - loss: 0.3409 - acc: 0.8795 - val_loss: 0.2347 - val_acc: 0.9126
Epoch 38/500
66s - loss: 0.3473 - acc: 0.8821 - val_loss: 0.2328 - val_acc: 0.9126
Epoch 39/500
66s - loss: 0.3419 - acc: 0.8782 - val_loss: 0.2345 - val_acc: 0.9116
Epoch 40/500
66s - loss: 0.3389 - acc: 0.8774 - val_loss: 0.2349 - val_acc: 0.9126
Epoch 41/500
66s - loss: 0.3444 - acc: 0.8850 - val_loss: 0.2360 - val_acc: 0.9116
Epoch 42/500
66s - loss: 0.3374 - acc: 0.8887 - val_loss: 0.2323 - val_acc: 0.9126
Epoch 43/500
66s - loss: 0.3303 - acc: 0.8842 - val_loss: 0.2333 - val_acc: 0.9126
Epoch 44/500
66s - loss: 0.3355 - acc: 0.8842 - val_loss: 0.2375 - val_acc: 0.9116
Epoch 45/500
66s - loss: 0.3280 - acc: 0.8897 - val_loss: 0.2386 - val_acc: 0.9105
Epoch 46/500
66s - loss: 0.3343 - acc: 0.8797 - val_loss: 0.2369 - val_acc: 0.9105
Epoch 47/500
65s - loss: 0.3589 - acc: 0.8755 - val_loss: 0.2362 - val_acc: 0.9116
Epoch 48/500
66s - loss: 0.3440 - acc: 0.8774 - val_loss: 0.2363 - val_acc: 0.9126
Epoch 49/500
66s - loss: 0.3502 - acc: 0.8829 - val_loss: 0.2374 - val_acc: 0.9116
Epoch 50/500
66s - loss: 0.3402 - acc: 0.8829 - val_loss: 0.2329 - val_acc: 0.9116
Epoch 51/500
65s - loss: 0.3130 - acc: 0.8924 - val_loss: 0.2331 - val_acc: 0.9126
Epoch 52/500
66s - loss: 0.3529 - acc: 0.8839 - val_loss: 0.2332 - val_acc: 0.9126
Epoch 53/500
65s - loss: 0.3430 - acc: 0.8813 - val_loss: 0.2357 - val_acc: 0.9126
Epoch 54/500
66s - loss: 0.3302 - acc: 0.8816 - val_loss: 0.2361 - val_acc: 0.9105
Epoch 55/500
66s - loss: 0.3381 - acc: 0.8745 - val_loss: 0.2397 - val_acc: 0.9095
Epoch 56/500
65s - loss: 0.3376 - acc: 0.8805 - val_loss: 0.2358 - val_acc: 0.9116
Epoch 57/500
65s - loss: 0.3207 - acc: 0.8911 - val_loss: 0.2360 - val_acc: 0.9116
Epoch 58/500
65s - loss: 0.3273 - acc: 0.8889 - val_loss: 0.2393 - val_acc: 0.9105
Epoch 59/500
65s - loss: 0.3509 - acc: 0.8737 - val_loss: 0.2380 - val_acc: 0.9105
Epoch 60/500
65s - loss: 0.3374 - acc: 0.8782 - val_loss: 0.2332 - val_acc: 0.9126
Epoch 61/500
65s - loss: 0.3249 - acc: 0.8839 - val_loss: 0.2359 - val_acc: 0.9126
Epoch 62/500
66s - loss: 0.3574 - acc: 0.8766 - val_loss: 0.2340 - val_acc: 0.9126
Epoch 63/500
66s - loss: 0.3312 - acc: 0.8868 - val_loss: 0.2355 - val_acc: 0.9126
Epoch 64/500
65s - loss: 0.3497 - acc: 0.8750 - val_loss: 0.2307 - val_acc: 0.9126
Epoch 65/500
65s - loss: 0.3229 - acc: 0.8853 - val_loss: 0.2330 - val_acc: 0.9126
Epoch 66/500
65s - loss: 0.3314 - acc: 0.8776 - val_loss: 0.2346 - val_acc: 0.9126
Epoch 67/500
65s - loss: 0.3359 - acc: 0.8829 - val_loss: 0.2363 - val_acc: 0.9105
Epoch 68/500
65s - loss: 0.3328 - acc: 0.8813 - val_loss: 0.2321 - val_acc: 0.9126
Epoch 69/500
65s - loss: 0.3344 - acc: 0.8766 - val_loss: 0.2345 - val_acc: 0.9126
Epoch 70/500
65s - loss: 0.3330 - acc: 0.8882 - val_loss: 0.2342 - val_acc: 0.9126
Epoch 71/500
65s - loss: 0.3330 - acc: 0.8816 - val_loss: 0.2359 - val_acc: 0.9105
Epoch 72/500
65s - loss: 0.3405 - acc: 0.8729 - val_loss: 0.2386 - val_acc: 0.9084
Epoch 73/500
66s - loss: 0.3238 - acc: 0.8805 - val_loss: 0.2371 - val_acc: 0.9116
Epoch 74/500
65s - loss: 0.3498 - acc: 0.8792 - val_loss: 0.2392 - val_acc: 0.9095
Epoch 75/500
65s - loss: 0.3345 - acc: 0.8776 - val_loss: 0.2356 - val_acc: 0.9116
Epoch 76/500
65s - loss: 0.3432 - acc: 0.8779 - val_loss: 0.2344 - val_acc: 0.9126
Epoch 77/500
65s - loss: 0.3387 - acc: 0.8866 - val_loss: 0.2377 - val_acc: 0.9116
Epoch 78/500
65s - loss: 0.3361 - acc: 0.8750 - val_loss: 0.2365 - val_acc: 0.9116
Epoch 79/500
65s - loss: 0.3294 - acc: 0.8874 - val_loss: 0.2342 - val_acc: 0.9116
Epoch 80/500
65s - loss: 0.3159 - acc: 0.8879 - val_loss: 0.2323 - val_acc: 0.9126
Epoch 81/500
65s - loss: 0.3351 - acc: 0.8905 - val_loss: 0.2343 - val_acc: 0.9126
Epoch 82/500
65s - loss: 0.3359 - acc: 0.8842 - val_loss: 0.2352 - val_acc: 0.9126
Epoch 83/500
65s - loss: 0.3346 - acc: 0.8784 - val_loss: 0.2367 - val_acc: 0.9126
Epoch 84/500
65s - loss: 0.3375 - acc: 0.8800 - val_loss: 0.2397 - val_acc: 0.9095
Epoch 85/500
65s - loss: 0.3517 - acc: 0.8761 - val_loss: 0.2360 - val_acc: 0.9126
Epoch 86/500
65s - loss: 0.3311 - acc: 0.8850 - val_loss: 0.2333 - val_acc: 0.9126
Epoch 87/500
65s - loss: 0.3328 - acc: 0.8855 - val_loss: 0.2323 - val_acc: 0.9137
Epoch 88/500
65s - loss: 0.3408 - acc: 0.8821 - val_loss: 0.2334 - val_acc: 0.9126
Epoch 89/500
65s - loss: 0.3553 - acc: 0.8826 - val_loss: 0.2364 - val_acc: 0.9084
Epoch 90/500
65s - loss: 0.3335 - acc: 0.8816 - val_loss: 0.2426 - val_acc: 0.9074
Epoch 91/500
65s - loss: 0.3151 - acc: 0.8808 - val_loss: 0.2408 - val_acc: 0.9084
Epoch 92/500
65s - loss: 0.3336 - acc: 0.8792 - val_loss: 0.2353 - val_acc: 0.9116
Epoch 93/500
65s - loss: 0.3429 - acc: 0.8766 - val_loss: 0.2364 - val_acc: 0.9105
Epoch 94/500
65s - loss: 0.3331 - acc: 0.8774 - val_loss: 0.2375 - val_acc: 0.9105
Epoch 95/500
65s - loss: 0.3390 - acc: 0.8774 - val_loss: 0.2358 - val_acc: 0.9116
Epoch 96/500
65s - loss: 0.3267 - acc: 0.8808 - val_loss: 0.2353 - val_acc: 0.9116
Epoch 97/500
65s - loss: 0.3291 - acc: 0.8882 - val_loss: 0.2351 - val_acc: 0.9126
Epoch 98/500
65s - loss: 0.3347 - acc: 0.8745 - val_loss: 0.2372 - val_acc: 0.9105
Epoch 99/500
65s - loss: 0.3397 - acc: 0.8774 - val_loss: 0.2370 - val_acc: 0.9105
Epoch 100/500
65s - loss: 0.3409 - acc: 0.8766 - val_loss: 0.2389 - val_acc: 0.9116
Epoch 101/500
65s - loss: 0.3428 - acc: 0.8792 - val_loss: 0.2377 - val_acc: 0.9105
Epoch 102/500
65s - loss: 0.3322 - acc: 0.8805 - val_loss: 0.2409 - val_acc: 0.9084
Epoch 103/500
65s - loss: 0.3246 - acc: 0.8884 - val_loss: 0.2375 - val_acc: 0.9116
Epoch 104/500
65s - loss: 0.3238 - acc: 0.8887 - val_loss: 0.2399 - val_acc: 0.9105
Epoch 105/500
65s - loss: 0.3428 - acc: 0.8813 - val_loss: 0.2383 - val_acc: 0.9095
Epoch 106/500
65s - loss: 0.3240 - acc: 0.8850 - val_loss: 0.2358 - val_acc: 0.9116
Epoch 107/500
65s - loss: 0.3379 - acc: 0.8837 - val_loss: 0.2360 - val_acc: 0.9126
Epoch 108/500
65s - loss: 0.3364 - acc: 0.8818 - val_loss: 0.2379 - val_acc: 0.9105
Epoch 109/500
66s - loss: 0.3397 - acc: 0.8855 - val_loss: 0.2347 - val_acc: 0.9126
Epoch 110/500
66s - loss: 0.3339 - acc: 0.8803 - val_loss: 0.2377 - val_acc: 0.9116
Epoch 111/500
66s - loss: 0.3246 - acc: 0.8897 - val_loss: 0.2379 - val_acc: 0.9126
Epoch 112/500
65s - loss: 0.3383 - acc: 0.8811 - val_loss: 0.2384 - val_acc: 0.9095
Training loss for fold 17 is 0.25023222854262905 with percent 90.97368422307466
Testing loss for fold 17 is 0.22874623511966907 with percent 91.26315791983353
 
No saved trial for kfold.
Train on 3800 samples, validate on 950 samples
Epoch 1/500
65s - loss: 0.3308 - acc: 0.8834 - val_loss: 0.2536 - val_acc: 0.8989
Epoch 2/500
65s - loss: 0.3257 - acc: 0.8868 - val_loss: 0.2567 - val_acc: 0.8989
Epoch 3/500
66s - loss: 0.3339 - acc: 0.8782 - val_loss: 0.2615 - val_acc: 0.8979
Epoch 4/500
65s - loss: 0.3426 - acc: 0.8805 - val_loss: 0.2548 - val_acc: 0.8979
Epoch 5/500
66s - loss: 0.3362 - acc: 0.8803 - val_loss: 0.2559 - val_acc: 0.8989
Epoch 6/500
65s - loss: 0.3274 - acc: 0.8853 - val_loss: 0.2549 - val_acc: 0.8989
Epoch 7/500
65s - loss: 0.3495 - acc: 0.8745 - val_loss: 0.2566 - val_acc: 0.8979
Epoch 8/500
65s - loss: 0.3306 - acc: 0.8811 - val_loss: 0.2587 - val_acc: 0.8979
Epoch 9/500
65s - loss: 0.3300 - acc: 0.8813 - val_loss: 0.2605 - val_acc: 0.8968
Epoch 10/500
65s - loss: 0.3380 - acc: 0.8811 - val_loss: 0.2550 - val_acc: 0.8989
Epoch 11/500
65s - loss: 0.3283 - acc: 0.8850 - val_loss: 0.2574 - val_acc: 0.8989
Epoch 12/500
65s - loss: 0.3386 - acc: 0.8768 - val_loss: 0.2568 - val_acc: 0.8979
Epoch 13/500
65s - loss: 0.3278 - acc: 0.8832 - val_loss: 0.2576 - val_acc: 0.8979
Epoch 14/500
65s - loss: 0.3063 - acc: 0.8911 - val_loss: 0.2583 - val_acc: 0.8979
Epoch 15/500
65s - loss: 0.3361 - acc: 0.8811 - val_loss: 0.2570 - val_acc: 0.8979
Epoch 16/500
65s - loss: 0.3203 - acc: 0.8855 - val_loss: 0.2576 - val_acc: 0.8979
Epoch 17/500
65s - loss: 0.3298 - acc: 0.8813 - val_loss: 0.2584 - val_acc: 0.8979
Epoch 18/500
65s - loss: 0.3362 - acc: 0.8824 - val_loss: 0.2612 - val_acc: 0.8979
Epoch 19/500
65s - loss: 0.3412 - acc: 0.8784 - val_loss: 0.2588 - val_acc: 0.8979
Epoch 20/500
65s - loss: 0.3250 - acc: 0.8821 - val_loss: 0.2593 - val_acc: 0.8979
Epoch 21/500
65s - loss: 0.3483 - acc: 0.8805 - val_loss: 0.2575 - val_acc: 0.8979
Epoch 22/500
65s - loss: 0.3346 - acc: 0.8784 - val_loss: 0.2560 - val_acc: 0.8979
Epoch 23/500
65s - loss: 0.3305 - acc: 0.8832 - val_loss: 0.2580 - val_acc: 0.8979
Epoch 24/500
65s - loss: 0.3312 - acc: 0.8871 - val_loss: 0.2617 - val_acc: 0.8979
Epoch 25/500
65s - loss: 0.3210 - acc: 0.8889 - val_loss: 0.2622 - val_acc: 0.8968
Epoch 26/500
65s - loss: 0.3212 - acc: 0.8889 - val_loss: 0.2592 - val_acc: 0.8979
Epoch 27/500
65s - loss: 0.3342 - acc: 0.8774 - val_loss: 0.2571 - val_acc: 0.8979
Epoch 28/500
65s - loss: 0.3148 - acc: 0.8871 - val_loss: 0.2595 - val_acc: 0.8968
Epoch 29/500
65s - loss: 0.3237 - acc: 0.8932 - val_loss: 0.2588 - val_acc: 0.8979
Epoch 30/500
65s - loss: 0.3279 - acc: 0.8826 - val_loss: 0.2579 - val_acc: 0.8979
Epoch 31/500
65s - loss: 0.3323 - acc: 0.8863 - val_loss: 0.2602 - val_acc: 0.8979
Epoch 32/500
65s - loss: 0.3323 - acc: 0.8800 - val_loss: 0.2590 - val_acc: 0.8979
Epoch 33/500
65s - loss: 0.3391 - acc: 0.8861 - val_loss: 0.2598 - val_acc: 0.8958
Epoch 34/500
65s - loss: 0.3245 - acc: 0.8795 - val_loss: 0.2600 - val_acc: 0.8979
Epoch 35/500
65s - loss: 0.3337 - acc: 0.8842 - val_loss: 0.2619 - val_acc: 0.8968
Epoch 36/500
65s - loss: 0.3265 - acc: 0.8861 - val_loss: 0.2573 - val_acc: 0.8979
Epoch 37/500
65s - loss: 0.3236 - acc: 0.8947 - val_loss: 0.2586 - val_acc: 0.8968
Epoch 38/500
65s - loss: 0.3416 - acc: 0.8774 - val_loss: 0.2588 - val_acc: 0.8979
Epoch 39/500
65s - loss: 0.3247 - acc: 0.8842 - val_loss: 0.2599 - val_acc: 0.8968
Epoch 40/500
65s - loss: 0.3334 - acc: 0.8797 - val_loss: 0.2614 - val_acc: 0.8979
Epoch 41/500
65s - loss: 0.3259 - acc: 0.8863 - val_loss: 0.2613 - val_acc: 0.8958
Epoch 42/500
65s - loss: 0.3459 - acc: 0.8768 - val_loss: 0.2653 - val_acc: 0.8958
Epoch 43/500
65s - loss: 0.3535 - acc: 0.8776 - val_loss: 0.2602 - val_acc: 0.8968
Epoch 44/500
65s - loss: 0.3398 - acc: 0.8797 - val_loss: 0.2582 - val_acc: 0.8968
Epoch 45/500
65s - loss: 0.3367 - acc: 0.8803 - val_loss: 0.2608 - val_acc: 0.8979
Epoch 46/500
65s - loss: 0.3358 - acc: 0.8884 - val_loss: 0.2593 - val_acc: 0.8979
Epoch 47/500
65s - loss: 0.3213 - acc: 0.8850 - val_loss: 0.2602 - val_acc: 0.8968
Epoch 48/500
65s - loss: 0.3303 - acc: 0.8818 - val_loss: 0.2574 - val_acc: 0.8989
Epoch 49/500
65s - loss: 0.3362 - acc: 0.8850 - val_loss: 0.2607 - val_acc: 0.8979
Epoch 50/500
65s - loss: 0.3223 - acc: 0.8837 - val_loss: 0.2589 - val_acc: 0.8968
Epoch 51/500
65s - loss: 0.3224 - acc: 0.8768 - val_loss: 0.2600 - val_acc: 0.8968
Epoch 52/500
65s - loss: 0.3089 - acc: 0.8895 - val_loss: 0.2577 - val_acc: 0.8989
Epoch 53/500
65s - loss: 0.3649 - acc: 0.8708 - val_loss: 0.2587 - val_acc: 0.8989
Epoch 54/500
65s - loss: 0.3198 - acc: 0.8887 - val_loss: 0.2622 - val_acc: 0.8979
Epoch 55/500
65s - loss: 0.3363 - acc: 0.8829 - val_loss: 0.2591 - val_acc: 0.8989
Epoch 56/500
65s - loss: 0.3445 - acc: 0.8850 - val_loss: 0.2590 - val_acc: 0.8968
Epoch 57/500
65s - loss: 0.3388 - acc: 0.8850 - val_loss: 0.2612 - val_acc: 0.8979
Epoch 58/500
65s - loss: 0.3299 - acc: 0.8824 - val_loss: 0.2581 - val_acc: 0.8968
Epoch 59/500
65s - loss: 0.3413 - acc: 0.8787 - val_loss: 0.2599 - val_acc: 0.8968
Epoch 60/500
65s - loss: 0.3197 - acc: 0.8821 - val_loss: 0.2603 - val_acc: 0.8989
Epoch 61/500
65s - loss: 0.3384 - acc: 0.8797 - val_loss: 0.2617 - val_acc: 0.8989
Epoch 62/500
65s - loss: 0.3196 - acc: 0.8897 - val_loss: 0.2597 - val_acc: 0.8979
Epoch 63/500
65s - loss: 0.3279 - acc: 0.8850 - val_loss: 0.2596 - val_acc: 0.8979
Epoch 64/500
65s - loss: 0.3449 - acc: 0.8834 - val_loss: 0.2621 - val_acc: 0.8989
Epoch 65/500
65s - loss: 0.3424 - acc: 0.8789 - val_loss: 0.2605 - val_acc: 0.8958
Epoch 66/500
65s - loss: 0.3385 - acc: 0.8805 - val_loss: 0.2621 - val_acc: 0.8958
Epoch 67/500
65s - loss: 0.3178 - acc: 0.8863 - val_loss: 0.2576 - val_acc: 0.8979
Epoch 68/500
65s - loss: 0.3275 - acc: 0.8855 - val_loss: 0.2618 - val_acc: 0.8958
Epoch 69/500
65s - loss: 0.3186 - acc: 0.8903 - val_loss: 0.2605 - val_acc: 0.8989
Epoch 70/500
65s - loss: 0.3375 - acc: 0.8855 - val_loss: 0.2620 - val_acc: 0.8989
Epoch 71/500
65s - loss: 0.3274 - acc: 0.8837 - val_loss: 0.2609 - val_acc: 0.8979
Epoch 72/500
65s - loss: 0.3339 - acc: 0.8834 - val_loss: 0.2582 - val_acc: 0.8979
Epoch 73/500
65s - loss: 0.3387 - acc: 0.8813 - val_loss: 0.2588 - val_acc: 0.8979
Epoch 74/500
65s - loss: 0.3314 - acc: 0.8797 - val_loss: 0.2602 - val_acc: 0.8979
Epoch 75/500
65s - loss: 0.3235 - acc: 0.8834 - val_loss: 0.2591 - val_acc: 0.8979
Training loss for fold 18 is 0.2456616514293771 with percent 91.21052630324112
Testing loss for fold 18 is 0.25355343572403255 with percent 89.89473680446022
 
No saved trial for kfold.
Train on 3800 samples, validate on 950 samples
Epoch 1/500
65s - loss: 0.3433 - acc: 0.8753 - val_loss: 0.2473 - val_acc: 0.9189
Epoch 2/500
65s - loss: 0.3403 - acc: 0.8784 - val_loss: 0.2508 - val_acc: 0.9189
Epoch 3/500
65s - loss: 0.3295 - acc: 0.8879 - val_loss: 0.2486 - val_acc: 0.9200
Epoch 4/500
65s - loss: 0.3395 - acc: 0.8832 - val_loss: 0.2472 - val_acc: 0.9200
Epoch 5/500
65s - loss: 0.3295 - acc: 0.8776 - val_loss: 0.2498 - val_acc: 0.9179
Epoch 6/500
65s - loss: 0.3299 - acc: 0.8797 - val_loss: 0.2482 - val_acc: 0.9189
Epoch 7/500
65s - loss: 0.3181 - acc: 0.8821 - val_loss: 0.2479 - val_acc: 0.9179
Epoch 8/500
65s - loss: 0.3413 - acc: 0.8774 - val_loss: 0.2528 - val_acc: 0.9158
Epoch 9/500
65s - loss: 0.3335 - acc: 0.8811 - val_loss: 0.2521 - val_acc: 0.9168
Epoch 10/500
65s - loss: 0.3331 - acc: 0.8850 - val_loss: 0.2510 - val_acc: 0.9179
Epoch 11/500
65s - loss: 0.3385 - acc: 0.8803 - val_loss: 0.2492 - val_acc: 0.9200
Epoch 12/500
65s - loss: 0.3375 - acc: 0.8816 - val_loss: 0.2473 - val_acc: 0.9189
Epoch 13/500
65s - loss: 0.3398 - acc: 0.8768 - val_loss: 0.2517 - val_acc: 0.9179
Epoch 14/500
65s - loss: 0.3315 - acc: 0.8832 - val_loss: 0.2507 - val_acc: 0.9168
Epoch 15/500
65s - loss: 0.3274 - acc: 0.8887 - val_loss: 0.2473 - val_acc: 0.9189
Epoch 16/500
65s - loss: 0.3229 - acc: 0.8905 - val_loss: 0.2540 - val_acc: 0.9158
Epoch 17/500
65s - loss: 0.3398 - acc: 0.8808 - val_loss: 0.2519 - val_acc: 0.9168
Epoch 18/500
65s - loss: 0.3281 - acc: 0.8829 - val_loss: 0.2511 - val_acc: 0.9189
Epoch 19/500
65s - loss: 0.3281 - acc: 0.8821 - val_loss: 0.2484 - val_acc: 0.9189
Epoch 20/500
65s - loss: 0.3453 - acc: 0.8739 - val_loss: 0.2519 - val_acc: 0.9179
Epoch 21/500
65s - loss: 0.3376 - acc: 0.8832 - val_loss: 0.2496 - val_acc: 0.9189
Epoch 22/500
65s - loss: 0.3340 - acc: 0.8808 - val_loss: 0.2470 - val_acc: 0.9189
Epoch 23/500
65s - loss: 0.3497 - acc: 0.8758 - val_loss: 0.2472 - val_acc: 0.9200
Epoch 24/500
65s - loss: 0.3444 - acc: 0.8729 - val_loss: 0.2481 - val_acc: 0.9189
Epoch 25/500
65s - loss: 0.3253 - acc: 0.8811 - val_loss: 0.2512 - val_acc: 0.9179
Epoch 26/500
65s - loss: 0.3409 - acc: 0.8732 - val_loss: 0.2483 - val_acc: 0.9189
Epoch 27/500
65s - loss: 0.3139 - acc: 0.8805 - val_loss: 0.2491 - val_acc: 0.9179
Epoch 28/500
65s - loss: 0.3332 - acc: 0.8842 - val_loss: 0.2500 - val_acc: 0.9200
Epoch 29/500
65s - loss: 0.3262 - acc: 0.8829 - val_loss: 0.2485 - val_acc: 0.9189
Epoch 30/500
65s - loss: 0.3501 - acc: 0.8779 - val_loss: 0.2498 - val_acc: 0.9200
Epoch 31/500
65s - loss: 0.3305 - acc: 0.8805 - val_loss: 0.2500 - val_acc: 0.9200
Epoch 32/500
65s - loss: 0.3361 - acc: 0.8779 - val_loss: 0.2493 - val_acc: 0.9200
Epoch 33/500
65s - loss: 0.3218 - acc: 0.8837 - val_loss: 0.2504 - val_acc: 0.9189
Epoch 34/500
65s - loss: 0.3312 - acc: 0.8842 - val_loss: 0.2529 - val_acc: 0.9179
Epoch 35/500
65s - loss: 0.3281 - acc: 0.8829 - val_loss: 0.2495 - val_acc: 0.9189
Epoch 36/500
65s - loss: 0.3386 - acc: 0.8795 - val_loss: 0.2510 - val_acc: 0.9168
Epoch 37/500
65s - loss: 0.3338 - acc: 0.8824 - val_loss: 0.2538 - val_acc: 0.9158
Epoch 38/500
65s - loss: 0.3280 - acc: 0.8879 - val_loss: 0.2517 - val_acc: 0.9179
Epoch 39/500
65s - loss: 0.3229 - acc: 0.8879 - val_loss: 0.2514 - val_acc: 0.9189
Epoch 40/500
65s - loss: 0.3183 - acc: 0.8845 - val_loss: 0.2488 - val_acc: 0.9189
Epoch 41/500
65s - loss: 0.3363 - acc: 0.8792 - val_loss: 0.2479 - val_acc: 0.9179
Epoch 42/500
65s - loss: 0.3353 - acc: 0.8782 - val_loss: 0.2483 - val_acc: 0.9189
Epoch 43/500
65s - loss: 0.3354 - acc: 0.8789 - val_loss: 0.2500 - val_acc: 0.9189
Epoch 44/500
65s - loss: 0.3348 - acc: 0.8787 - val_loss: 0.2499 - val_acc: 0.9168
Epoch 45/500
65s - loss: 0.3203 - acc: 0.8834 - val_loss: 0.2496 - val_acc: 0.9168
Epoch 46/500
65s - loss: 0.3267 - acc: 0.8871 - val_loss: 0.2522 - val_acc: 0.9158
Epoch 47/500
65s - loss: 0.3232 - acc: 0.8829 - val_loss: 0.2525 - val_acc: 0.9147
Epoch 48/500
65s - loss: 0.3446 - acc: 0.8800 - val_loss: 0.2480 - val_acc: 0.9168
Epoch 49/500
65s - loss: 0.3358 - acc: 0.8811 - val_loss: 0.2513 - val_acc: 0.9147
Epoch 50/500
65s - loss: 0.3270 - acc: 0.8824 - val_loss: 0.2510 - val_acc: 0.9168
Epoch 51/500
65s - loss: 0.3051 - acc: 0.8953 - val_loss: 0.2497 - val_acc: 0.9179
Epoch 52/500
65s - loss: 0.3313 - acc: 0.8879 - val_loss: 0.2487 - val_acc: 0.9200
Epoch 53/500
65s - loss: 0.3220 - acc: 0.8834 - val_loss: 0.2485 - val_acc: 0.9200
Epoch 54/500
65s - loss: 0.3303 - acc: 0.8842 - val_loss: 0.2503 - val_acc: 0.9179
Epoch 55/500
65s - loss: 0.3356 - acc: 0.8868 - val_loss: 0.2488 - val_acc: 0.9200
Epoch 56/500
65s - loss: 0.3270 - acc: 0.8826 - val_loss: 0.2520 - val_acc: 0.9179
Epoch 57/500
65s - loss: 0.3393 - acc: 0.8803 - val_loss: 0.2486 - val_acc: 0.9168
Epoch 58/500
65s - loss: 0.3369 - acc: 0.8808 - val_loss: 0.2553 - val_acc: 0.9179
Epoch 59/500
65s - loss: 0.3228 - acc: 0.8850 - val_loss: 0.2530 - val_acc: 0.9179
Epoch 60/500
65s - loss: 0.3365 - acc: 0.8813 - val_loss: 0.2536 - val_acc: 0.9179
Epoch 61/500
65s - loss: 0.3513 - acc: 0.8753 - val_loss: 0.2522 - val_acc: 0.9179
Epoch 62/500
65s - loss: 0.3244 - acc: 0.8808 - val_loss: 0.2536 - val_acc: 0.9147
Epoch 63/500
65s - loss: 0.3216 - acc: 0.8811 - val_loss: 0.2493 - val_acc: 0.9189
Epoch 64/500
65s - loss: 0.3202 - acc: 0.8874 - val_loss: 0.2494 - val_acc: 0.9189
Epoch 65/500
65s - loss: 0.3356 - acc: 0.8800 - val_loss: 0.2500 - val_acc: 0.9179
Epoch 66/500
65s - loss: 0.3247 - acc: 0.8834 - val_loss: 0.2467 - val_acc: 0.9189
Epoch 67/500
65s - loss: 0.3474 - acc: 0.8795 - val_loss: 0.2494 - val_acc: 0.9168
Epoch 68/500
65s - loss: 0.3301 - acc: 0.8808 - val_loss: 0.2481 - val_acc: 0.9179
Epoch 69/500
65s - loss: 0.3286 - acc: 0.8803 - val_loss: 0.2479 - val_acc: 0.9200
Epoch 70/500
65s - loss: 0.3239 - acc: 0.8818 - val_loss: 0.2491 - val_acc: 0.9179
Epoch 71/500
65s - loss: 0.3296 - acc: 0.8816 - val_loss: 0.2532 - val_acc: 0.9179
Epoch 72/500
65s - loss: 0.3369 - acc: 0.8766 - val_loss: 0.2498 - val_acc: 0.9189
Epoch 73/500
65s - loss: 0.3246 - acc: 0.8847 - val_loss: 0.2488 - val_acc: 0.9179
Epoch 74/500
65s - loss: 0.3392 - acc: 0.8750 - val_loss: 0.2516 - val_acc: 0.9179
Epoch 75/500
66s - loss: 0.3241 - acc: 0.8897 - val_loss: 0.2509 - val_acc: 0.9158
Epoch 76/500
65s - loss: 0.3231 - acc: 0.8863 - val_loss: 0.2522 - val_acc: 0.9137
Epoch 77/500
65s - loss: 0.3336 - acc: 0.8789 - val_loss: 0.2520 - val_acc: 0.9189
Epoch 78/500
65s - loss: 0.3417 - acc: 0.8787 - val_loss: 0.2478 - val_acc: 0.9189
Epoch 79/500
65s - loss: 0.3398 - acc: 0.8792 - val_loss: 0.2501 - val_acc: 0.9168
Epoch 80/500
65s - loss: 0.3387 - acc: 0.8803 - val_loss: 0.2481 - val_acc: 0.9168
Epoch 81/500
65s - loss: 0.3266 - acc: 0.8832 - val_loss: 0.2511 - val_acc: 0.9168
Epoch 82/500
65s - loss: 0.3489 - acc: 0.8808 - val_loss: 0.2504 - val_acc: 0.9179
Epoch 83/500
65s - loss: 0.3218 - acc: 0.8834 - val_loss: 0.2516 - val_acc: 0.9189
Epoch 84/500
65s - loss: 0.3409 - acc: 0.8789 - val_loss: 0.2523 - val_acc: 0.9179
Epoch 85/500
65s - loss: 0.3303 - acc: 0.8879 - val_loss: 0.2510 - val_acc: 0.9158
Epoch 86/500
65s - loss: 0.3289 - acc: 0.8808 - val_loss: 0.2488 - val_acc: 0.9189
Epoch 87/500
65s - loss: 0.3351 - acc: 0.8784 - val_loss: 0.2500 - val_acc: 0.9168
Epoch 88/500
65s - loss: 0.3270 - acc: 0.8845 - val_loss: 0.2515 - val_acc: 0.9158
Epoch 89/500
65s - loss: 0.3320 - acc: 0.8787 - val_loss: 0.2525 - val_acc: 0.9158
Epoch 90/500
65s - loss: 0.3343 - acc: 0.8850 - val_loss: 0.2528 - val_acc: 0.9137
Epoch 91/500
65s - loss: 0.3426 - acc: 0.8755 - val_loss: 0.2498 - val_acc: 0.9179
Epoch 92/500
65s - loss: 0.3344 - acc: 0.8847 - val_loss: 0.2519 - val_acc: 0.9158
Epoch 93/500
65s - loss: 0.3475 - acc: 0.8763 - val_loss: 0.2514 - val_acc: 0.9147
Epoch 94/500
65s - loss: 0.3418 - acc: 0.8758 - val_loss: 0.2533 - val_acc: 0.9158
Epoch 95/500
65s - loss: 0.3297 - acc: 0.8816 - val_loss: 0.2523 - val_acc: 0.9168
Epoch 96/500
65s - loss: 0.3200 - acc: 0.8892 - val_loss: 0.2515 - val_acc: 0.9168
Epoch 97/500
65s - loss: 0.3341 - acc: 0.8832 - val_loss: 0.2511 - val_acc: 0.9179
Epoch 98/500
65s - loss: 0.3276 - acc: 0.8845 - val_loss: 0.2488 - val_acc: 0.9168
Epoch 99/500
65s - loss: 0.3325 - acc: 0.8834 - val_loss: 0.2533 - val_acc: 0.9168
Epoch 100/500
66s - loss: 0.3286 - acc: 0.8824 - val_loss: 0.2505 - val_acc: 0.9179
Epoch 101/500
65s - loss: 0.3342 - acc: 0.8784 - val_loss: 0.2475 - val_acc: 0.9200
Epoch 102/500
65s - loss: 0.3205 - acc: 0.8889 - val_loss: 0.2514 - val_acc: 0.9168
Epoch 103/500
65s - loss: 0.3254 - acc: 0.8824 - val_loss: 0.2519 - val_acc: 0.9168
Epoch 104/500
65s - loss: 0.3274 - acc: 0.8866 - val_loss: 0.2528 - val_acc: 0.9137
Epoch 105/500
65s - loss: 0.3365 - acc: 0.8813 - val_loss: 0.2549 - val_acc: 0.9168
Epoch 106/500
65s - loss: 0.3519 - acc: 0.8700 - val_loss: 0.2552 - val_acc: 0.9147
Epoch 107/500
65s - loss: 0.3451 - acc: 0.8761 - val_loss: 0.2533 - val_acc: 0.9147
Epoch 108/500
65s - loss: 0.3424 - acc: 0.8842 - val_loss: 0.2496 - val_acc: 0.9179
Epoch 109/500
65s - loss: 0.3337 - acc: 0.8818 - val_loss: 0.2517 - val_acc: 0.9168
Epoch 110/500
65s - loss: 0.3398 - acc: 0.8813 - val_loss: 0.2523 - val_acc: 0.9158
Epoch 111/500
65s - loss: 0.3359 - acc: 0.8829 - val_loss: 0.2525 - val_acc: 0.9158
Epoch 112/500
65s - loss: 0.3313 - acc: 0.8861 - val_loss: 0.2525 - val_acc: 0.9147
Training loss for fold 19 is 0.2469204294681549 with percent 90.7368421178115
Testing loss for fold 19 is 0.2467437902249788 with percent 91.89473684210526
 
Prediction dims (20, 794, 12)
Done training kfolds. Results:
[[0.20325766 0.92447368 0.44630885 0.85684211]
 [0.23763997 0.91289474 0.25096698 0.90842105]
 [0.24788855 0.91052632 0.25355071 0.90526316]
 [0.25046692 0.90894737 0.23177724 0.91578947]
 [0.24813654 0.90815789 0.24650683 0.91578947]
 [0.24666105 0.90894737 0.25412938 0.91263158]
 [0.24923703 0.90842105 0.2460955  0.91578947]
 [0.25541447 0.90763158 0.2216315  0.91789474]
 [0.24452839 0.90894737 0.26355319 0.91157895]
 [0.24890346 0.90894737 0.24918392 0.91578947]
 [0.24545045 0.91210526 0.2658345  0.90105263]
 [0.25109966 0.91078947 0.21710889 0.91368421]
 [0.24804364 0.91263158 0.23219372 0.91263158]
 [0.24822079 0.90973684 0.23701682 0.91473684]
 [0.24987123 0.91       0.24642984 0.91157895]
 [0.25076376 0.90842105 0.23847553 0.91263158]
 [0.24743358 0.91       0.25190624 0.90842105]
 [0.25023223 0.90973684 0.22874624 0.91263158]
 [0.24566165 0.91210526 0.25355344 0.89894737]
 [0.24692043 0.90736842 0.24674379 0.91894737]]
