Using TensorFlow backend.
/users/PAS1383/osu10171/.conda/envs/local/lib/python2.7/site-packages/h5py/__init__.py:34: FutureWarning: Conversion of the second argument of issubdtype from `float` to `np.floating` is deprecated. In future, it will be treated as `np.float64 == np.dtype(float).type`.
  from ._conv import register_converters as _register_converters
 
Found train data with correct size
 
 
Found test data with correct size
 
/users/PAS1383/osu10171/.conda/envs/local/lib/python2.7/site-packages/skimage/transform/_warps.py:84: UserWarning: The default mode, 'constant', will be changed to 'reflect' in skimage 0.15.
  warn("The default mode, 'constant', will be changed to 'reflect' in "
/users/PAS1383/osu10171/.conda/envs/local/lib/python2.7/site-packages/sklearn/cross_validation.py:41: DeprecationWarning: This module was deprecated in version 0.18 in favor of the model_selection module into which all the refactored classes and functions are moved. Also note that the interface of the new CV iterators are different from that of this module. This module will be removed in 0.20.
  "This module will be removed in 0.20.", DeprecationWarning)
 
Found model
 
2018-08-07 14:28:14.736946: W tensorflow/core/platform/cpu_feature_guard.cc:45] The TensorFlow library wasn't compiled to use SSE4.1 instructions, but these are available on your machine and could speed up CPU computations.
2018-08-07 14:28:14.737287: W tensorflow/core/platform/cpu_feature_guard.cc:45] The TensorFlow library wasn't compiled to use SSE4.2 instructions, but these are available on your machine and could speed up CPU computations.
 
Pulling kfold 0 from previous runs
 
Bad saved trial. Testing acc <0.9%. Rerunning ...
 
Train on 3800 samples, validate on 950 samples
Epoch 1/500
54s - loss: 1.9743 - acc: 0.3166 - val_loss: 2.5279 - val_acc: 0.1463
Epoch 2/500
53s - loss: 1.9751 - acc: 0.3092 - val_loss: 2.4722 - val_acc: 0.1558
Epoch 3/500
53s - loss: 1.9124 - acc: 0.3300 - val_loss: 2.6010 - val_acc: 0.1484
Epoch 4/500
53s - loss: 1.8950 - acc: 0.3261 - val_loss: 2.2581 - val_acc: 0.1905
Epoch 5/500
53s - loss: 1.8736 - acc: 0.3455 - val_loss: 2.4331 - val_acc: 0.1611
Epoch 6/500
53s - loss: 1.8514 - acc: 0.3497 - val_loss: 2.3695 - val_acc: 0.1726
Epoch 7/500
53s - loss: 1.8295 - acc: 0.3587 - val_loss: 2.3401 - val_acc: 0.1895
Epoch 8/500
53s - loss: 1.8124 - acc: 0.3647 - val_loss: 2.3083 - val_acc: 0.1905
Epoch 9/500
53s - loss: 1.7680 - acc: 0.3711 - val_loss: 2.4476 - val_acc: 0.1747
Epoch 10/500
53s - loss: 1.7363 - acc: 0.3766 - val_loss: 2.3634 - val_acc: 0.1863
Epoch 11/500
53s - loss: 1.7236 - acc: 0.3839 - val_loss: 2.3382 - val_acc: 0.1958
Epoch 12/500
53s - loss: 1.6927 - acc: 0.3953 - val_loss: 2.2835 - val_acc: 0.2074
Epoch 13/500
53s - loss: 1.6825 - acc: 0.4018 - val_loss: 2.2719 - val_acc: 0.2084
Epoch 14/500
53s - loss: 1.6878 - acc: 0.3997 - val_loss: 2.3063 - val_acc: 0.1989
Epoch 15/500
53s - loss: 1.6630 - acc: 0.4063 - val_loss: 2.2145 - val_acc: 0.2284
Epoch 16/500
53s - loss: 1.6512 - acc: 0.4116 - val_loss: 2.2179 - val_acc: 0.2263
Epoch 17/500
53s - loss: 1.6595 - acc: 0.4100 - val_loss: 2.2324 - val_acc: 0.2253
Epoch 18/500
53s - loss: 1.6480 - acc: 0.4074 - val_loss: 2.2147 - val_acc: 0.2305
Epoch 19/500
54s - loss: 1.6595 - acc: 0.3968 - val_loss: 2.2357 - val_acc: 0.2221
Epoch 20/500
53s - loss: 1.6614 - acc: 0.4116 - val_loss: 2.2780 - val_acc: 0.2137
Epoch 21/500
53s - loss: 1.6491 - acc: 0.4108 - val_loss: 2.2298 - val_acc: 0.2221
Epoch 22/500
53s - loss: 1.6507 - acc: 0.4153 - val_loss: 2.2302 - val_acc: 0.2232
Epoch 23/500
53s - loss: 1.6359 - acc: 0.4055 - val_loss: 2.1892 - val_acc: 0.2305
Epoch 24/500
54s - loss: 1.6197 - acc: 0.4176 - val_loss: 2.1576 - val_acc: 0.2389
Epoch 25/500
53s - loss: 1.6282 - acc: 0.4189 - val_loss: 2.2453 - val_acc: 0.2232
Epoch 26/500
53s - loss: 1.6212 - acc: 0.4258 - val_loss: 2.2598 - val_acc: 0.2232
Epoch 27/500
53s - loss: 1.6203 - acc: 0.4211 - val_loss: 2.2026 - val_acc: 0.2305
Epoch 28/500
53s - loss: 1.6267 - acc: 0.4218 - val_loss: 2.2277 - val_acc: 0.2263
Epoch 29/500
53s - loss: 1.6197 - acc: 0.4211 - val_loss: 2.2166 - val_acc: 0.2295
Epoch 30/500
53s - loss: 1.6075 - acc: 0.4158 - val_loss: 2.2129 - val_acc: 0.2295
Epoch 31/500
53s - loss: 1.6102 - acc: 0.4161 - val_loss: 2.2198 - val_acc: 0.2295
Epoch 32/500
53s - loss: 1.6005 - acc: 0.4255 - val_loss: 2.2495 - val_acc: 0.2200
Epoch 33/500
53s - loss: 1.5823 - acc: 0.4292 - val_loss: 2.2188 - val_acc: 0.2263
Epoch 34/500
53s - loss: 1.5821 - acc: 0.4324 - val_loss: 2.2055 - val_acc: 0.2295
Epoch 35/500
53s - loss: 1.6059 - acc: 0.4258 - val_loss: 2.2169 - val_acc: 0.2274
Epoch 36/500
53s - loss: 1.5827 - acc: 0.4192 - val_loss: 2.1978 - val_acc: 0.2316
Epoch 37/500
53s - loss: 1.6098 - acc: 0.4221 - val_loss: 2.2089 - val_acc: 0.2295
Epoch 38/500
53s - loss: 1.6075 - acc: 0.4205 - val_loss: 2.1956 - val_acc: 0.2337
Epoch 39/500
53s - loss: 1.5815 - acc: 0.4287 - val_loss: 2.2040 - val_acc: 0.2316
Epoch 40/500
53s - loss: 1.6152 - acc: 0.4205 - val_loss: 2.2001 - val_acc: 0.2337
Epoch 41/500
53s - loss: 1.6004 - acc: 0.4300 - val_loss: 2.1980 - val_acc: 0.2326
Epoch 42/500
53s - loss: 1.6075 - acc: 0.4184 - val_loss: 2.2116 - val_acc: 0.2295
Epoch 43/500
53s - loss: 1.5982 - acc: 0.4247 - val_loss: 2.2023 - val_acc: 0.2316
Epoch 44/500
53s - loss: 1.6046 - acc: 0.4258 - val_loss: 2.2065 - val_acc: 0.2316
Epoch 45/500
54s - loss: 1.6034 - acc: 0.4234 - val_loss: 2.2046 - val_acc: 0.2305
Epoch 46/500
54s - loss: 1.5980 - acc: 0.4308 - val_loss: 2.2022 - val_acc: 0.2316
Epoch 47/500
53s - loss: 1.5873 - acc: 0.4300 - val_loss: 2.1999 - val_acc: 0.2326
Epoch 48/500
53s - loss: 1.5930 - acc: 0.4282 - val_loss: 2.2051 - val_acc: 0.2316
Epoch 49/500
53s - loss: 1.5994 - acc: 0.4292 - val_loss: 2.2020 - val_acc: 0.2326
Epoch 50/500
53s - loss: 1.5831 - acc: 0.4261 - val_loss: 2.2065 - val_acc: 0.2316
Epoch 51/500
53s - loss: 1.6139 - acc: 0.4258 - val_loss: 2.2085 - val_acc: 0.2295
Epoch 52/500
53s - loss: 1.6009 - acc: 0.4300 - val_loss: 2.1995 - val_acc: 0.2305
Epoch 53/500
53s - loss: 1.5956 - acc: 0.4276 - val_loss: 2.1964 - val_acc: 0.2316
Epoch 54/500
53s - loss: 1.5954 - acc: 0.4250 - val_loss: 2.2083 - val_acc: 0.2305
Epoch 55/500
53s - loss: 1.5917 - acc: 0.4392 - val_loss: 2.2059 - val_acc: 0.2316
Epoch 56/500
53s - loss: 1.6061 - acc: 0.4239 - val_loss: 2.1957 - val_acc: 0.2337
Epoch 57/500
53s - loss: 1.5884 - acc: 0.4334 - val_loss: 2.1988 - val_acc: 0.2316
Epoch 58/500
53s - loss: 1.5998 - acc: 0.4158 - val_loss: 2.1876 - val_acc: 0.2379
Epoch 59/500
53s - loss: 1.5946 - acc: 0.4287 - val_loss: 2.2068 - val_acc: 0.2295
Epoch 60/500
53s - loss: 1.5903 - acc: 0.4239 - val_loss: 2.2094 - val_acc: 0.2295
Epoch 61/500
53s - loss: 1.5902 - acc: 0.4292 - val_loss: 2.1996 - val_acc: 0.2326
Epoch 62/500
53s - loss: 1.6025 - acc: 0.4258 - val_loss: 2.2056 - val_acc: 0.2305
Epoch 63/500
53s - loss: 1.5833 - acc: 0.4311 - val_loss: 2.2139 - val_acc: 0.2295
Epoch 64/500
53s - loss: 1.6044 - acc: 0.4192 - val_loss: 2.1853 - val_acc: 0.2368
Epoch 65/500
53s - loss: 1.6261 - acc: 0.4155 - val_loss: 2.1975 - val_acc: 0.2316
Epoch 66/500
53s - loss: 1.5810 - acc: 0.4305 - val_loss: 2.2031 - val_acc: 0.2305
Epoch 67/500
53s - loss: 1.6071 - acc: 0.4213 - val_loss: 2.1926 - val_acc: 0.2326
Epoch 68/500
53s - loss: 1.6075 - acc: 0.4224 - val_loss: 2.1976 - val_acc: 0.2316
Epoch 69/500
53s - loss: 1.6071 - acc: 0.4297 - val_loss: 2.1935 - val_acc: 0.2326
Epoch 70/500
53s - loss: 1.5783 - acc: 0.4284 - val_loss: 2.2010 - val_acc: 0.2326
Epoch 71/500
53s - loss: 1.5948 - acc: 0.4216 - val_loss: 2.2052 - val_acc: 0.2284
Epoch 72/500
53s - loss: 1.6071 - acc: 0.4203 - val_loss: 2.1943 - val_acc: 0.2326
Epoch 73/500
53s - loss: 1.5887 - acc: 0.4366 - val_loss: 2.2010 - val_acc: 0.2337
Epoch 74/500
53s - loss: 1.5933 - acc: 0.4295 - val_loss: 2.2099 - val_acc: 0.2295
Epoch 75/500
53s - loss: 1.6045 - acc: 0.4258 - val_loss: 2.1960 - val_acc: 0.2326
Epoch 76/500
53s - loss: 1.5856 - acc: 0.4279 - val_loss: 2.2066 - val_acc: 0.2305
Epoch 77/500
53s - loss: 1.5894 - acc: 0.4308 - val_loss: 2.2108 - val_acc: 0.2284
Epoch 78/500
53s - loss: 1.5779 - acc: 0.4347 - val_loss: 2.2087 - val_acc: 0.2295
Epoch 79/500
53s - loss: 1.5767 - acc: 0.4247 - val_loss: 2.2110 - val_acc: 0.2284
Epoch 80/500
53s - loss: 1.5755 - acc: 0.4400 - val_loss: 2.1835 - val_acc: 0.2389
Epoch 81/500
53s - loss: 1.5956 - acc: 0.4295 - val_loss: 2.2014 - val_acc: 0.2326
Epoch 82/500
53s - loss: 1.5856 - acc: 0.4271 - val_loss: 2.1980 - val_acc: 0.2316
Epoch 83/500
53s - loss: 1.5843 - acc: 0.4361 - val_loss: 2.1847 - val_acc: 0.2389
Epoch 84/500
53s - loss: 1.5743 - acc: 0.4339 - val_loss: 2.1849 - val_acc: 0.2400
Epoch 85/500
53s - loss: 1.5804 - acc: 0.4295 - val_loss: 2.1951 - val_acc: 0.2347
Epoch 86/500
53s - loss: 1.5844 - acc: 0.4268 - val_loss: 2.2057 - val_acc: 0.2316
Epoch 87/500
54s - loss: 1.5855 - acc: 0.4274 - val_loss: 2.2008 - val_acc: 0.2326
Epoch 88/500
53s - loss: 1.5956 - acc: 0.4292 - val_loss: 2.1956 - val_acc: 0.2337
Epoch 89/500
53s - loss: 1.5905 - acc: 0.4279 - val_loss: 2.1810 - val_acc: 0.2432
Epoch 90/500
53s - loss: 1.5847 - acc: 0.4337 - val_loss: 2.1919 - val_acc: 0.2358
Epoch 91/500
53s - loss: 1.5919 - acc: 0.4350 - val_loss: 2.1884 - val_acc: 0.2358
Epoch 92/500
53s - loss: 1.5904 - acc: 0.4266 - val_loss: 2.2010 - val_acc: 0.2316
Epoch 93/500
53s - loss: 1.6005 - acc: 0.4250 - val_loss: 2.1986 - val_acc: 0.2326
Epoch 94/500
53s - loss: 1.5964 - acc: 0.4292 - val_loss: 2.1920 - val_acc: 0.2337
Epoch 95/500
53s - loss: 1.6172 - acc: 0.4132 - val_loss: 2.2025 - val_acc: 0.2337
Epoch 96/500
53s - loss: 1.5944 - acc: 0.4263 - val_loss: 2.2008 - val_acc: 0.2337
Epoch 97/500
53s - loss: 1.5924 - acc: 0.4266 - val_loss: 2.2078 - val_acc: 0.2295
Epoch 98/500
53s - loss: 1.5981 - acc: 0.4218 - val_loss: 2.1913 - val_acc: 0.2368
Epoch 99/500
53s - loss: 1.5844 - acc: 0.4339 - val_loss: 2.2076 - val_acc: 0.2305
Epoch 100/500
53s - loss: 1.5922 - acc: 0.4250 - val_loss: 2.1971 - val_acc: 0.2326
Epoch 101/500
53s - loss: 1.5788 - acc: 0.4350 - val_loss: 2.1944 - val_acc: 0.2326
Epoch 102/500
53s - loss: 1.5814 - acc: 0.4218 - val_loss: 2.2068 - val_acc: 0.2316
Epoch 103/500
53s - loss: 1.5903 - acc: 0.4271 - val_loss: 2.2022 - val_acc: 0.2347
Epoch 104/500
53s - loss: 1.5842 - acc: 0.4342 - val_loss: 2.1873 - val_acc: 0.2389
Epoch 105/500
53s - loss: 1.5870 - acc: 0.4211 - val_loss: 2.1931 - val_acc: 0.2337
Epoch 106/500
53s - loss: 1.5752 - acc: 0.4258 - val_loss: 2.1939 - val_acc: 0.2368
Epoch 107/500
53s - loss: 1.6005 - acc: 0.4324 - val_loss: 2.2125 - val_acc: 0.2295
Epoch 108/500
53s - loss: 1.5914 - acc: 0.4339 - val_loss: 2.2158 - val_acc: 0.2274
Epoch 109/500
53s - loss: 1.5952 - acc: 0.4166 - val_loss: 2.1948 - val_acc: 0.2368
Epoch 110/500
53s - loss: 1.5965 - acc: 0.4232 - val_loss: 2.1955 - val_acc: 0.2379
Epoch 111/500
53s - loss: 1.5959 - acc: 0.4337 - val_loss: 2.2039 - val_acc: 0.2326
Epoch 112/500
53s - loss: 1.5964 - acc: 0.4308 - val_loss: 2.1877 - val_acc: 0.2389
Epoch 113/500
53s - loss: 1.5820 - acc: 0.4337 - val_loss: 2.1910 - val_acc: 0.2347
Epoch 114/500
53s - loss: 1.5867 - acc: 0.4261 - val_loss: 2.2007 - val_acc: 0.2326
Epoch 115/500
53s - loss: 1.6005 - acc: 0.4266 - val_loss: 2.2064 - val_acc: 0.2295
Epoch 116/500
53s - loss: 1.5779 - acc: 0.4468 - val_loss: 2.1987 - val_acc: 0.2337
Epoch 117/500
53s - loss: 1.5931 - acc: 0.4216 - val_loss: 2.1847 - val_acc: 0.2421
Epoch 118/500
53s - loss: 1.6001 - acc: 0.4216 - val_loss: 2.2050 - val_acc: 0.2316
Epoch 119/500
53s - loss: 1.5888 - acc: 0.4350 - val_loss: 2.2100 - val_acc: 0.2305
Epoch 120/500
53s - loss: 1.5989 - acc: 0.4224 - val_loss: 2.1882 - val_acc: 0.2411
Epoch 121/500
53s - loss: 1.5958 - acc: 0.4289 - val_loss: 2.1843 - val_acc: 0.2411
Epoch 122/500
53s - loss: 1.6003 - acc: 0.4142 - val_loss: 2.2034 - val_acc: 0.2326
Epoch 123/500
53s - loss: 1.5880 - acc: 0.4350 - val_loss: 2.1913 - val_acc: 0.2400
Epoch 124/500
53s - loss: 1.6059 - acc: 0.4182 - val_loss: 2.1884 - val_acc: 0.2347
Epoch 125/500
53s - loss: 1.5887 - acc: 0.4289 - val_loss: 2.2020 - val_acc: 0.2326
Epoch 126/500
53s - loss: 1.5996 - acc: 0.4279 - val_loss: 2.1858 - val_acc: 0.2389
Epoch 127/500
53s - loss: 1.5981 - acc: 0.4139 - val_loss: 2.1974 - val_acc: 0.2347
Epoch 128/500
53s - loss: 1.5783 - acc: 0.4295 - val_loss: 2.1949 - val_acc: 0.2347
Epoch 129/500
53s - loss: 1.5708 - acc: 0.4350 - val_loss: 2.1966 - val_acc: 0.2368
Epoch 130/500
53s - loss: 1.5725 - acc: 0.4368 - val_loss: 2.2058 - val_acc: 0.2316
Epoch 131/500
53s - loss: 1.5941 - acc: 0.4321 - val_loss: 2.2093 - val_acc: 0.2316
Epoch 132/500
53s - loss: 1.6025 - acc: 0.4200 - val_loss: 2.2049 - val_acc: 0.2316
Epoch 133/500
53s - loss: 1.5852 - acc: 0.4339 - val_loss: 2.2033 - val_acc: 0.2337
Epoch 134/500
53s - loss: 1.5876 - acc: 0.4318 - val_loss: 2.1955 - val_acc: 0.2358
Epoch 135/500
53s - loss: 1.5675 - acc: 0.4466 - val_loss: 2.1982 - val_acc: 0.2347
Epoch 136/500
53s - loss: 1.5864 - acc: 0.4297 - val_loss: 2.1984 - val_acc: 0.2326
Epoch 137/500
53s - loss: 1.5888 - acc: 0.4305 - val_loss: 2.1967 - val_acc: 0.2358
Epoch 138/500
53s - loss: 1.5968 - acc: 0.4295 - val_loss: 2.1955 - val_acc: 0.2368
Epoch 139/500
53s - loss: 1.5949 - acc: 0.4258 - val_loss: 2.2008 - val_acc: 0.2326
Epoch 140/500
53s - loss: 1.5757 - acc: 0.4358 - val_loss: 2.2052 - val_acc: 0.2358
Epoch 141/500
53s - loss: 1.5947 - acc: 0.4300 - val_loss: 2.1871 - val_acc: 0.2389
Epoch 142/500
53s - loss: 1.5900 - acc: 0.4261 - val_loss: 2.2042 - val_acc: 0.2316
Epoch 143/500
53s - loss: 1.5937 - acc: 0.4287 - val_loss: 2.1984 - val_acc: 0.2347
Epoch 144/500
53s - loss: 1.5927 - acc: 0.4321 - val_loss: 2.1870 - val_acc: 0.2411
Epoch 145/500
53s - loss: 1.5918 - acc: 0.4389 - val_loss: 2.1855 - val_acc: 0.2432
Epoch 146/500
53s - loss: 1.5902 - acc: 0.4268 - val_loss: 2.1896 - val_acc: 0.2411
Epoch 147/500
53s - loss: 1.5832 - acc: 0.4282 - val_loss: 2.1913 - val_acc: 0.2411
Epoch 148/500
53s - loss: 1.5922 - acc: 0.4337 - val_loss: 2.1963 - val_acc: 0.2368
Epoch 149/500
53s - loss: 1.5775 - acc: 0.4387 - val_loss: 2.1955 - val_acc: 0.2368
Epoch 150/500
53s - loss: 1.5857 - acc: 0.4242 - val_loss: 2.2060 - val_acc: 0.2337
Epoch 151/500
53s - loss: 1.5903 - acc: 0.4216 - val_loss: 2.2020 - val_acc: 0.2337
Epoch 152/500
53s - loss: 1.5901 - acc: 0.4308 - val_loss: 2.1999 - val_acc: 0.2358
Epoch 153/500
53s - loss: 1.5802 - acc: 0.4363 - val_loss: 2.2000 - val_acc: 0.2358
Epoch 154/500
53s - loss: 1.5624 - acc: 0.4421 - val_loss: 2.1888 - val_acc: 0.2368
Epoch 155/500
54s - loss: 1.6067 - acc: 0.4113 - val_loss: 2.1984 - val_acc: 0.2347
Epoch 156/500
53s - loss: 1.5774 - acc: 0.4466 - val_loss: 2.1978 - val_acc: 0.2358
Epoch 157/500
53s - loss: 1.5844 - acc: 0.4200 - val_loss: 2.1995 - val_acc: 0.2316
Epoch 158/500
53s - loss: 1.5943 - acc: 0.4229 - val_loss: 2.1801 - val_acc: 0.2432
Epoch 159/500
53s - loss: 1.5860 - acc: 0.4289 - val_loss: 2.1914 - val_acc: 0.2368
Epoch 160/500
53s - loss: 1.5773 - acc: 0.4258 - val_loss: 2.2117 - val_acc: 0.2326
Epoch 161/500
53s - loss: 1.5927 - acc: 0.4279 - val_loss: 2.2026 - val_acc: 0.2347
Epoch 162/500
53s - loss: 1.5805 - acc: 0.4245 - val_loss: 2.1988 - val_acc: 0.2368
Epoch 163/500
53s - loss: 1.5946 - acc: 0.4305 - val_loss: 2.2030 - val_acc: 0.2358
Epoch 164/500
53s - loss: 1.5886 - acc: 0.4134 - val_loss: 2.2112 - val_acc: 0.2326
Epoch 165/500
53s - loss: 1.5900 - acc: 0.4332 - val_loss: 2.2100 - val_acc: 0.2316
Epoch 166/500
53s - loss: 1.5834 - acc: 0.4226 - val_loss: 2.1964 - val_acc: 0.2347
Epoch 167/500
53s - loss: 1.5665 - acc: 0.4442 - val_loss: 2.2039 - val_acc: 0.2326
Epoch 168/500
53s - loss: 1.5856 - acc: 0.4350 - val_loss: 2.2030 - val_acc: 0.2326
Epoch 169/500
53s - loss: 1.5786 - acc: 0.4282 - val_loss: 2.1942 - val_acc: 0.2368
Epoch 170/500
53s - loss: 1.5822 - acc: 0.4313 - val_loss: 2.1990 - val_acc: 0.2347
Epoch 171/500
53s - loss: 1.5676 - acc: 0.4353 - val_loss: 2.1941 - val_acc: 0.2358
Epoch 172/500
53s - loss: 1.5904 - acc: 0.4374 - val_loss: 2.2062 - val_acc: 0.2337
Epoch 173/500
53s - loss: 1.5829 - acc: 0.4261 - val_loss: 2.2106 - val_acc: 0.2316
Epoch 174/500
53s - loss: 1.5882 - acc: 0.4253 - val_loss: 2.1862 - val_acc: 0.2400
Epoch 175/500
53s - loss: 1.5802 - acc: 0.4305 - val_loss: 2.1841 - val_acc: 0.2400
Epoch 176/500
53s - loss: 1.5598 - acc: 0.4439 - val_loss: 2.1956 - val_acc: 0.2389
Epoch 177/500
53s - loss: 1.5880 - acc: 0.4361 - val_loss: 2.1872 - val_acc: 0.2400
Epoch 178/500
53s - loss: 1.5980 - acc: 0.4245 - val_loss: 2.2041 - val_acc: 0.2358
Epoch 179/500
53s - loss: 1.5841 - acc: 0.4289 - val_loss: 2.1986 - val_acc: 0.2389
Epoch 180/500
53s - loss: 1.5732 - acc: 0.4292 - val_loss: 2.2062 - val_acc: 0.2358
Epoch 181/500
53s - loss: 1.5946 - acc: 0.4145 - val_loss: 2.1781 - val_acc: 0.2474
Epoch 182/500
53s - loss: 1.6133 - acc: 0.4113 - val_loss: 2.1836 - val_acc: 0.2463
Epoch 183/500
53s - loss: 1.5882 - acc: 0.4395 - val_loss: 2.1984 - val_acc: 0.2400
Epoch 184/500
53s - loss: 1.6023 - acc: 0.4297 - val_loss: 2.2073 - val_acc: 0.2337
Epoch 185/500
53s - loss: 1.5897 - acc: 0.4316 - val_loss: 2.1875 - val_acc: 0.2411
Epoch 186/500
53s - loss: 1.5956 - acc: 0.4247 - val_loss: 2.2048 - val_acc: 0.2358
Epoch 187/500
53s - loss: 1.5794 - acc: 0.4413 - val_loss: 2.1960 - val_acc: 0.2400
Epoch 188/500
53s - loss: 1.5914 - acc: 0.4305 - val_loss: 2.1856 - val_acc: 0.2432
Epoch 189/500
53s - loss: 1.6031 - acc: 0.4266 - val_loss: 2.1914 - val_acc: 0.2411
Epoch 190/500
53s - loss: 1.5734 - acc: 0.4279 - val_loss: 2.2126 - val_acc: 0.2337
Epoch 191/500
53s - loss: 1.5900 - acc: 0.4221 - val_loss: 2.1905 - val_acc: 0.2421
Epoch 192/500
53s - loss: 1.5938 - acc: 0.4253 - val_loss: 2.1848 - val_acc: 0.2432
Epoch 193/500
53s - loss: 1.5837 - acc: 0.4318 - val_loss: 2.1858 - val_acc: 0.2411
Epoch 194/500
53s - loss: 1.5912 - acc: 0.4337 - val_loss: 2.2007 - val_acc: 0.2389
Epoch 195/500
53s - loss: 1.5841 - acc: 0.4266 - val_loss: 2.1959 - val_acc: 0.2400
Epoch 196/500
53s - loss: 1.5767 - acc: 0.4392 - val_loss: 2.1900 - val_acc: 0.2400
Epoch 197/500
53s - loss: 1.6013 - acc: 0.4263 - val_loss: 2.1975 - val_acc: 0.2368
Epoch 198/500
53s - loss: 1.5843 - acc: 0.4366 - val_loss: 2.1926 - val_acc: 0.2400
Epoch 199/500
53s - loss: 1.5797 - acc: 0.4332 - val_loss: 2.2026 - val_acc: 0.2389
Epoch 200/500
53s - loss: 1.5720 - acc: 0.4345 - val_loss: 2.1978 - val_acc: 0.2411
Epoch 201/500
53s - loss: 1.5951 - acc: 0.4224 - val_loss: 2.1897 - val_acc: 0.2421
Epoch 202/500
53s - loss: 1.5588 - acc: 0.4513 - val_loss: 2.2053 - val_acc: 0.2358
Epoch 203/500
53s - loss: 1.5885 - acc: 0.4363 - val_loss: 2.1948 - val_acc: 0.2389
Epoch 204/500
53s - loss: 1.5849 - acc: 0.4361 - val_loss: 2.1972 - val_acc: 0.2358
Epoch 205/500
53s - loss: 1.5878 - acc: 0.4221 - val_loss: 2.2026 - val_acc: 0.2368
Epoch 206/500
53s - loss: 1.5857 - acc: 0.4313 - val_loss: 2.1951 - val_acc: 0.2389
Epoch 207/500
53s - loss: 1.5994 - acc: 0.4216 - val_loss: 2.1965 - val_acc: 0.2400
Epoch 208/500
53s - loss: 1.5909 - acc: 0.4247 - val_loss: 2.1859 - val_acc: 0.2432
Epoch 209/500
53s - loss: 1.5909 - acc: 0.4289 - val_loss: 2.1977 - val_acc: 0.2358
Epoch 210/500
53s - loss: 1.5659 - acc: 0.4371 - val_loss: 2.1867 - val_acc: 0.2421
Epoch 211/500
53s - loss: 1.5762 - acc: 0.4345 - val_loss: 2.1962 - val_acc: 0.2411
Epoch 212/500
53s - loss: 1.5807 - acc: 0.4374 - val_loss: 2.1948 - val_acc: 0.2400
Epoch 213/500
53s - loss: 1.5850 - acc: 0.4292 - val_loss: 2.2010 - val_acc: 0.2411
Epoch 214/500
53s - loss: 1.5795 - acc: 0.4261 - val_loss: 2.1860 - val_acc: 0.2421
Epoch 215/500
53s - loss: 1.5703 - acc: 0.4482 - val_loss: 2.1891 - val_acc: 0.2411
Epoch 216/500
53s - loss: 1.5887 - acc: 0.4339 - val_loss: 2.1834 - val_acc: 0.2432
Epoch 217/500
53s - loss: 1.5792 - acc: 0.4379 - val_loss: 2.1878 - val_acc: 0.2411
Epoch 218/500
53s - loss: 1.5792 - acc: 0.4347 - val_loss: 2.1892 - val_acc: 0.2421
Epoch 219/500
53s - loss: 1.5883 - acc: 0.4234 - val_loss: 2.1975 - val_acc: 0.2400
Epoch 220/500
53s - loss: 1.5596 - acc: 0.4379 - val_loss: 2.2016 - val_acc: 0.2442
Epoch 221/500
53s - loss: 1.5783 - acc: 0.4316 - val_loss: 2.1862 - val_acc: 0.2432
Epoch 222/500
53s - loss: 1.5633 - acc: 0.4408 - val_loss: 2.1924 - val_acc: 0.2421
Epoch 223/500
53s - loss: 1.5798 - acc: 0.4282 - val_loss: 2.1874 - val_acc: 0.2453
Epoch 224/500
53s - loss: 1.5578 - acc: 0.4424 - val_loss: 2.1832 - val_acc: 0.2463
Epoch 225/500
53s - loss: 1.5775 - acc: 0.4366 - val_loss: 2.1942 - val_acc: 0.2411
Epoch 226/500
53s - loss: 1.5887 - acc: 0.4329 - val_loss: 2.2079 - val_acc: 0.2400
Epoch 227/500
53s - loss: 1.5579 - acc: 0.4397 - val_loss: 2.1861 - val_acc: 0.2421
Epoch 228/500
53s - loss: 1.5886 - acc: 0.4326 - val_loss: 2.1880 - val_acc: 0.2432
Epoch 229/500
53s - loss: 1.5856 - acc: 0.4253 - val_loss: 2.1969 - val_acc: 0.2411
Epoch 230/500
53s - loss: 1.5649 - acc: 0.4466 - val_loss: 2.1920 - val_acc: 0.2411
Epoch 231/500
